<?xml version="1.0" encoding="UTF-8"?>
<!-- Generated by org.testng.reporters.JUnitXMLReporter -->
<testsuite hostname="EPUALVIW1612" tests="1000" failures="0" timestamp="7 Nov 2016 09:31:52 GMT" time="630.751" errors="0">
  <testcase name="micoachMigrationTest" time="5.763" classname="MicoachMigrationTest"/>
  <testcase name="micoachMigrationTest" time="6.395" classname="MicoachMigrationTest"/>
  <testcase name="micoachMigrationTest" time="6.478" classname="MicoachMigrationTest"/>
  <testcase name="micoachMigrationTest" time="6.564" classname="MicoachMigrationTest"/>
  <testcase name="micoachMigrationTest" time="7.494" classname="MicoachMigrationTest"/>
  <testcase name="micoachMigrationTest" time="8.417" classname="MicoachMigrationTest"/>
  <testcase name="micoachMigrationTest" time="8.442" classname="MicoachMigrationTest"/>
  <testcase name="micoachMigrationTest" time="8.448" classname="MicoachMigrationTest"/>
  <testcase name="micoachMigrationTest" time="8.849" classname="MicoachMigrationTest"/>
  <testcase name="micoachMigrationTest" time="5.626" classname="MicoachMigrationTest"/>
  <testcase name="micoachMigrationTest" time="5.555" classname="MicoachMigrationTest"/>
  <testcase name="micoachMigrationTest" time="12.351" classname="MicoachMigrationTest"/>
  <testcase name="micoachMigrationTest" time="6.156" classname="MicoachMigrationTest"/>
  <testcase name="micoachMigrationTest" time="4.75" classname="MicoachMigrationTest"/>
  <testcase name="micoachMigrationTest" time="5.419" classname="MicoachMigrationTest"/>
  <testcase name="micoachMigrationTest" time="6.879" classname="MicoachMigrationTest"/>
  <testcase name="micoachMigrationTest" time="6.803" classname="MicoachMigrationTest"/>
  <testcase name="micoachMigrationTest" time="10.79" classname="MicoachMigrationTest"/>
  <testcase name="micoachMigrationTest" time="4.856" classname="MicoachMigrationTest"/>
  <testcase name="micoachMigrationTest" time="6.004" classname="MicoachMigrationTest"/>
  <testcase name="micoachMigrationTest" time="6.22" classname="MicoachMigrationTest"/>
  <testcase name="micoachMigrationTest" time="12.13" classname="MicoachMigrationTest"/>
  <testcase name="micoachMigrationTest" time="6.32" classname="MicoachMigrationTest"/>
  <testcase name="micoachMigrationTest" time="9.175" classname="MicoachMigrationTest"/>
  <testcase name="micoachMigrationTest" time="8.205" classname="MicoachMigrationTest"/>
  <testcase name="micoachMigrationTest" time="6.906" classname="MicoachMigrationTest"/>
  <testcase name="micoachMigrationTest" time="4.551" classname="MicoachMigrationTest"/>
  <testcase name="micoachMigrationTest" time="11.893" classname="MicoachMigrationTest"/>
  <testcase name="micoachMigrationTest" time="4.88" classname="MicoachMigrationTest"/>
  <testcase name="micoachMigrationTest" time="6.421" classname="MicoachMigrationTest"/>
  <testcase name="micoachMigrationTest" time="7.853" classname="MicoachMigrationTest"/>
  <testcase name="micoachMigrationTest" time="4.85" classname="MicoachMigrationTest"/>
  <testcase name="micoachMigrationTest" time="4.756" classname="MicoachMigrationTest"/>
  <testcase name="micoachMigrationTest" time="5.852" classname="MicoachMigrationTest"/>
  <testcase name="micoachMigrationTest" time="10.94" classname="MicoachMigrationTest"/>
  <testcase name="micoachMigrationTest" time="6.267" classname="MicoachMigrationTest"/>
  <testcase name="micoachMigrationTest" time="4.49" classname="MicoachMigrationTest"/>
  <testcase name="micoachMigrationTest" time="6.45" classname="MicoachMigrationTest"/>
  <testcase name="micoachMigrationTest" time="7.019" classname="MicoachMigrationTest"/>
  <testcase name="micoachMigrationTest" time="5.42" classname="MicoachMigrationTest"/>
  <testcase name="micoachMigrationTest" time="5.951" classname="MicoachMigrationTest"/>
  <testcase name="micoachMigrationTest" time="6.221" classname="MicoachMigrationTest"/>
  <testcase name="micoachMigrationTest" time="6.689" classname="MicoachMigrationTest"/>
  <testcase name="micoachMigrationTest" time="12.341" classname="MicoachMigrationTest"/>
  <testcase name="micoachMigrationTest" time="7.22" classname="MicoachMigrationTest"/>
  <testcase name="micoachMigrationTest" time="4.729" classname="MicoachMigrationTest"/>
  <testcase name="micoachMigrationTest" time="5.957" classname="MicoachMigrationTest"/>
  <testcase name="micoachMigrationTest" time="11.106" classname="MicoachMigrationTest"/>
  <testcase name="micoachMigrationTest" time="4.851" classname="MicoachMigrationTest"/>
  <testcase name="micoachMigrationTest" time="9.306" classname="MicoachMigrationTest"/>
  <testcase name="micoachMigrationTest" time="4.741" classname="MicoachMigrationTest"/>
  <testcase name="micoachMigrationTest" time="7.041" classname="MicoachMigrationTest"/>
  <testcase name="micoachMigrationTest" time="6.003" classname="MicoachMigrationTest"/>
  <testcase name="micoachMigrationTest" time="7.156" classname="MicoachMigrationTest"/>
  <testcase name="micoachMigrationTest" time="4.218" classname="MicoachMigrationTest"/>
  <testcase name="micoachMigrationTest" time="5.632" classname="MicoachMigrationTest"/>
  <testcase name="micoachMigrationTest" time="6.258" classname="MicoachMigrationTest"/>
  <testcase name="micoachMigrationTest" time="4.703" classname="MicoachMigrationTest"/>
  <testcase name="micoachMigrationTest" time="7.458" classname="MicoachMigrationTest"/>
  <testcase name="micoachMigrationTest" time="5.689" classname="MicoachMigrationTest"/>
  <testcase name="micoachMigrationTest" time="5.988" classname="MicoachMigrationTest"/>
  <testcase name="micoachMigrationTest" time="12.145" classname="MicoachMigrationTest"/>
  <testcase name="micoachMigrationTest" time="6.758" classname="MicoachMigrationTest"/>
  <testcase name="micoachMigrationTest" time="5.919" classname="MicoachMigrationTest"/>
  <testcase name="micoachMigrationTest" time="10.282" classname="MicoachMigrationTest"/>
  <testcase name="micoachMigrationTest" time="2.965" classname="MicoachMigrationTest"/>
  <testcase name="micoachMigrationTest" time="6.036" classname="MicoachMigrationTest"/>
  <testcase name="micoachMigrationTest" time="4.652" classname="MicoachMigrationTest"/>
  <testcase name="micoachMigrationTest" time="3.266" classname="MicoachMigrationTest"/>
  <testcase name="micoachMigrationTest" time="2.956" classname="MicoachMigrationTest"/>
  <testcase name="micoachMigrationTest" time="6.713" classname="MicoachMigrationTest"/>
  <testcase name="micoachMigrationTest" time="2.89" classname="MicoachMigrationTest"/>
  <testcase name="micoachMigrationTest" time="2.83" classname="MicoachMigrationTest"/>
  <testcase name="micoachMigrationTest" time="3.2" classname="MicoachMigrationTest"/>
  <testcase name="micoachMigrationTest" time="11.361" classname="MicoachMigrationTest"/>
  <testcase name="micoachMigrationTest" time="6.573" classname="MicoachMigrationTest"/>
  <testcase name="micoachMigrationTest" time="2.646" classname="MicoachMigrationTest"/>
  <testcase name="micoachMigrationTest" time="2.502" classname="MicoachMigrationTest"/>
  <testcase name="micoachMigrationTest" time="2.462" classname="MicoachMigrationTest"/>
  <testcase name="micoachMigrationTest" time="2.521" classname="MicoachMigrationTest"/>
  <testcase name="micoachMigrationTest" time="2.704" classname="MicoachMigrationTest"/>
  <testcase name="micoachMigrationTest" time="2.463" classname="MicoachMigrationTest"/>
  <testcase name="micoachMigrationTest" time="2.782" classname="MicoachMigrationTest"/>
  <testcase name="micoachMigrationTest" time="2.465" classname="MicoachMigrationTest"/>
  <testcase name="micoachMigrationTest" time="2.596" classname="MicoachMigrationTest"/>
  <testcase name="micoachMigrationTest" time="2.532" classname="MicoachMigrationTest"/>
  <testcase name="micoachMigrationTest" time="2.658" classname="MicoachMigrationTest"/>
  <testcase name="micoachMigrationTest" time="10.181" classname="MicoachMigrationTest"/>
  <testcase name="micoachMigrationTest" time="3.039" classname="MicoachMigrationTest"/>
  <testcase name="micoachMigrationTest" time="9.567" classname="MicoachMigrationTest"/>
  <testcase name="micoachMigrationTest" time="4.489" classname="MicoachMigrationTest"/>
  <testcase name="micoachMigrationTest" time="4.567" classname="MicoachMigrationTest"/>
  <testcase name="micoachMigrationTest" time="6.818" classname="MicoachMigrationTest"/>
  <testcase name="micoachMigrationTest" time="10.272" classname="MicoachMigrationTest"/>
  <testcase name="micoachMigrationTest" time="5.81" classname="MicoachMigrationTest"/>
  <testcase name="micoachMigrationTest" time="6.395" classname="MicoachMigrationTest"/>
  <testcase name="micoachMigrationTest" time="5.871" classname="MicoachMigrationTest"/>
  <testcase name="micoachMigrationTest" time="4.357" classname="MicoachMigrationTest"/>
  <testcase name="micoachMigrationTest" time="9.745" classname="MicoachMigrationTest"/>
  <testcase name="micoachMigrationTest" time="4.687" classname="MicoachMigrationTest"/>
  <testcase name="micoachMigrationTest" time="6.614" classname="MicoachMigrationTest"/>
  <testcase name="micoachMigrationTest" time="4.695" classname="MicoachMigrationTest"/>
  <testcase name="micoachMigrationTest" time="6.279" classname="MicoachMigrationTest"/>
  <testcase name="micoachMigrationTest" time="6.218" classname="MicoachMigrationTest"/>
  <testcase name="micoachMigrationTest" time="12.051" classname="MicoachMigrationTest"/>
  <testcase name="micoachMigrationTest" time="4.417" classname="MicoachMigrationTest"/>
  <testcase name="micoachMigrationTest" time="5.328" classname="MicoachMigrationTest"/>
  <testcase name="micoachMigrationTest" time="5.965" classname="MicoachMigrationTest"/>
  <testcase name="micoachMigrationTest" time="4.528" classname="MicoachMigrationTest"/>
  <testcase name="micoachMigrationTest" time="4.931" classname="MicoachMigrationTest"/>
  <testcase name="micoachMigrationTest" time="11.136" classname="MicoachMigrationTest"/>
  <testcase name="micoachMigrationTest" time="7.028" classname="MicoachMigrationTest"/>
  <testcase name="micoachMigrationTest" time="5.18" classname="MicoachMigrationTest"/>
  <testcase name="micoachMigrationTest" time="5.945" classname="MicoachMigrationTest"/>
  <testcase name="micoachMigrationTest" time="6.502" classname="MicoachMigrationTest"/>
  <testcase name="micoachMigrationTest" time="10.936" classname="MicoachMigrationTest"/>
  <testcase name="micoachMigrationTest" time="5.618" classname="MicoachMigrationTest"/>
  <testcase name="micoachMigrationTest" time="6.3" classname="MicoachMigrationTest"/>
  <testcase name="micoachMigrationTest" time="9.128" classname="MicoachMigrationTest"/>
  <testcase name="micoachMigrationTest" time="6.195" classname="MicoachMigrationTest"/>
  <testcase name="micoachMigrationTest" time="5.658" classname="MicoachMigrationTest"/>
  <testcase name="micoachMigrationTest" time="5.574" classname="MicoachMigrationTest"/>
  <testcase name="micoachMigrationTest" time="6.761" classname="MicoachMigrationTest"/>
  <testcase name="micoachMigrationTest" time="7.172" classname="MicoachMigrationTest"/>
  <testcase name="micoachMigrationTest" time="7.081" classname="MicoachMigrationTest"/>
  <testcase name="micoachMigrationTest" time="4.56" classname="MicoachMigrationTest"/>
  <testcase name="micoachMigrationTest" time="10.09" classname="MicoachMigrationTest"/>
  <testcase name="micoachMigrationTest" time="6.62" classname="MicoachMigrationTest"/>
  <testcase name="micoachMigrationTest" time="4.671" classname="MicoachMigrationTest"/>
  <testcase name="micoachMigrationTest" time="4.637" classname="MicoachMigrationTest"/>
  <testcase name="micoachMigrationTest" time="6.215" classname="MicoachMigrationTest"/>
  <testcase name="micoachMigrationTest" time="4.519" classname="MicoachMigrationTest"/>
  <testcase name="micoachMigrationTest" time="7.492" classname="MicoachMigrationTest"/>
  <testcase name="micoachMigrationTest" time="6.378" classname="MicoachMigrationTest"/>
  <testcase name="micoachMigrationTest" time="5.644" classname="MicoachMigrationTest"/>
  <testcase name="micoachMigrationTest" time="11.974" classname="MicoachMigrationTest"/>
  <testcase name="micoachMigrationTest" time="6.976" classname="MicoachMigrationTest"/>
  <testcase name="micoachMigrationTest" time="6.824" classname="MicoachMigrationTest"/>
  <testcase name="micoachMigrationTest" time="5.943" classname="MicoachMigrationTest"/>
  <testcase name="micoachMigrationTest" time="5.249" classname="MicoachMigrationTest"/>
  <testcase name="micoachMigrationTest" time="11.326" classname="MicoachMigrationTest"/>
  <testcase name="micoachMigrationTest" time="4.833" classname="MicoachMigrationTest"/>
  <testcase name="micoachMigrationTest" time="6.302" classname="MicoachMigrationTest"/>
  <testcase name="micoachMigrationTest" time="9.701" classname="MicoachMigrationTest"/>
  <testcase name="micoachMigrationTest" time="4.572" classname="MicoachMigrationTest"/>
  <testcase name="micoachMigrationTest" time="6.489" classname="MicoachMigrationTest"/>
  <testcase name="micoachMigrationTest" time="6.689" classname="MicoachMigrationTest"/>
  <testcase name="micoachMigrationTest" time="4.42" classname="MicoachMigrationTest"/>
  <testcase name="micoachMigrationTest" time="5.705" classname="MicoachMigrationTest"/>
  <testcase name="micoachMigrationTest" time="4.81" classname="MicoachMigrationTest"/>
  <testcase name="micoachMigrationTest" time="6.537" classname="MicoachMigrationTest"/>
  <testcase name="micoachMigrationTest" time="4.282" classname="MicoachMigrationTest"/>
  <testcase name="micoachMigrationTest" time="9.808" classname="MicoachMigrationTest"/>
  <testcase name="micoachMigrationTest" time="6.092" classname="MicoachMigrationTest"/>
  <testcase name="micoachMigrationTest" time="6.17" classname="MicoachMigrationTest"/>
  <testcase name="micoachMigrationTest" time="6.206" classname="MicoachMigrationTest"/>
  <testcase name="micoachMigrationTest" time="2.601" classname="MicoachMigrationTest"/>
  <testcase name="micoachMigrationTest" time="10.493" classname="MicoachMigrationTest"/>
  <testcase name="micoachMigrationTest" time="4.355" classname="MicoachMigrationTest"/>
  <testcase name="micoachMigrationTest" time="7.255" classname="MicoachMigrationTest"/>
  <testcase name="micoachMigrationTest" time="5.025" classname="MicoachMigrationTest"/>
  <testcase name="micoachMigrationTest" time="3.696" classname="MicoachMigrationTest"/>
  <testcase name="micoachMigrationTest" time="3.311" classname="MicoachMigrationTest"/>
  <testcase name="micoachMigrationTest" time="6.898" classname="MicoachMigrationTest"/>
  <testcase name="micoachMigrationTest" time="2.843" classname="MicoachMigrationTest"/>
  <testcase name="micoachMigrationTest" time="6.745" classname="MicoachMigrationTest"/>
  <testcase name="micoachMigrationTest" time="3.24" classname="MicoachMigrationTest"/>
  <testcase name="micoachMigrationTest" time="10.977" classname="MicoachMigrationTest"/>
  <testcase name="micoachMigrationTest" time="2.805" classname="MicoachMigrationTest"/>
  <testcase name="micoachMigrationTest" time="2.665" classname="MicoachMigrationTest"/>
  <testcase name="micoachMigrationTest" time="2.6" classname="MicoachMigrationTest"/>
  <testcase name="micoachMigrationTest" time="3.243" classname="MicoachMigrationTest"/>
  <testcase name="micoachMigrationTest" time="2.81" classname="MicoachMigrationTest"/>
  <testcase name="micoachMigrationTest" time="2.926" classname="MicoachMigrationTest"/>
  <testcase name="micoachMigrationTest" time="2.657" classname="MicoachMigrationTest"/>
  <testcase name="micoachMigrationTest" time="2.651" classname="MicoachMigrationTest"/>
  <testcase name="micoachMigrationTest" time="2.503" classname="MicoachMigrationTest"/>
  <testcase name="micoachMigrationTest" time="2.338" classname="MicoachMigrationTest"/>
  <testcase name="micoachMigrationTest" time="10.909" classname="MicoachMigrationTest"/>
  <testcase name="micoachMigrationTest" time="2.952" classname="MicoachMigrationTest"/>
  <testcase name="micoachMigrationTest" time="2.641" classname="MicoachMigrationTest"/>
  <testcase name="micoachMigrationTest" time="2.503" classname="MicoachMigrationTest"/>
  <testcase name="micoachMigrationTest" time="4.397" classname="MicoachMigrationTest"/>
  <testcase name="micoachMigrationTest" time="11.23" classname="MicoachMigrationTest"/>
  <testcase name="micoachMigrationTest" time="4.589" classname="MicoachMigrationTest"/>
  <testcase name="micoachMigrationTest" time="6.604" classname="MicoachMigrationTest"/>
  <testcase name="micoachMigrationTest" time="6.235" classname="MicoachMigrationTest"/>
  <testcase name="micoachMigrationTest" time="6.16" classname="MicoachMigrationTest"/>
  <testcase name="micoachMigrationTest" time="5.858" classname="MicoachMigrationTest"/>
  <testcase name="micoachMigrationTest" time="8.997" classname="MicoachMigrationTest"/>
  <testcase name="micoachMigrationTest" time="11.966" classname="MicoachMigrationTest"/>
  <testcase name="micoachMigrationTest" time="4.717" classname="MicoachMigrationTest"/>
  <testcase name="micoachMigrationTest" time="5.275" classname="MicoachMigrationTest"/>
  <testcase name="micoachMigrationTest" time="10.578" classname="MicoachMigrationTest"/>
  <testcase name="micoachMigrationTest" time="5.167" classname="MicoachMigrationTest"/>
  <testcase name="micoachMigrationTest" time="6.796" classname="MicoachMigrationTest"/>
  <testcase name="micoachMigrationTest" time="5.664" classname="MicoachMigrationTest"/>
  <testcase name="micoachMigrationTest" time="8.603" classname="MicoachMigrationTest"/>
  <testcase name="micoachMigrationTest" time="4.478" classname="MicoachMigrationTest"/>
  <testcase name="micoachMigrationTest" time="6.952" classname="MicoachMigrationTest"/>
  <testcase name="micoachMigrationTest" time="4.74" classname="MicoachMigrationTest"/>
  <testcase name="micoachMigrationTest" time="9.693" classname="MicoachMigrationTest"/>
  <testcase name="micoachMigrationTest" time="5.854" classname="MicoachMigrationTest"/>
  <testcase name="micoachMigrationTest" time="4.735" classname="MicoachMigrationTest"/>
  <testcase name="micoachMigrationTest" time="5.743" classname="MicoachMigrationTest"/>
  <testcase name="micoachMigrationTest" time="10.549" classname="MicoachMigrationTest"/>
  <testcase name="micoachMigrationTest" time="4.915" classname="MicoachMigrationTest"/>
  <testcase name="micoachMigrationTest" time="6.449" classname="MicoachMigrationTest"/>
  <testcase name="micoachMigrationTest" time="6.768" classname="MicoachMigrationTest"/>
  <testcase name="micoachMigrationTest" time="5.362" classname="MicoachMigrationTest"/>
  <testcase name="micoachMigrationTest" time="7.128" classname="MicoachMigrationTest"/>
  <testcase name="micoachMigrationTest" time="5.58" classname="MicoachMigrationTest"/>
  <testcase name="micoachMigrationTest" time="7.339" classname="MicoachMigrationTest"/>
  <testcase name="micoachMigrationTest" time="5.272" classname="MicoachMigrationTest"/>
  <testcase name="micoachMigrationTest" time="11.311" classname="MicoachMigrationTest"/>
  <testcase name="micoachMigrationTest" time="7.607" classname="MicoachMigrationTest"/>
  <testcase name="micoachMigrationTest" time="7.356" classname="MicoachMigrationTest"/>
  <testcase name="micoachMigrationTest" time="10.924" classname="MicoachMigrationTest"/>
  <testcase name="micoachMigrationTest" time="10.131" classname="MicoachMigrationTest"/>
  <testcase name="micoachMigrationTest" time="6.83" classname="MicoachMigrationTest"/>
  <testcase name="micoachMigrationTest" time="4.847" classname="MicoachMigrationTest"/>
  <testcase name="micoachMigrationTest" time="5.559" classname="MicoachMigrationTest"/>
  <testcase name="micoachMigrationTest" time="5.497" classname="MicoachMigrationTest"/>
  <testcase name="micoachMigrationTest" time="7.026" classname="MicoachMigrationTest"/>
  <testcase name="micoachMigrationTest" time="6.504" classname="MicoachMigrationTest"/>
  <testcase name="micoachMigrationTest" time="5.248" classname="MicoachMigrationTest"/>
  <testcase name="micoachMigrationTest" time="5.217" classname="MicoachMigrationTest"/>
  <testcase name="micoachMigrationTest" time="7.344" classname="MicoachMigrationTest"/>
  <testcase name="micoachMigrationTest" time="7.151" classname="MicoachMigrationTest"/>
  <testcase name="micoachMigrationTest" time="6.607" classname="MicoachMigrationTest"/>
  <testcase name="micoachMigrationTest" time="13.658" classname="MicoachMigrationTest"/>
  <testcase name="micoachMigrationTest" time="5.41" classname="MicoachMigrationTest"/>
  <testcase name="micoachMigrationTest" time="4.655" classname="MicoachMigrationTest"/>
  <testcase name="micoachMigrationTest" time="7.626" classname="MicoachMigrationTest"/>
  <testcase name="micoachMigrationTest" time="12.044" classname="MicoachMigrationTest"/>
  <testcase name="micoachMigrationTest" time="10.425" classname="MicoachMigrationTest"/>
  <testcase name="micoachMigrationTest" time="7.985" classname="MicoachMigrationTest"/>
  <testcase name="micoachMigrationTest" time="4.819" classname="MicoachMigrationTest"/>
  <testcase name="micoachMigrationTest" time="6.761" classname="MicoachMigrationTest"/>
  <testcase name="micoachMigrationTest" time="7.0" classname="MicoachMigrationTest"/>
  <testcase name="micoachMigrationTest" time="9.827" classname="MicoachMigrationTest"/>
  <testcase name="micoachMigrationTest" time="6.168" classname="MicoachMigrationTest"/>
  <testcase name="micoachMigrationTest" time="10.365" classname="MicoachMigrationTest"/>
  <testcase name="micoachMigrationTest" time="5.979" classname="MicoachMigrationTest"/>
  <testcase name="micoachMigrationTest" time="7.874" classname="MicoachMigrationTest"/>
  <testcase name="micoachMigrationTest" time="4.866" classname="MicoachMigrationTest"/>
  <testcase name="micoachMigrationTest" time="14.822" classname="MicoachMigrationTest"/>
  <testcase name="micoachMigrationTest" time="7.637" classname="MicoachMigrationTest"/>
  <testcase name="micoachMigrationTest" time="5.783" classname="MicoachMigrationTest"/>
  <testcase name="micoachMigrationTest" time="11.803" classname="MicoachMigrationTest"/>
  <testcase name="micoachMigrationTest" time="7.035" classname="MicoachMigrationTest"/>
  <testcase name="micoachMigrationTest" time="7.718" classname="MicoachMigrationTest"/>
  <testcase name="micoachMigrationTest" time="2.611" classname="MicoachMigrationTest"/>
  <testcase name="micoachMigrationTest" time="6.71" classname="MicoachMigrationTest"/>
  <testcase name="micoachMigrationTest" time="5.897" classname="MicoachMigrationTest"/>
  <testcase name="micoachMigrationTest" time="2.858" classname="MicoachMigrationTest"/>
  <testcase name="micoachMigrationTest" time="3.424" classname="MicoachMigrationTest"/>
  <testcase name="micoachMigrationTest" time="3.068" classname="MicoachMigrationTest"/>
  <testcase name="micoachMigrationTest" time="2.771" classname="MicoachMigrationTest"/>
  <testcase name="micoachMigrationTest" time="7.136" classname="MicoachMigrationTest"/>
  <testcase name="micoachMigrationTest" time="2.602" classname="MicoachMigrationTest"/>
  <testcase name="micoachMigrationTest" time="2.439" classname="MicoachMigrationTest"/>
  <testcase name="micoachMigrationTest" time="2.88" classname="MicoachMigrationTest"/>
  <testcase name="micoachMigrationTest" time="3.637" classname="MicoachMigrationTest"/>
  <testcase name="micoachMigrationTest" time="2.536" classname="MicoachMigrationTest"/>
  <testcase name="micoachMigrationTest" time="2.377" classname="MicoachMigrationTest"/>
  <testcase name="micoachMigrationTest" time="12.952" classname="MicoachMigrationTest"/>
  <testcase name="micoachMigrationTest" time="2.926" classname="MicoachMigrationTest"/>
  <testcase name="micoachMigrationTest" time="2.473" classname="MicoachMigrationTest"/>
  <testcase name="micoachMigrationTest" time="3.345" classname="MicoachMigrationTest"/>
  <testcase name="micoachMigrationTest" time="2.535" classname="MicoachMigrationTest"/>
  <testcase name="micoachMigrationTest" time="2.722" classname="MicoachMigrationTest"/>
  <testcase name="micoachMigrationTest" time="2.94" classname="MicoachMigrationTest"/>
  <testcase name="micoachMigrationTest" time="2.62" classname="MicoachMigrationTest"/>
  <testcase name="micoachMigrationTest" time="11.571" classname="MicoachMigrationTest"/>
  <testcase name="micoachMigrationTest" time="9.877" classname="MicoachMigrationTest"/>
  <testcase name="micoachMigrationTest" time="4.324" classname="MicoachMigrationTest"/>
  <testcase name="micoachMigrationTest" time="10.23" classname="MicoachMigrationTest"/>
  <testcase name="micoachMigrationTest" time="5.59" classname="MicoachMigrationTest"/>
  <testcase name="micoachMigrationTest" time="6.553" classname="MicoachMigrationTest"/>
  <testcase name="micoachMigrationTest" time="6.763" classname="MicoachMigrationTest"/>
  <testcase name="micoachMigrationTest" time="6.243" classname="MicoachMigrationTest"/>
  <testcase name="micoachMigrationTest" time="9.352" classname="MicoachMigrationTest"/>
  <testcase name="micoachMigrationTest" time="4.653" classname="MicoachMigrationTest"/>
  <testcase name="micoachMigrationTest" time="6.088" classname="MicoachMigrationTest"/>
  <testcase name="micoachMigrationTest" time="4.919" classname="MicoachMigrationTest"/>
  <testcase name="micoachMigrationTest" time="7.096" classname="MicoachMigrationTest"/>
  <testcase name="micoachMigrationTest" time="10.896" classname="MicoachMigrationTest"/>
  <testcase name="micoachMigrationTest" time="6.001" classname="MicoachMigrationTest"/>
  <testcase name="micoachMigrationTest" time="5.164" classname="MicoachMigrationTest"/>
  <testcase name="micoachMigrationTest" time="5.352" classname="MicoachMigrationTest"/>
  <testcase name="micoachMigrationTest" time="5.09" classname="MicoachMigrationTest"/>
  <testcase name="micoachMigrationTest" time="6.263" classname="MicoachMigrationTest"/>
  <testcase name="micoachMigrationTest" time="4.653" classname="MicoachMigrationTest"/>
  <testcase name="micoachMigrationTest" time="4.519" classname="MicoachMigrationTest"/>
  <testcase name="micoachMigrationTest" time="6.041" classname="MicoachMigrationTest"/>
  <testcase name="micoachMigrationTest" time="10.203" classname="MicoachMigrationTest"/>
  <testcase name="micoachMigrationTest" time="4.721" classname="MicoachMigrationTest"/>
  <testcase name="micoachMigrationTest" time="6.273" classname="MicoachMigrationTest"/>
  <testcase name="micoachMigrationTest" time="6.47" classname="MicoachMigrationTest"/>
  <testcase name="micoachMigrationTest" time="11.099" classname="MicoachMigrationTest"/>
  <testcase name="micoachMigrationTest" time="6.378" classname="MicoachMigrationTest"/>
  <testcase name="micoachMigrationTest" time="5.337" classname="MicoachMigrationTest"/>
  <testcase name="micoachMigrationTest" time="9.392" classname="MicoachMigrationTest"/>
  <testcase name="micoachMigrationTest" time="6.096" classname="MicoachMigrationTest"/>
  <testcase name="micoachMigrationTest" time="4.335" classname="MicoachMigrationTest"/>
  <testcase name="micoachMigrationTest" time="6.059" classname="MicoachMigrationTest"/>
  <testcase name="micoachMigrationTest" time="5.812" classname="MicoachMigrationTest"/>
  <testcase name="micoachMigrationTest" time="5.199" classname="MicoachMigrationTest"/>
  <testcase name="micoachMigrationTest" time="6.801" classname="MicoachMigrationTest"/>
  <testcase name="micoachMigrationTest" time="6.289" classname="MicoachMigrationTest"/>
  <testcase name="micoachMigrationTest" time="4.322" classname="MicoachMigrationTest"/>
  <testcase name="micoachMigrationTest" time="10.354" classname="MicoachMigrationTest"/>
  <testcase name="micoachMigrationTest" time="5.036" classname="MicoachMigrationTest"/>
  <testcase name="micoachMigrationTest" time="6.651" classname="MicoachMigrationTest"/>
  <testcase name="micoachMigrationTest" time="4.75" classname="MicoachMigrationTest"/>
  <testcase name="micoachMigrationTest" time="6.092" classname="MicoachMigrationTest"/>
  <testcase name="micoachMigrationTest" time="5.747" classname="MicoachMigrationTest"/>
  <testcase name="micoachMigrationTest" time="4.287" classname="MicoachMigrationTest"/>
  <testcase name="micoachMigrationTest" time="4.722" classname="MicoachMigrationTest"/>
  <testcase name="micoachMigrationTest" time="6.422" classname="MicoachMigrationTest"/>
  <testcase name="micoachMigrationTest" time="7.323" classname="MicoachMigrationTest"/>
  <testcase name="micoachMigrationTest" time="12.296" classname="MicoachMigrationTest"/>
  <testcase name="micoachMigrationTest" time="4.295" classname="MicoachMigrationTest"/>
  <testcase name="micoachMigrationTest" time="7.206" classname="MicoachMigrationTest"/>
  <testcase name="micoachMigrationTest" time="7.035" classname="MicoachMigrationTest"/>
  <testcase name="micoachMigrationTest" time="10.987" classname="MicoachMigrationTest"/>
  <testcase name="micoachMigrationTest" time="5.986" classname="MicoachMigrationTest"/>
  <testcase name="micoachMigrationTest" time="5.312" classname="MicoachMigrationTest"/>
  <testcase name="micoachMigrationTest" time="9.289" classname="MicoachMigrationTest"/>
  <testcase name="micoachMigrationTest" time="4.482" classname="MicoachMigrationTest"/>
  <testcase name="micoachMigrationTest" time="6.653" classname="MicoachMigrationTest"/>
  <testcase name="micoachMigrationTest" time="4.184" classname="MicoachMigrationTest"/>
  <testcase name="micoachMigrationTest" time="5.853" classname="MicoachMigrationTest"/>
  <testcase name="micoachMigrationTest" time="6.037" classname="MicoachMigrationTest"/>
  <testcase name="micoachMigrationTest" time="4.347" classname="MicoachMigrationTest"/>
  <testcase name="micoachMigrationTest" time="5.916" classname="MicoachMigrationTest"/>
  <testcase name="micoachMigrationTest" time="4.474" classname="MicoachMigrationTest"/>
  <testcase name="micoachMigrationTest" time="6.212" classname="MicoachMigrationTest"/>
  <testcase name="micoachMigrationTest" time="10.316" classname="MicoachMigrationTest"/>
  <testcase name="micoachMigrationTest" time="5.968" classname="MicoachMigrationTest"/>
  <testcase name="micoachMigrationTest" time="6.195" classname="MicoachMigrationTest"/>
  <testcase name="micoachMigrationTest" time="4.95" classname="MicoachMigrationTest"/>
  <testcase name="micoachMigrationTest" time="10.293" classname="MicoachMigrationTest"/>
  <testcase name="micoachMigrationTest" time="3.153" classname="MicoachMigrationTest"/>
  <testcase name="micoachMigrationTest" time="5.375" classname="MicoachMigrationTest"/>
  <testcase name="micoachMigrationTest" time="7.095" classname="MicoachMigrationTest"/>
  <testcase name="micoachMigrationTest" time="6.67" classname="MicoachMigrationTest"/>
  <testcase name="micoachMigrationTest" time="3.145" classname="MicoachMigrationTest"/>
  <testcase name="micoachMigrationTest" time="6.652" classname="MicoachMigrationTest"/>
  <testcase name="micoachMigrationTest" time="2.982" classname="MicoachMigrationTest"/>
  <testcase name="micoachMigrationTest" time="2.854" classname="MicoachMigrationTest"/>
  <testcase name="micoachMigrationTest" time="10.304" classname="MicoachMigrationTest"/>
  <testcase name="micoachMigrationTest" time="2.565" classname="MicoachMigrationTest"/>
  <testcase name="micoachMigrationTest" time="2.712" classname="MicoachMigrationTest"/>
  <testcase name="micoachMigrationTest" time="2.663" classname="MicoachMigrationTest"/>
  <testcase name="micoachMigrationTest" time="3.139" classname="MicoachMigrationTest"/>
  <testcase name="micoachMigrationTest" time="2.405" classname="MicoachMigrationTest"/>
  <testcase name="micoachMigrationTest" time="2.849" classname="MicoachMigrationTest"/>
  <testcase name="micoachMigrationTest" time="3.117" classname="MicoachMigrationTest"/>
  <testcase name="micoachMigrationTest" time="3.71" classname="MicoachMigrationTest"/>
  <testcase name="micoachMigrationTest" time="3.138" classname="MicoachMigrationTest"/>
  <testcase name="micoachMigrationTest" time="9.887" classname="MicoachMigrationTest"/>
  <testcase name="micoachMigrationTest" time="2.468" classname="MicoachMigrationTest"/>
  <testcase name="micoachMigrationTest" time="3.122" classname="MicoachMigrationTest"/>
  <testcase name="micoachMigrationTest" time="2.368" classname="MicoachMigrationTest"/>
  <testcase name="micoachMigrationTest" time="2.463" classname="MicoachMigrationTest"/>
  <testcase name="micoachMigrationTest" time="2.622" classname="MicoachMigrationTest"/>
  <testcase name="micoachMigrationTest" time="9.522" classname="MicoachMigrationTest"/>
  <testcase name="micoachMigrationTest" time="4.674" classname="MicoachMigrationTest"/>
  <testcase name="micoachMigrationTest" time="4.515" classname="MicoachMigrationTest"/>
  <testcase name="micoachMigrationTest" time="6.21" classname="MicoachMigrationTest"/>
  <testcase name="micoachMigrationTest" time="10.717" classname="MicoachMigrationTest"/>
  <testcase name="micoachMigrationTest" time="6.887" classname="MicoachMigrationTest"/>
  <testcase name="micoachMigrationTest" time="6.726" classname="MicoachMigrationTest"/>
  <testcase name="micoachMigrationTest" time="4.183" classname="MicoachMigrationTest"/>
  <testcase name="micoachMigrationTest" time="6.729" classname="MicoachMigrationTest"/>
  <testcase name="micoachMigrationTest" time="4.566" classname="MicoachMigrationTest"/>
  <testcase name="micoachMigrationTest" time="11.09" classname="MicoachMigrationTest"/>
  <testcase name="micoachMigrationTest" time="6.577" classname="MicoachMigrationTest"/>
  <testcase name="micoachMigrationTest" time="4.866" classname="MicoachMigrationTest"/>
  <testcase name="micoachMigrationTest" time="4.219" classname="MicoachMigrationTest"/>
  <testcase name="micoachMigrationTest" time="11.514" classname="MicoachMigrationTest"/>
  <testcase name="micoachMigrationTest" time="6.668" classname="MicoachMigrationTest"/>
  <testcase name="micoachMigrationTest" time="7.014" classname="MicoachMigrationTest"/>
  <testcase name="micoachMigrationTest" time="4.973" classname="MicoachMigrationTest"/>
  <testcase name="micoachMigrationTest" time="6.664" classname="MicoachMigrationTest"/>
  <testcase name="micoachMigrationTest" time="5.349" classname="MicoachMigrationTest"/>
  <testcase name="micoachMigrationTest" time="5.318" classname="MicoachMigrationTest"/>
  <testcase name="micoachMigrationTest" time="11.439" classname="MicoachMigrationTest"/>
  <testcase name="micoachMigrationTest" time="6.51" classname="MicoachMigrationTest"/>
  <testcase name="micoachMigrationTest" time="6.777" classname="MicoachMigrationTest"/>
  <testcase name="micoachMigrationTest" time="6.094" classname="MicoachMigrationTest"/>
  <testcase name="micoachMigrationTest" time="6.073" classname="MicoachMigrationTest"/>
  <testcase name="micoachMigrationTest" time="12.391" classname="MicoachMigrationTest"/>
  <testcase name="micoachMigrationTest" time="10.17" classname="MicoachMigrationTest"/>
  <testcase name="micoachMigrationTest" time="7.331" classname="MicoachMigrationTest"/>
  <testcase name="micoachMigrationTest" time="8.522" classname="MicoachMigrationTest"/>
  <testcase name="micoachMigrationTest" time="8.352" classname="MicoachMigrationTest"/>
  <testcase name="micoachMigrationTest" time="7.418" classname="MicoachMigrationTest"/>
  <testcase name="micoachMigrationTest" time="8.802" classname="MicoachMigrationTest"/>
  <testcase name="micoachMigrationTest" time="7.428" classname="MicoachMigrationTest"/>
  <testcase name="micoachMigrationTest" time="8.816" classname="MicoachMigrationTest"/>
  <testcase name="micoachMigrationTest" time="8.763" classname="MicoachMigrationTest"/>
  <testcase name="micoachMigrationTest" time="14.096" classname="MicoachMigrationTest"/>
  <testcase name="micoachMigrationTest" time="8.815" classname="MicoachMigrationTest"/>
  <testcase name="micoachMigrationTest" time="7.482" classname="MicoachMigrationTest"/>
  <testcase name="micoachMigrationTest" time="7.444" classname="MicoachMigrationTest"/>
  <testcase name="micoachMigrationTest" time="7.495" classname="MicoachMigrationTest"/>
  <testcase name="micoachMigrationTest" time="9.543" classname="MicoachMigrationTest"/>
  <testcase name="micoachMigrationTest" time="14.585" classname="MicoachMigrationTest"/>
  <testcase name="micoachMigrationTest" time="9.466" classname="MicoachMigrationTest"/>
  <testcase name="micoachMigrationTest" time="11.443" classname="MicoachMigrationTest"/>
  <testcase name="micoachMigrationTest" time="7.351" classname="MicoachMigrationTest"/>
  <testcase name="micoachMigrationTest" time="7.596" classname="MicoachMigrationTest"/>
  <testcase name="micoachMigrationTest" time="9.305" classname="MicoachMigrationTest"/>
  <testcase name="micoachMigrationTest" time="9.162" classname="MicoachMigrationTest"/>
  <testcase name="micoachMigrationTest" time="15.724" classname="MicoachMigrationTest"/>
  <testcase name="micoachMigrationTest" time="8.897" classname="MicoachMigrationTest"/>
  <testcase name="micoachMigrationTest" time="7.058" classname="MicoachMigrationTest"/>
  <testcase name="micoachMigrationTest" time="7.341" classname="MicoachMigrationTest"/>
  <testcase name="micoachMigrationTest" time="12.361" classname="MicoachMigrationTest"/>
  <testcase name="micoachMigrationTest" time="8.908" classname="MicoachMigrationTest"/>
  <testcase name="micoachMigrationTest" time="9.344" classname="MicoachMigrationTest"/>
  <testcase name="micoachMigrationTest" time="8.575" classname="MicoachMigrationTest"/>
  <testcase name="micoachMigrationTest" time="6.874" classname="MicoachMigrationTest"/>
  <testcase name="micoachMigrationTest" time="6.086" classname="MicoachMigrationTest"/>
  <testcase name="micoachMigrationTest" time="7.45" classname="MicoachMigrationTest"/>
  <testcase name="micoachMigrationTest" time="6.789" classname="MicoachMigrationTest"/>
  <testcase name="micoachMigrationTest" time="5.104" classname="MicoachMigrationTest"/>
  <testcase name="micoachMigrationTest" time="5.013" classname="MicoachMigrationTest"/>
  <testcase name="micoachMigrationTest" time="7.421" classname="MicoachMigrationTest"/>
  <testcase name="micoachMigrationTest" time="14.235" classname="MicoachMigrationTest"/>
  <testcase name="micoachMigrationTest" time="7.276" classname="MicoachMigrationTest"/>
  <testcase name="micoachMigrationTest" time="7.165" classname="MicoachMigrationTest"/>
  <testcase name="micoachMigrationTest" time="11.252" classname="MicoachMigrationTest"/>
  <testcase name="micoachMigrationTest" time="6.087" classname="MicoachMigrationTest"/>
  <testcase name="micoachMigrationTest" time="2.976" classname="MicoachMigrationTest"/>
  <testcase name="micoachMigrationTest" time="5.071" classname="MicoachMigrationTest"/>
  <testcase name="micoachMigrationTest" time="7.319" classname="MicoachMigrationTest"/>
  <testcase name="micoachMigrationTest" time="3.234" classname="MicoachMigrationTest"/>
  <testcase name="micoachMigrationTest" time="7.616" classname="MicoachMigrationTest"/>
  <testcase name="micoachMigrationTest" time="2.961" classname="MicoachMigrationTest"/>
  <testcase name="micoachMigrationTest" time="2.726" classname="MicoachMigrationTest"/>
  <testcase name="micoachMigrationTest" time="7.181" classname="MicoachMigrationTest"/>
  <testcase name="micoachMigrationTest" time="3.05" classname="MicoachMigrationTest"/>
  <testcase name="micoachMigrationTest" time="2.812" classname="MicoachMigrationTest"/>
  <testcase name="micoachMigrationTest" time="12.331" classname="MicoachMigrationTest"/>
  <testcase name="micoachMigrationTest" time="2.627" classname="MicoachMigrationTest"/>
  <testcase name="micoachMigrationTest" time="5.954" classname="MicoachMigrationTest"/>
  <testcase name="micoachMigrationTest" time="2.726" classname="MicoachMigrationTest"/>
  <testcase name="micoachMigrationTest" time="2.8" classname="MicoachMigrationTest"/>
  <testcase name="micoachMigrationTest" time="2.894" classname="MicoachMigrationTest"/>
  <testcase name="micoachMigrationTest" time="2.445" classname="MicoachMigrationTest"/>
  <testcase name="micoachMigrationTest" time="2.485" classname="MicoachMigrationTest"/>
  <testcase name="micoachMigrationTest" time="2.692" classname="MicoachMigrationTest"/>
  <testcase name="micoachMigrationTest" time="2.938" classname="MicoachMigrationTest"/>
  <testcase name="micoachMigrationTest" time="3.626" classname="MicoachMigrationTest"/>
  <testcase name="micoachMigrationTest" time="11.932" classname="MicoachMigrationTest"/>
  <testcase name="micoachMigrationTest" time="4.189" classname="MicoachMigrationTest"/>
  <testcase name="micoachMigrationTest" time="3.312" classname="MicoachMigrationTest"/>
  <testcase name="micoachMigrationTest" time="5.753" classname="MicoachMigrationTest"/>
  <testcase name="micoachMigrationTest" time="12.608" classname="MicoachMigrationTest"/>
  <testcase name="micoachMigrationTest" time="5.211" classname="MicoachMigrationTest"/>
  <testcase name="micoachMigrationTest" time="7.473" classname="MicoachMigrationTest"/>
  <testcase name="micoachMigrationTest" time="7.821" classname="MicoachMigrationTest"/>
  <testcase name="micoachMigrationTest" time="7.95" classname="MicoachMigrationTest"/>
  <testcase name="micoachMigrationTest" time="7.824" classname="MicoachMigrationTest"/>
  <testcase name="micoachMigrationTest" time="11.937" classname="MicoachMigrationTest"/>
  <testcase name="micoachMigrationTest" time="14.818" classname="MicoachMigrationTest"/>
  <testcase name="micoachMigrationTest" time="4.941" classname="MicoachMigrationTest"/>
  <testcase name="micoachMigrationTest" time="5.39" classname="MicoachMigrationTest"/>
  <testcase name="micoachMigrationTest" time="7.146" classname="MicoachMigrationTest"/>
  <testcase name="micoachMigrationTest" time="12.303" classname="MicoachMigrationTest"/>
  <testcase name="micoachMigrationTest" time="5.063" classname="MicoachMigrationTest"/>
  <testcase name="micoachMigrationTest" time="7.811" classname="MicoachMigrationTest"/>
  <testcase name="micoachMigrationTest" time="4.841" classname="MicoachMigrationTest"/>
  <testcase name="micoachMigrationTest" time="4.655" classname="MicoachMigrationTest"/>
  <testcase name="micoachMigrationTest" time="7.265" classname="MicoachMigrationTest"/>
  <testcase name="micoachMigrationTest" time="4.971" classname="MicoachMigrationTest"/>
  <testcase name="micoachMigrationTest" time="6.526" classname="MicoachMigrationTest"/>
  <testcase name="micoachMigrationTest" time="6.427" classname="MicoachMigrationTest"/>
  <testcase name="micoachMigrationTest" time="5.618" classname="MicoachMigrationTest"/>
  <testcase name="micoachMigrationTest" time="12.259" classname="MicoachMigrationTest"/>
  <testcase name="micoachMigrationTest" time="6.865" classname="MicoachMigrationTest"/>
  <testcase name="micoachMigrationTest" time="5.238" classname="MicoachMigrationTest"/>
  <testcase name="micoachMigrationTest" time="7.692" classname="MicoachMigrationTest"/>
  <testcase name="micoachMigrationTest" time="12.501" classname="MicoachMigrationTest"/>
  <testcase name="micoachMigrationTest" time="4.64" classname="MicoachMigrationTest"/>
  <testcase name="micoachMigrationTest" time="6.713" classname="MicoachMigrationTest"/>
  <testcase name="micoachMigrationTest" time="11.532" classname="MicoachMigrationTest"/>
  <testcase name="micoachMigrationTest" time="5.115" classname="MicoachMigrationTest"/>
  <testcase name="micoachMigrationTest" time="6.843" classname="MicoachMigrationTest"/>
  <testcase name="micoachMigrationTest" time="5.358" classname="MicoachMigrationTest"/>
  <testcase name="micoachMigrationTest" time="7.044" classname="MicoachMigrationTest"/>
  <testcase name="micoachMigrationTest" time="6.457" classname="MicoachMigrationTest"/>
  <testcase name="micoachMigrationTest" time="5.886" classname="MicoachMigrationTest"/>
  <testcase name="micoachMigrationTest" time="6.582" classname="MicoachMigrationTest"/>
  <testcase name="micoachMigrationTest" time="4.235" classname="MicoachMigrationTest"/>
  <testcase name="micoachMigrationTest" time="4.785" classname="MicoachMigrationTest"/>
  <testcase name="micoachMigrationTest" time="11.486" classname="MicoachMigrationTest"/>
  <testcase name="micoachMigrationTest" time="4.804" classname="MicoachMigrationTest"/>
  <testcase name="micoachMigrationTest" time="6.215" classname="MicoachMigrationTest"/>
  <testcase name="micoachMigrationTest" time="4.456" classname="MicoachMigrationTest"/>
  <testcase name="micoachMigrationTest" time="5.864" classname="MicoachMigrationTest"/>
  <testcase name="micoachMigrationTest" time="6.64" classname="MicoachMigrationTest"/>
  <testcase name="micoachMigrationTest" time="11.396" classname="MicoachMigrationTest"/>
  <testcase name="micoachMigrationTest" time="4.525" classname="MicoachMigrationTest"/>
  <testcase name="micoachMigrationTest" time="6.3" classname="MicoachMigrationTest"/>
  <testcase name="micoachMigrationTest" time="6.426" classname="MicoachMigrationTest"/>
  <testcase name="micoachMigrationTest" time="5.004" classname="MicoachMigrationTest"/>
  <testcase name="micoachMigrationTest" time="10.733" classname="MicoachMigrationTest"/>
  <testcase name="micoachMigrationTest" time="6.211" classname="MicoachMigrationTest"/>
  <testcase name="micoachMigrationTest" time="6.47" classname="MicoachMigrationTest"/>
  <testcase name="micoachMigrationTest" time="4.677" classname="MicoachMigrationTest"/>
  <testcase name="micoachMigrationTest" time="6.516" classname="MicoachMigrationTest"/>
  <testcase name="micoachMigrationTest" time="9.658" classname="MicoachMigrationTest"/>
  <testcase name="micoachMigrationTest" time="4.221" classname="MicoachMigrationTest"/>
  <testcase name="micoachMigrationTest" time="6.229" classname="MicoachMigrationTest"/>
  <testcase name="micoachMigrationTest" time="4.225" classname="MicoachMigrationTest"/>
  <testcase name="micoachMigrationTest" time="6.242" classname="MicoachMigrationTest"/>
  <testcase name="micoachMigrationTest" time="5.894" classname="MicoachMigrationTest"/>
  <testcase name="micoachMigrationTest" time="5.869" classname="MicoachMigrationTest"/>
  <testcase name="micoachMigrationTest" time="4.16" classname="MicoachMigrationTest"/>
  <testcase name="micoachMigrationTest" time="9.849" classname="MicoachMigrationTest"/>
  <testcase name="micoachMigrationTest" time="4.647" classname="MicoachMigrationTest"/>
  <testcase name="micoachMigrationTest" time="5.831" classname="MicoachMigrationTest"/>
  <testcase name="micoachMigrationTest" time="6.514" classname="MicoachMigrationTest"/>
  <testcase name="micoachMigrationTest" time="2.665" classname="MicoachMigrationTest"/>
  <testcase name="micoachMigrationTest" time="4.502" classname="MicoachMigrationTest"/>
  <testcase name="micoachMigrationTest" time="9.609" classname="MicoachMigrationTest"/>
  <testcase name="micoachMigrationTest" time="4.465" classname="MicoachMigrationTest"/>
  <testcase name="micoachMigrationTest" time="7.082" classname="MicoachMigrationTest"/>
  <testcase name="micoachMigrationTest" time="2.892" classname="MicoachMigrationTest"/>
  <testcase name="micoachMigrationTest" time="6.253" classname="MicoachMigrationTest"/>
  <testcase name="micoachMigrationTest" time="2.667" classname="MicoachMigrationTest"/>
  <testcase name="micoachMigrationTest" time="3.156" classname="MicoachMigrationTest"/>
  <testcase name="micoachMigrationTest" time="2.815" classname="MicoachMigrationTest"/>
  <testcase name="micoachMigrationTest" time="9.805" classname="MicoachMigrationTest"/>
  <testcase name="micoachMigrationTest" time="2.418" classname="MicoachMigrationTest"/>
  <testcase name="micoachMigrationTest" time="7.274" classname="MicoachMigrationTest"/>
  <testcase name="micoachMigrationTest" time="2.785" classname="MicoachMigrationTest"/>
  <testcase name="micoachMigrationTest" time="2.431" classname="MicoachMigrationTest"/>
  <testcase name="micoachMigrationTest" time="2.458" classname="MicoachMigrationTest"/>
  <testcase name="micoachMigrationTest" time="2.596" classname="MicoachMigrationTest"/>
  <testcase name="micoachMigrationTest" time="2.581" classname="MicoachMigrationTest"/>
  <testcase name="micoachMigrationTest" time="2.694" classname="MicoachMigrationTest"/>
  <testcase name="micoachMigrationTest" time="2.595" classname="MicoachMigrationTest"/>
  <testcase name="micoachMigrationTest" time="2.999" classname="MicoachMigrationTest"/>
  <testcase name="micoachMigrationTest" time="2.808" classname="MicoachMigrationTest"/>
  <testcase name="micoachMigrationTest" time="2.872" classname="MicoachMigrationTest"/>
  <testcase name="micoachMigrationTest" time="3.151" classname="MicoachMigrationTest"/>
  <testcase name="micoachMigrationTest" time="11.066" classname="MicoachMigrationTest"/>
  <testcase name="micoachMigrationTest" time="3.322" classname="MicoachMigrationTest"/>
  <testcase name="micoachMigrationTest" time="9.637" classname="MicoachMigrationTest"/>
  <testcase name="micoachMigrationTest" time="4.969" classname="MicoachMigrationTest"/>
  <testcase name="micoachMigrationTest" time="5.814" classname="MicoachMigrationTest"/>
  <testcase name="micoachMigrationTest" time="8.597" classname="MicoachMigrationTest"/>
  <testcase name="micoachMigrationTest" time="12.251" classname="MicoachMigrationTest"/>
  <testcase name="micoachMigrationTest" time="8.487" classname="MicoachMigrationTest"/>
  <testcase name="micoachMigrationTest" time="7.974" classname="MicoachMigrationTest"/>
  <testcase name="micoachMigrationTest" time="7.137" classname="MicoachMigrationTest"/>
  <testcase name="micoachMigrationTest" time="5.468" classname="MicoachMigrationTest"/>
  <testcase name="micoachMigrationTest" time="12.839" classname="MicoachMigrationTest"/>
  <testcase name="micoachMigrationTest" time="5.122" classname="MicoachMigrationTest"/>
  <testcase name="micoachMigrationTest" time="7.375" classname="MicoachMigrationTest"/>
  <testcase name="micoachMigrationTest" time="6.283" classname="MicoachMigrationTest"/>
  <testcase name="micoachMigrationTest" time="13.575" classname="MicoachMigrationTest"/>
  <testcase name="micoachMigrationTest" time="7.494" classname="MicoachMigrationTest"/>
  <testcase name="micoachMigrationTest" time="6.113" classname="MicoachMigrationTest"/>
  <testcase name="micoachMigrationTest" time="7.193" classname="MicoachMigrationTest"/>
  <testcase name="micoachMigrationTest" time="5.83" classname="MicoachMigrationTest"/>
  <testcase name="micoachMigrationTest" time="5.734" classname="MicoachMigrationTest"/>
  <testcase name="micoachMigrationTest" time="7.345" classname="MicoachMigrationTest"/>
  <testcase name="micoachMigrationTest" time="11.268" classname="MicoachMigrationTest"/>
  <testcase name="micoachMigrationTest" time="5.634" classname="MicoachMigrationTest"/>
  <testcase name="micoachMigrationTest" time="4.798" classname="MicoachMigrationTest"/>
  <testcase name="micoachMigrationTest" time="12.707" classname="MicoachMigrationTest"/>
  <testcase name="micoachMigrationTest" time="7.125" classname="MicoachMigrationTest"/>
  <testcase name="micoachMigrationTest" time="7.586" classname="MicoachMigrationTest"/>
  <testcase name="micoachMigrationTest" time="7.014" classname="MicoachMigrationTest"/>
  <testcase name="micoachMigrationTest" time="5.284" classname="MicoachMigrationTest"/>
  <testcase name="micoachMigrationTest" time="7.462" classname="MicoachMigrationTest"/>
  <testcase name="micoachMigrationTest" time="11.584" classname="MicoachMigrationTest"/>
  <testcase name="micoachMigrationTest" time="8.069" classname="MicoachMigrationTest"/>
  <testcase name="micoachMigrationTest" time="5.496" classname="MicoachMigrationTest"/>
  <testcase name="micoachMigrationTest" time="6.764" classname="MicoachMigrationTest"/>
  <testcase name="micoachMigrationTest" time="8.741" classname="MicoachMigrationTest"/>
  <testcase name="micoachMigrationTest" time="7.976" classname="MicoachMigrationTest"/>
  <testcase name="micoachMigrationTest" time="7.528" classname="MicoachMigrationTest"/>
  <testcase name="micoachMigrationTest" time="7.291" classname="MicoachMigrationTest"/>
  <testcase name="micoachMigrationTest" time="4.871" classname="MicoachMigrationTest"/>
  <testcase name="micoachMigrationTest" time="5.314" classname="MicoachMigrationTest"/>
  <testcase name="micoachMigrationTest" time="12.997" classname="MicoachMigrationTest"/>
  <testcase name="micoachMigrationTest" time="4.869" classname="MicoachMigrationTest"/>
  <testcase name="micoachMigrationTest" time="5.718" classname="MicoachMigrationTest"/>
  <testcase name="micoachMigrationTest" time="5.685" classname="MicoachMigrationTest"/>
  <testcase name="micoachMigrationTest" time="5.235" classname="MicoachMigrationTest"/>
  <testcase name="micoachMigrationTest" time="4.99" classname="MicoachMigrationTest"/>
  <testcase name="micoachMigrationTest" time="7.25" classname="MicoachMigrationTest"/>
  <testcase name="micoachMigrationTest" time="12.089" classname="MicoachMigrationTest"/>
  <testcase name="micoachMigrationTest" time="6.637" classname="MicoachMigrationTest"/>
  <testcase name="micoachMigrationTest" time="5.93" classname="MicoachMigrationTest"/>
  <testcase name="micoachMigrationTest" time="4.096" classname="MicoachMigrationTest"/>
  <testcase name="micoachMigrationTest" time="5.876" classname="MicoachMigrationTest"/>
  <testcase name="micoachMigrationTest" time="10.484" classname="MicoachMigrationTest"/>
  <testcase name="micoachMigrationTest" time="4.613" classname="MicoachMigrationTest"/>
  <testcase name="micoachMigrationTest" time="6.047" classname="MicoachMigrationTest"/>
  <testcase name="micoachMigrationTest" time="9.058" classname="MicoachMigrationTest"/>
  <testcase name="micoachMigrationTest" time="5.645" classname="MicoachMigrationTest"/>
  <testcase name="micoachMigrationTest" time="5.829" classname="MicoachMigrationTest"/>
  <testcase name="micoachMigrationTest" time="4.489" classname="MicoachMigrationTest"/>
  <testcase name="micoachMigrationTest" time="4.792" classname="MicoachMigrationTest"/>
  <testcase name="micoachMigrationTest" time="6.818" classname="MicoachMigrationTest"/>
  <testcase name="micoachMigrationTest" time="6.012" classname="MicoachMigrationTest"/>
  <testcase name="micoachMigrationTest" time="4.421" classname="MicoachMigrationTest"/>
  <testcase name="micoachMigrationTest" time="4.383" classname="MicoachMigrationTest"/>
  <testcase name="micoachMigrationTest" time="5.719" classname="MicoachMigrationTest"/>
  <testcase name="micoachMigrationTest" time="9.716" classname="MicoachMigrationTest"/>
  <testcase name="micoachMigrationTest" time="5.847" classname="MicoachMigrationTest"/>
  <testcase name="micoachMigrationTest" time="6.278" classname="MicoachMigrationTest"/>
  <testcase name="micoachMigrationTest" time="2.649" classname="MicoachMigrationTest"/>
  <testcase name="micoachMigrationTest" time="9.37" classname="MicoachMigrationTest"/>
  <testcase name="micoachMigrationTest" time="4.457" classname="MicoachMigrationTest"/>
  <testcase name="micoachMigrationTest" time="4.379" classname="MicoachMigrationTest"/>
  <testcase name="micoachMigrationTest" time="6.297" classname="MicoachMigrationTest"/>
  <testcase name="micoachMigrationTest" time="2.917" classname="MicoachMigrationTest"/>
  <testcase name="micoachMigrationTest" time="2.449" classname="MicoachMigrationTest"/>
  <testcase name="micoachMigrationTest" time="2.668" classname="MicoachMigrationTest"/>
  <testcase name="micoachMigrationTest" time="6.449" classname="MicoachMigrationTest"/>
  <testcase name="micoachMigrationTest" time="3.233" classname="MicoachMigrationTest"/>
  <testcase name="micoachMigrationTest" time="6.135" classname="MicoachMigrationTest"/>
  <testcase name="micoachMigrationTest" time="2.409" classname="MicoachMigrationTest"/>
  <testcase name="micoachMigrationTest" time="10.524" classname="MicoachMigrationTest"/>
  <testcase name="micoachMigrationTest" time="2.338" classname="MicoachMigrationTest"/>
  <testcase name="micoachMigrationTest" time="2.618" classname="MicoachMigrationTest"/>
  <testcase name="micoachMigrationTest" time="2.457" classname="MicoachMigrationTest"/>
  <testcase name="micoachMigrationTest" time="2.633" classname="MicoachMigrationTest"/>
  <testcase name="micoachMigrationTest" time="2.438" classname="MicoachMigrationTest"/>
  <testcase name="micoachMigrationTest" time="2.498" classname="MicoachMigrationTest"/>
  <testcase name="micoachMigrationTest" time="2.45" classname="MicoachMigrationTest"/>
  <testcase name="micoachMigrationTest" time="2.538" classname="MicoachMigrationTest"/>
  <testcase name="micoachMigrationTest" time="2.463" classname="MicoachMigrationTest"/>
  <testcase name="micoachMigrationTest" time="2.473" classname="MicoachMigrationTest"/>
  <testcase name="micoachMigrationTest" time="2.531" classname="MicoachMigrationTest"/>
  <testcase name="micoachMigrationTest" time="10.04" classname="MicoachMigrationTest"/>
  <testcase name="micoachMigrationTest" time="2.517" classname="MicoachMigrationTest"/>
  <testcase name="micoachMigrationTest" time="9.315" classname="MicoachMigrationTest"/>
  <testcase name="micoachMigrationTest" time="4.446" classname="MicoachMigrationTest"/>
  <testcase name="micoachMigrationTest" time="4.817" classname="MicoachMigrationTest"/>
  <testcase name="micoachMigrationTest" time="6.517" classname="MicoachMigrationTest"/>
  <testcase name="micoachMigrationTest" time="9.799" classname="MicoachMigrationTest"/>
  <testcase name="micoachMigrationTest" time="6.452" classname="MicoachMigrationTest"/>
  <testcase name="micoachMigrationTest" time="6.204" classname="MicoachMigrationTest"/>
  <testcase name="micoachMigrationTest" time="5.622" classname="MicoachMigrationTest"/>
  <testcase name="micoachMigrationTest" time="9.867" classname="MicoachMigrationTest"/>
  <testcase name="micoachMigrationTest" time="4.686" classname="MicoachMigrationTest"/>
  <testcase name="micoachMigrationTest" time="4.691" classname="MicoachMigrationTest"/>
  <testcase name="micoachMigrationTest" time="6.091" classname="MicoachMigrationTest"/>
  <testcase name="micoachMigrationTest" time="10.131" classname="MicoachMigrationTest"/>
  <testcase name="micoachMigrationTest" time="4.571" classname="MicoachMigrationTest"/>
  <testcase name="micoachMigrationTest" time="4.463" classname="MicoachMigrationTest"/>
  <testcase name="micoachMigrationTest" time="5.999" classname="MicoachMigrationTest"/>
  <testcase name="micoachMigrationTest" time="6.175" classname="MicoachMigrationTest"/>
  <testcase name="micoachMigrationTest" time="4.734" classname="MicoachMigrationTest"/>
  <testcase name="micoachMigrationTest" time="4.352" classname="MicoachMigrationTest"/>
  <testcase name="micoachMigrationTest" time="5.608" classname="MicoachMigrationTest"/>
  <testcase name="micoachMigrationTest" time="4.404" classname="MicoachMigrationTest"/>
  <testcase name="micoachMigrationTest" time="10.133" classname="MicoachMigrationTest"/>
  <testcase name="micoachMigrationTest" time="5.819" classname="MicoachMigrationTest"/>
  <testcase name="micoachMigrationTest" time="4.275" classname="MicoachMigrationTest"/>
  <testcase name="micoachMigrationTest" time="6.371" classname="MicoachMigrationTest"/>
  <testcase name="micoachMigrationTest" time="10.544" classname="MicoachMigrationTest"/>
  <testcase name="micoachMigrationTest" time="6.102" classname="MicoachMigrationTest"/>
  <testcase name="micoachMigrationTest" time="4.629" classname="MicoachMigrationTest"/>
  <testcase name="micoachMigrationTest" time="9.468" classname="MicoachMigrationTest"/>
  <testcase name="micoachMigrationTest" time="6.123" classname="MicoachMigrationTest"/>
  <testcase name="micoachMigrationTest" time="4.5" classname="MicoachMigrationTest"/>
  <testcase name="micoachMigrationTest" time="6.436" classname="MicoachMigrationTest"/>
  <testcase name="micoachMigrationTest" time="6.103" classname="MicoachMigrationTest"/>
  <testcase name="micoachMigrationTest" time="4.442" classname="MicoachMigrationTest"/>
  <testcase name="micoachMigrationTest" time="6.158" classname="MicoachMigrationTest"/>
  <testcase name="micoachMigrationTest" time="6.162" classname="MicoachMigrationTest"/>
  <testcase name="micoachMigrationTest" time="9.911" classname="MicoachMigrationTest"/>
  <testcase name="micoachMigrationTest" time="4.941" classname="MicoachMigrationTest"/>
  <testcase name="micoachMigrationTest" time="6.126" classname="MicoachMigrationTest"/>
  <testcase name="micoachMigrationTest" time="4.54" classname="MicoachMigrationTest"/>
  <testcase name="micoachMigrationTest" time="4.388" classname="MicoachMigrationTest"/>
  <testcase name="micoachMigrationTest" time="6.214" classname="MicoachMigrationTest"/>
  <testcase name="micoachMigrationTest" time="4.654" classname="MicoachMigrationTest"/>
  <testcase name="micoachMigrationTest" time="10.312" classname="MicoachMigrationTest"/>
  <testcase name="micoachMigrationTest" time="5.708" classname="MicoachMigrationTest"/>
  <testcase name="micoachMigrationTest" time="6.685" classname="MicoachMigrationTest"/>
  <testcase name="micoachMigrationTest" time="9.372" classname="MicoachMigrationTest"/>
  <testcase name="micoachMigrationTest" time="6.521" classname="MicoachMigrationTest"/>
  <testcase name="micoachMigrationTest" time="8.021" classname="MicoachMigrationTest"/>
  <testcase name="micoachMigrationTest" time="6.285" classname="MicoachMigrationTest"/>
  <testcase name="micoachMigrationTest" time="5.041" classname="MicoachMigrationTest"/>
  <testcase name="micoachMigrationTest" time="4.671" classname="MicoachMigrationTest"/>
  <testcase name="micoachMigrationTest" time="13.936" classname="MicoachMigrationTest"/>
  <testcase name="micoachMigrationTest" time="6.123" classname="MicoachMigrationTest"/>
  <testcase name="micoachMigrationTest" time="10.794" classname="MicoachMigrationTest"/>
  <testcase name="micoachMigrationTest" time="5.626" classname="MicoachMigrationTest"/>
  <testcase name="micoachMigrationTest" time="7.371" classname="MicoachMigrationTest"/>
  <testcase name="micoachMigrationTest" time="4.699" classname="MicoachMigrationTest"/>
  <testcase name="micoachMigrationTest" time="4.495" classname="MicoachMigrationTest"/>
  <testcase name="micoachMigrationTest" time="6.538" classname="MicoachMigrationTest"/>
  <testcase name="micoachMigrationTest" time="6.031" classname="MicoachMigrationTest"/>
  <testcase name="micoachMigrationTest" time="5.55" classname="MicoachMigrationTest"/>
  <testcase name="micoachMigrationTest" time="5.219" classname="MicoachMigrationTest"/>
  <testcase name="micoachMigrationTest" time="6.043" classname="MicoachMigrationTest"/>
  <testcase name="micoachMigrationTest" time="5.865" classname="MicoachMigrationTest"/>
  <testcase name="micoachMigrationTest" time="6.893" classname="MicoachMigrationTest"/>
  <testcase name="micoachMigrationTest" time="11.94" classname="MicoachMigrationTest"/>
  <testcase name="micoachMigrationTest" time="4.607" classname="MicoachMigrationTest"/>
  <testcase name="micoachMigrationTest" time="2.501" classname="MicoachMigrationTest"/>
  <testcase name="micoachMigrationTest" time="6.344" classname="MicoachMigrationTest"/>
  <testcase name="micoachMigrationTest" time="9.679" classname="MicoachMigrationTest"/>
  <testcase name="micoachMigrationTest" time="3.174" classname="MicoachMigrationTest"/>
  <testcase name="micoachMigrationTest" time="4.409" classname="MicoachMigrationTest"/>
  <testcase name="micoachMigrationTest" time="2.598" classname="MicoachMigrationTest"/>
  <testcase name="micoachMigrationTest" time="2.446" classname="MicoachMigrationTest"/>
  <testcase name="micoachMigrationTest" time="2.458" classname="MicoachMigrationTest"/>
  <testcase name="micoachMigrationTest" time="6.308" classname="MicoachMigrationTest"/>
  <testcase name="micoachMigrationTest" time="5.8" classname="MicoachMigrationTest"/>
  <testcase name="micoachMigrationTest" time="9.812" classname="MicoachMigrationTest"/>
  <testcase name="micoachMigrationTest" time="3.049" classname="MicoachMigrationTest"/>
  <testcase name="micoachMigrationTest" time="2.617" classname="MicoachMigrationTest"/>
  <testcase name="micoachMigrationTest" time="2.769" classname="MicoachMigrationTest"/>
  <testcase name="micoachMigrationTest" time="2.74" classname="MicoachMigrationTest"/>
  <testcase name="micoachMigrationTest" time="2.85" classname="MicoachMigrationTest"/>
  <testcase name="micoachMigrationTest" time="2.917" classname="MicoachMigrationTest"/>
  <testcase name="micoachMigrationTest" time="2.754" classname="MicoachMigrationTest"/>
  <testcase name="micoachMigrationTest" time="3.139" classname="MicoachMigrationTest"/>
  <testcase name="micoachMigrationTest" time="3.101" classname="MicoachMigrationTest"/>
  <testcase name="micoachMigrationTest" time="2.518" classname="MicoachMigrationTest"/>
  <testcase name="micoachMigrationTest" time="10.102" classname="MicoachMigrationTest"/>
  <testcase name="micoachMigrationTest" time="3.017" classname="MicoachMigrationTest"/>
  <testcase name="micoachMigrationTest" time="3.072" classname="MicoachMigrationTest"/>
  <testcase name="micoachMigrationTest" time="3.218" classname="MicoachMigrationTest"/>
  <testcase name="micoachMigrationTest" time="9.595" classname="MicoachMigrationTest"/>
  <testcase name="micoachMigrationTest" time="5.22" classname="MicoachMigrationTest"/>
  <testcase name="micoachMigrationTest" time="4.72" classname="MicoachMigrationTest"/>
  <testcase name="micoachMigrationTest" time="6.707" classname="MicoachMigrationTest"/>
  <testcase name="micoachMigrationTest" time="10.186" classname="MicoachMigrationTest"/>
  <testcase name="micoachMigrationTest" time="6.258" classname="MicoachMigrationTest"/>
  <testcase name="micoachMigrationTest" time="6.123" classname="MicoachMigrationTest"/>
  <testcase name="micoachMigrationTest" time="6.137" classname="MicoachMigrationTest"/>
  <testcase name="micoachMigrationTest" time="4.712" classname="MicoachMigrationTest"/>
  <testcase name="micoachMigrationTest" time="10.449" classname="MicoachMigrationTest"/>
  <testcase name="micoachMigrationTest" time="4.441" classname="MicoachMigrationTest"/>
  <testcase name="micoachMigrationTest" time="6.174" classname="MicoachMigrationTest"/>
  <testcase name="micoachMigrationTest" time="6.349" classname="MicoachMigrationTest"/>
  <testcase name="micoachMigrationTest" time="10.67" classname="MicoachMigrationTest"/>
  <testcase name="micoachMigrationTest" time="5.668" classname="MicoachMigrationTest"/>
  <testcase name="micoachMigrationTest" time="5.502" classname="MicoachMigrationTest"/>
  <testcase name="micoachMigrationTest" time="6.982" classname="MicoachMigrationTest"/>
  <testcase name="micoachMigrationTest" time="4.762" classname="MicoachMigrationTest"/>
  <testcase name="micoachMigrationTest" time="5.841" classname="MicoachMigrationTest"/>
  <testcase name="micoachMigrationTest" time="4.574" classname="MicoachMigrationTest"/>
  <testcase name="micoachMigrationTest" time="10.16" classname="MicoachMigrationTest"/>
  <testcase name="micoachMigrationTest" time="4.578" classname="MicoachMigrationTest"/>
  <testcase name="micoachMigrationTest" time="5.833" classname="MicoachMigrationTest"/>
  <testcase name="micoachMigrationTest" time="5.223" classname="MicoachMigrationTest"/>
  <testcase name="micoachMigrationTest" time="6.756" classname="MicoachMigrationTest"/>
  <testcase name="micoachMigrationTest" time="4.472" classname="MicoachMigrationTest"/>
  <testcase name="micoachMigrationTest" time="6.678" classname="MicoachMigrationTest"/>
  <testcase name="micoachMigrationTest" time="12.413" classname="MicoachMigrationTest"/>
  <testcase name="micoachMigrationTest" time="5.902" classname="MicoachMigrationTest"/>
  <testcase name="micoachMigrationTest" time="7.047" classname="MicoachMigrationTest"/>
  <testcase name="micoachMigrationTest" time="4.152" classname="MicoachMigrationTest"/>
  <testcase name="micoachMigrationTest" time="4.248" classname="MicoachMigrationTest"/>
  <testcase name="micoachMigrationTest" time="11.104" classname="MicoachMigrationTest"/>
  <testcase name="micoachMigrationTest" time="7.564" classname="MicoachMigrationTest"/>
  <testcase name="micoachMigrationTest" time="6.732" classname="MicoachMigrationTest"/>
  <testcase name="micoachMigrationTest" time="4.735" classname="MicoachMigrationTest"/>
  <testcase name="micoachMigrationTest" time="7.248" classname="MicoachMigrationTest"/>
  <testcase name="micoachMigrationTest" time="6.952" classname="MicoachMigrationTest"/>
  <testcase name="micoachMigrationTest" time="5.448" classname="MicoachMigrationTest"/>
  <testcase name="micoachMigrationTest" time="12.473" classname="MicoachMigrationTest"/>
  <testcase name="micoachMigrationTest" time="5.932" classname="MicoachMigrationTest"/>
  <testcase name="micoachMigrationTest" time="6.631" classname="MicoachMigrationTest"/>
  <testcase name="micoachMigrationTest" time="6.582" classname="MicoachMigrationTest"/>
  <testcase name="micoachMigrationTest" time="5.282" classname="MicoachMigrationTest"/>
  <testcase name="micoachMigrationTest" time="4.972" classname="MicoachMigrationTest"/>
  <testcase name="micoachMigrationTest" time="11.922" classname="MicoachMigrationTest"/>
  <testcase name="micoachMigrationTest" time="7.52" classname="MicoachMigrationTest"/>
  <testcase name="micoachMigrationTest" time="8.25" classname="MicoachMigrationTest"/>
  <testcase name="micoachMigrationTest" time="6.251" classname="MicoachMigrationTest"/>
  <testcase name="micoachMigrationTest" time="4.382" classname="MicoachMigrationTest"/>
  <testcase name="micoachMigrationTest" time="6.135" classname="MicoachMigrationTest"/>
  <testcase name="micoachMigrationTest" time="5.019" classname="MicoachMigrationTest"/>
  <testcase name="micoachMigrationTest" time="6.662" classname="MicoachMigrationTest"/>
  <testcase name="micoachMigrationTest" time="13.125" classname="MicoachMigrationTest"/>
  <testcase name="micoachMigrationTest" time="4.915" classname="MicoachMigrationTest"/>
  <testcase name="micoachMigrationTest" time="7.022" classname="MicoachMigrationTest"/>
  <testcase name="micoachMigrationTest" time="10.682" classname="MicoachMigrationTest"/>
  <testcase name="micoachMigrationTest" time="6.862" classname="MicoachMigrationTest"/>
  <testcase name="micoachMigrationTest" time="4.921" classname="MicoachMigrationTest"/>
  <testcase name="micoachMigrationTest" time="6.342" classname="MicoachMigrationTest"/>
  <testcase name="micoachMigrationTest" time="6.24" classname="MicoachMigrationTest"/>
  <testcase name="micoachMigrationTest" time="5.076" classname="MicoachMigrationTest"/>
  <testcase name="micoachMigrationTest" time="4.74" classname="MicoachMigrationTest"/>
  <testcase name="micoachMigrationTest" time="10.347" classname="MicoachMigrationTest"/>
  <testcase name="micoachMigrationTest" time="6.143" classname="MicoachMigrationTest"/>
  <testcase name="micoachMigrationTest" time="2.687" classname="MicoachMigrationTest"/>
  <testcase name="micoachMigrationTest" time="8.085" classname="MicoachMigrationTest"/>
  <testcase name="micoachMigrationTest" time="9.497" classname="MicoachMigrationTest"/>
  <testcase name="micoachMigrationTest" time="7.24" classname="MicoachMigrationTest"/>
  <testcase name="micoachMigrationTest" time="6.888" classname="MicoachMigrationTest"/>
  <testcase name="micoachMigrationTest" time="4.628" classname="MicoachMigrationTest"/>
  <testcase name="micoachMigrationTest" time="4.275" classname="MicoachMigrationTest"/>
  <testcase name="micoachMigrationTest" time="5.883" classname="MicoachMigrationTest"/>
  <testcase name="micoachMigrationTest" time="2.768" classname="MicoachMigrationTest"/>
  <testcase name="micoachMigrationTest" time="2.492" classname="MicoachMigrationTest"/>
  <testcase name="micoachMigrationTest" time="2.727" classname="MicoachMigrationTest"/>
  <testcase name="micoachMigrationTest" time="2.467" classname="MicoachMigrationTest"/>
  <testcase name="micoachMigrationTest" time="2.942" classname="MicoachMigrationTest"/>
  <testcase name="micoachMigrationTest" time="10.07" classname="MicoachMigrationTest"/>
  <testcase name="micoachMigrationTest" time="6.771" classname="MicoachMigrationTest"/>
  <testcase name="micoachMigrationTest" time="2.563" classname="MicoachMigrationTest"/>
  <testcase name="micoachMigrationTest" time="2.37" classname="MicoachMigrationTest"/>
  <testcase name="micoachMigrationTest" time="2.464" classname="MicoachMigrationTest"/>
  <testcase name="micoachMigrationTest" time="2.664" classname="MicoachMigrationTest"/>
  <testcase name="micoachMigrationTest" time="2.524" classname="MicoachMigrationTest"/>
  <testcase name="micoachMigrationTest" time="2.833" classname="MicoachMigrationTest"/>
  <testcase name="micoachMigrationTest" time="2.71" classname="MicoachMigrationTest"/>
  <testcase name="micoachMigrationTest" time="2.611" classname="MicoachMigrationTest"/>
  <testcase name="micoachMigrationTest" time="2.705" classname="MicoachMigrationTest"/>
  <testcase name="micoachMigrationTest" time="2.936" classname="MicoachMigrationTest"/>
  <testcase name="micoachMigrationTest" time="2.624" classname="MicoachMigrationTest"/>
  <testcase name="micoachMigrationTest" time="3.058" classname="MicoachMigrationTest"/>
  <testcase name="micoachMigrationTest" time="9.761" classname="MicoachMigrationTest"/>
  <testcase name="micoachMigrationTest" time="11.374" classname="MicoachMigrationTest"/>
  <testcase name="micoachMigrationTest" time="4.755" classname="MicoachMigrationTest"/>
  <testcase name="micoachMigrationTest" time="4.804" classname="MicoachMigrationTest"/>
  <testcase name="micoachMigrationTest" time="10.641" classname="MicoachMigrationTest"/>
  <testcase name="micoachMigrationTest" time="7.157" classname="MicoachMigrationTest"/>
  <testcase name="micoachMigrationTest" time="6.104" classname="MicoachMigrationTest"/>
  <testcase name="micoachMigrationTest" time="6.027" classname="MicoachMigrationTest"/>
  <testcase name="micoachMigrationTest" time="9.802" classname="MicoachMigrationTest"/>
  <testcase name="micoachMigrationTest" time="4.825" classname="MicoachMigrationTest"/>
  <testcase name="micoachMigrationTest" time="6.098" classname="MicoachMigrationTest"/>
  <testcase name="micoachMigrationTest" time="4.607" classname="MicoachMigrationTest"/>
  <testcase name="micoachMigrationTest" time="5.848" classname="MicoachMigrationTest"/>
  <testcase name="micoachMigrationTest" time="4.365" classname="MicoachMigrationTest"/>
  <testcase name="micoachMigrationTest" time="10.208" classname="MicoachMigrationTest"/>
  <testcase name="micoachMigrationTest" time="6.186" classname="MicoachMigrationTest"/>
  <testcase name="micoachMigrationTest" time="5.969" classname="MicoachMigrationTest"/>
  <testcase name="micoachMigrationTest" time="4.983" classname="MicoachMigrationTest"/>
  <testcase name="micoachMigrationTest" time="4.397" classname="MicoachMigrationTest"/>
  <testcase name="micoachMigrationTest" time="4.83" classname="MicoachMigrationTest"/>
  <testcase name="micoachMigrationTest" time="9.557" classname="MicoachMigrationTest"/>
  <testcase name="micoachMigrationTest" time="4.639" classname="MicoachMigrationTest"/>
  <testcase name="micoachMigrationTest" time="6.307" classname="MicoachMigrationTest"/>
  <testcase name="micoachMigrationTest" time="5.486" classname="MicoachMigrationTest"/>
  <testcase name="micoachMigrationTest" time="6.559" classname="MicoachMigrationTest"/>
  <testcase name="micoachMigrationTest" time="4.948" classname="MicoachMigrationTest"/>
  <testcase name="micoachMigrationTest" time="6.042" classname="MicoachMigrationTest"/>
  <testcase name="micoachMigrationTest" time="11.052" classname="MicoachMigrationTest"/>
  <testcase name="micoachMigrationTest" time="4.686" classname="MicoachMigrationTest"/>
  <testcase name="micoachMigrationTest" time="5.834" classname="MicoachMigrationTest"/>
  <testcase name="micoachMigrationTest" time="5.749" classname="MicoachMigrationTest"/>
  <testcase name="micoachMigrationTest" time="4.332" classname="MicoachMigrationTest"/>
  <testcase name="micoachMigrationTest" time="4.662" classname="MicoachMigrationTest"/>
  <testcase name="micoachMigrationTest" time="11.251" classname="MicoachMigrationTest"/>
  <testcase name="micoachMigrationTest" time="7.27" classname="MicoachMigrationTest"/>
  <testcase name="micoachMigrationTest" time="6.47" classname="MicoachMigrationTest"/>
  <testcase name="micoachMigrationTest" time="6.074" classname="MicoachMigrationTest"/>
  <testcase name="micoachMigrationTest" time="10.034" classname="MicoachMigrationTest"/>
  <testcase name="micoachMigrationTest" time="4.772" classname="MicoachMigrationTest"/>
  <testcase name="micoachMigrationTest" time="7.149" classname="MicoachMigrationTest"/>
  <testcase name="micoachMigrationTest" time="4.638" classname="MicoachMigrationTest"/>
  <testcase name="micoachMigrationTest" time="4.963" classname="MicoachMigrationTest"/>
  <testcase name="micoachMigrationTest" time="5.698" classname="MicoachMigrationTest"/>
  <testcase name="micoachMigrationTest" time="6.502" classname="MicoachMigrationTest"/>
  <testcase name="micoachMigrationTest" time="4.538" classname="MicoachMigrationTest"/>
  <testcase name="micoachMigrationTest" time="6.285" classname="MicoachMigrationTest"/>
  <testcase name="micoachMigrationTest" time="4.673" classname="MicoachMigrationTest"/>
  <testcase name="micoachMigrationTest" time="6.918" classname="MicoachMigrationTest"/>
  <testcase name="micoachMigrationTest" time="5.985" classname="MicoachMigrationTest"/>
  <testcase name="micoachMigrationTest" time="12.376" classname="MicoachMigrationTest"/>
  <testcase name="micoachMigrationTest" time="4.974" classname="MicoachMigrationTest"/>
  <testcase name="micoachMigrationTest" time="6.312" classname="MicoachMigrationTest"/>
  <testcase name="micoachMigrationTest" time="4.642" classname="MicoachMigrationTest"/>
  <testcase name="micoachMigrationTest" time="11.416" classname="MicoachMigrationTest"/>
  <testcase name="micoachMigrationTest" time="5.994" classname="MicoachMigrationTest"/>
  <testcase name="micoachMigrationTest" time="4.972" classname="MicoachMigrationTest"/>
  <testcase name="micoachMigrationTest" time="6.677" classname="MicoachMigrationTest"/>
  <testcase name="micoachMigrationTest" time="10.054" classname="MicoachMigrationTest"/>
  <testcase name="micoachMigrationTest" time="7.083" classname="MicoachMigrationTest"/>
  <testcase name="micoachMigrationTest" time="5.887" classname="MicoachMigrationTest"/>
  <testcase name="micoachMigrationTest" time="5.167" classname="MicoachMigrationTest"/>
  <testcase name="micoachMigrationTest" time="6.568" classname="MicoachMigrationTest"/>
  <testcase name="micoachMigrationTest" time="4.902" classname="MicoachMigrationTest"/>
  <testcase name="micoachMigrationTest" time="5.167" classname="MicoachMigrationTest"/>
  <testcase name="micoachMigrationTest" time="7.615" classname="MicoachMigrationTest"/>
  <testcase name="micoachMigrationTest" time="6.089" classname="MicoachMigrationTest"/>
  <testcase name="micoachMigrationTest" time="12.525" classname="MicoachMigrationTest"/>
  <testcase name="micoachMigrationTest" time="5.69" classname="MicoachMigrationTest"/>
  <testcase name="micoachMigrationTest" time="10.49" classname="MicoachMigrationTest"/>
  <testcase name="micoachMigrationTest" time="6.765" classname="MicoachMigrationTest"/>
  <testcase name="micoachMigrationTest" time="2.56" classname="MicoachMigrationTest"/>
  <testcase name="micoachMigrationTest" time="4.723" classname="MicoachMigrationTest"/>
  <testcase name="micoachMigrationTest" time="4.628" classname="MicoachMigrationTest"/>
  <testcase name="micoachMigrationTest" time="2.744" classname="MicoachMigrationTest"/>
  <testcase name="micoachMigrationTest" time="6.14" classname="MicoachMigrationTest"/>
  <testcase name="micoachMigrationTest" time="2.7" classname="MicoachMigrationTest"/>
  <testcase name="micoachMigrationTest" time="2.986" classname="MicoachMigrationTest"/>
  <testcase name="micoachMigrationTest" time="2.783" classname="MicoachMigrationTest"/>
  <testcase name="micoachMigrationTest" time="5.853" classname="MicoachMigrationTest"/>
  <testcase name="micoachMigrationTest" time="2.544" classname="MicoachMigrationTest"/>
  <testcase name="micoachMigrationTest" time="9.955" classname="MicoachMigrationTest"/>
  <testcase name="micoachMigrationTest" time="2.765" classname="MicoachMigrationTest"/>
  <testcase name="micoachMigrationTest" time="2.464" classname="MicoachMigrationTest"/>
  <testcase name="micoachMigrationTest" time="2.572" classname="MicoachMigrationTest"/>
  <testcase name="micoachMigrationTest" time="2.435" classname="MicoachMigrationTest"/>
  <testcase name="micoachMigrationTest" time="2.508" classname="MicoachMigrationTest"/>
  <testcase name="micoachMigrationTest" time="2.457" classname="MicoachMigrationTest"/>
  <testcase name="micoachMigrationTest" time="2.543" classname="MicoachMigrationTest"/>
  <testcase name="micoachMigrationTest" time="2.501" classname="MicoachMigrationTest"/>
  <testcase name="micoachMigrationTest" time="2.862" classname="MicoachMigrationTest"/>
  <testcase name="micoachMigrationTest" time="2.836" classname="MicoachMigrationTest"/>
  <testcase name="micoachMigrationTest" time="3.2" classname="MicoachMigrationTest"/>
  <testcase name="micoachMigrationTest" time="3.107" classname="MicoachMigrationTest"/>
  <testcase name="micoachMigrationTest" time="10.86" classname="MicoachMigrationTest"/>
  <testcase name="micoachMigrationTest" time="9.478" classname="MicoachMigrationTest"/>
  <testcase name="micoachMigrationTest" time="4.448" classname="MicoachMigrationTest"/>
  <testcase name="micoachMigrationTest" time="4.379" classname="MicoachMigrationTest"/>
  <testcase name="micoachMigrationTest" time="9.886" classname="MicoachMigrationTest"/>
  <testcase name="micoachMigrationTest" time="6.65" classname="MicoachMigrationTest"/>
  <testcase name="micoachMigrationTest" time="6.741" classname="MicoachMigrationTest"/>
  <testcase name="micoachMigrationTest" time="7.207" classname="MicoachMigrationTest"/>
  <testcase name="micoachMigrationTest" time="5.039" classname="MicoachMigrationTest"/>
  <testcase name="micoachMigrationTest" time="10.861" classname="MicoachMigrationTest"/>
  <testcase name="micoachMigrationTest" time="6.505" classname="MicoachMigrationTest"/>
  <testcase name="micoachMigrationTest" time="4.737" classname="MicoachMigrationTest"/>
  <testcase name="micoachMigrationTest" time="6.231" classname="MicoachMigrationTest"/>
  <testcase name="micoachMigrationTest" time="5.963" classname="MicoachMigrationTest"/>
  <testcase name="micoachMigrationTest" time="10.349" classname="MicoachMigrationTest"/>
  <testcase name="micoachMigrationTest" time="4.423" classname="MicoachMigrationTest"/>
  <testcase name="micoachMigrationTest" time="4.759" classname="MicoachMigrationTest"/>
  <testcase name="micoachMigrationTest" time="4.482" classname="MicoachMigrationTest"/>
  <testcase name="micoachMigrationTest" time="6.898" classname="MicoachMigrationTest"/>
  <testcase name="micoachMigrationTest" time="4.263" classname="MicoachMigrationTest"/>
  <testcase name="micoachMigrationTest" time="5.76" classname="MicoachMigrationTest"/>
  <testcase name="micoachMigrationTest" time="11.245" classname="MicoachMigrationTest"/>
  <testcase name="micoachMigrationTest" time="6.149" classname="MicoachMigrationTest"/>
  <testcase name="micoachMigrationTest" time="6.706" classname="MicoachMigrationTest"/>
  <testcase name="micoachMigrationTest" time="4.59" classname="MicoachMigrationTest"/>
  <testcase name="micoachMigrationTest" time="6.305" classname="MicoachMigrationTest"/>
  <testcase name="micoachMigrationTest" time="4.45" classname="MicoachMigrationTest"/>
  <testcase name="micoachMigrationTest" time="11.422" classname="MicoachMigrationTest"/>
  <testcase name="micoachMigrationTest" time="9.831" classname="MicoachMigrationTest"/>
  <testcase name="micoachMigrationTest" time="7.806" classname="MicoachMigrationTest"/>
  <testcase name="micoachMigrationTest" time="4.379" classname="MicoachMigrationTest"/>
  <testcase name="micoachMigrationTest" time="7.049" classname="MicoachMigrationTest"/>
  <testcase name="micoachMigrationTest" time="5.274" classname="MicoachMigrationTest"/>
  <testcase name="micoachMigrationTest" time="7.689" classname="MicoachMigrationTest"/>
  <testcase name="micoachMigrationTest" time="13.909" classname="MicoachMigrationTest"/>
  <testcase name="micoachMigrationTest" time="7.34" classname="MicoachMigrationTest"/>
  <testcase name="micoachMigrationTest" time="7.463" classname="MicoachMigrationTest"/>
  <testcase name="micoachMigrationTest" time="5.455" classname="MicoachMigrationTest"/>
  <testcase name="micoachMigrationTest" time="11.236" classname="MicoachMigrationTest"/>
  <testcase name="micoachMigrationTest" time="5.042" classname="MicoachMigrationTest"/>
  <testcase name="micoachMigrationTest" time="7.23" classname="MicoachMigrationTest"/>
  <testcase name="micoachMigrationTest" time="4.977" classname="MicoachMigrationTest"/>
  <testcase name="micoachMigrationTest" time="6.395" classname="MicoachMigrationTest"/>
  <testcase name="micoachMigrationTest" time="5.063" classname="MicoachMigrationTest"/>
  <testcase name="micoachMigrationTest" time="5.336" classname="MicoachMigrationTest"/>
  <testcase name="micoachMigrationTest" time="7.399" classname="MicoachMigrationTest"/>
  <testcase name="micoachMigrationTest" time="7.663" classname="MicoachMigrationTest"/>
  <testcase name="micoachMigrationTest" time="7.029" classname="MicoachMigrationTest"/>
  <testcase name="micoachMigrationTest" time="13.054" classname="MicoachMigrationTest"/>
  <testcase name="micoachMigrationTest" time="7.413" classname="MicoachMigrationTest"/>
  <testcase name="micoachMigrationTest" time="6.532" classname="MicoachMigrationTest"/>
  <testcase name="micoachMigrationTest" time="4.835" classname="MicoachMigrationTest"/>
  <testcase name="micoachMigrationTest" time="12.288" classname="MicoachMigrationTest"/>
  <testcase name="micoachMigrationTest" time="5.092" classname="MicoachMigrationTest"/>
  <testcase name="micoachMigrationTest" time="10.305" classname="MicoachMigrationTest"/>
  <testcase name="micoachMigrationTest" time="7.177" classname="MicoachMigrationTest"/>
  <testcase name="micoachMigrationTest" time="4.718" classname="MicoachMigrationTest"/>
  <testcase name="micoachMigrationTest" time="6.434" classname="MicoachMigrationTest"/>
  <testcase name="micoachMigrationTest" time="7.558" classname="MicoachMigrationTest"/>
  <testcase name="micoachMigrationTest" time="4.603" classname="MicoachMigrationTest"/>
  <testcase name="micoachMigrationTest" time="6.631" classname="MicoachMigrationTest"/>
  <testcase name="micoachMigrationTest" time="6.831" classname="MicoachMigrationTest"/>
  <testcase name="micoachMigrationTest" time="4.885" classname="MicoachMigrationTest"/>
  <testcase name="micoachMigrationTest" time="5.183" classname="MicoachMigrationTest"/>
  <testcase name="micoachMigrationTest" time="6.676" classname="MicoachMigrationTest"/>
  <testcase name="micoachMigrationTest" time="12.252" classname="MicoachMigrationTest"/>
  <testcase name="micoachMigrationTest" time="7.555" classname="MicoachMigrationTest"/>
  <testcase name="micoachMigrationTest" time="7.008" classname="MicoachMigrationTest"/>
  <testcase name="micoachMigrationTest" time="10.688" classname="MicoachMigrationTest"/>
  <testcase name="micoachMigrationTest" time="4.736" classname="MicoachMigrationTest"/>
  <testcase name="micoachMigrationTest" time="7.436" classname="MicoachMigrationTest"/>
  <testcase name="micoachMigrationTest" time="5.031" classname="MicoachMigrationTest"/>
  <testcase name="micoachMigrationTest" time="7.021" classname="MicoachMigrationTest"/>
  <testcase name="micoachMigrationTest" time="6.779" classname="MicoachMigrationTest"/>
  <testcase name="micoachMigrationTest" time="12.68" classname="MicoachMigrationTest"/>
</testsuite>
