<?xml version="1.0" encoding="UTF-8" ?>
<testsuite tests="1000" failures="0" name="MicoachMigrationTest" time="663.25" errors="0" skipped="0">
  <properties>
[...]
</properties>
  <testcase classname="MicoachMigrationTest" name="micoachMigrationTest" time="5.763"/>
  <testcase classname="MicoachMigrationTest" name="micoachMigrationTest" time="0.632"/>
  <testcase classname="MicoachMigrationTest" name="micoachMigrationTest" time="0.098"/>
  <testcase classname="MicoachMigrationTest" name="micoachMigrationTest" time="0.071"/>
  <testcase classname="MicoachMigrationTest" name="micoachMigrationTest" time="0.93"/>
  <testcase classname="MicoachMigrationTest" name="micoachMigrationTest" time="0.923"/>
  <testcase classname="MicoachMigrationTest" name="micoachMigrationTest" time="0.025"/>
  <testcase classname="MicoachMigrationTest" name="micoachMigrationTest" time="0.005"/>
  <testcase classname="MicoachMigrationTest" name="micoachMigrationTest" time="0.401"/>
  <testcase classname="MicoachMigrationTest" name="micoachMigrationTest" time="3.27"/>
  <testcase classname="MicoachMigrationTest" name="micoachMigrationTest" time="0"/>
  <testcase classname="MicoachMigrationTest" name="micoachMigrationTest" time="0.232"/>
  <testcase classname="MicoachMigrationTest" name="micoachMigrationTest" time="0.2"/>
  <testcase classname="MicoachMigrationTest" name="micoachMigrationTest" time="0.616"/>
  <testcase classname="MicoachMigrationTest" name="micoachMigrationTest" time="0.7"/>
  <testcase classname="MicoachMigrationTest" name="micoachMigrationTest" time="1.454"/>
  <testcase classname="MicoachMigrationTest" name="micoachMigrationTest" time="0.331"/>
  <testcase classname="MicoachMigrationTest" name="micoachMigrationTest" time="0.901"/>
  <testcase classname="MicoachMigrationTest" name="micoachMigrationTest" time="1.47"/>
  <testcase classname="MicoachMigrationTest" name="micoachMigrationTest" time="0.1"/>
  <testcase classname="MicoachMigrationTest" name="micoachMigrationTest" time="0.201"/>
  <testcase classname="MicoachMigrationTest" name="micoachMigrationTest" time="1.285"/>
  <testcase classname="MicoachMigrationTest" name="micoachMigrationTest" time="2.017"/>
  <testcase classname="MicoachMigrationTest" name="micoachMigrationTest" time="0.085"/>
  <testcase classname="MicoachMigrationTest" name="micoachMigrationTest" time="0.346"/>
  <testcase classname="MicoachMigrationTest" name="micoachMigrationTest" time="0.486"/>
  <testcase classname="MicoachMigrationTest" name="micoachMigrationTest" time="0.116"/>
  <testcase classname="MicoachMigrationTest" name="micoachMigrationTest" time="1.57"/>
  <testcase classname="MicoachMigrationTest" name="micoachMigrationTest" time="0.26"/>
  <testcase classname="MicoachMigrationTest" name="micoachMigrationTest" time="0.256"/>
  <testcase classname="MicoachMigrationTest" name="micoachMigrationTest" time="1.116"/>
  <testcase classname="MicoachMigrationTest" name="micoachMigrationTest" time="1.532"/>
  <testcase classname="MicoachMigrationTest" name="micoachMigrationTest" time="0.022"/>
  <testcase classname="MicoachMigrationTest" name="micoachMigrationTest" time="0.063"/>
  <testcase classname="MicoachMigrationTest" name="micoachMigrationTest" time="0"/>
  <testcase classname="MicoachMigrationTest" name="micoachMigrationTest" time="0.5"/>
  <testcase classname="MicoachMigrationTest" name="micoachMigrationTest" time="1.001"/>
  <testcase classname="MicoachMigrationTest" name="micoachMigrationTest" time="1.7"/>
  <testcase classname="MicoachMigrationTest" name="micoachMigrationTest" time="1.085"/>
  <testcase classname="MicoachMigrationTest" name="micoachMigrationTest" time="1.134"/>
  <testcase classname="MicoachMigrationTest" name="micoachMigrationTest" time="0.468"/>
  <testcase classname="MicoachMigrationTest" name="micoachMigrationTest" time="0.248"/>
  <testcase classname="MicoachMigrationTest" name="micoachMigrationTest" time="0.553"/>
  <testcase classname="MicoachMigrationTest" name="micoachMigrationTest" time="0.231"/>
  <testcase classname="MicoachMigrationTest" name="micoachMigrationTest" time="0.8"/>
  <testcase classname="MicoachMigrationTest" name="micoachMigrationTest" time="1.295"/>
  <testcase classname="MicoachMigrationTest" name="micoachMigrationTest" time="0.143"/>
  <testcase classname="MicoachMigrationTest" name="micoachMigrationTest" time="0.331"/>
  <testcase classname="MicoachMigrationTest" name="micoachMigrationTest" time="1.251"/>
  <testcase classname="MicoachMigrationTest" name="micoachMigrationTest" time="0.067"/>
  <testcase classname="MicoachMigrationTest" name="micoachMigrationTest" time="1.654"/>
  <testcase classname="MicoachMigrationTest" name="micoachMigrationTest" time="0"/>
  <testcase classname="MicoachMigrationTest" name="micoachMigrationTest" time="0.246"/>
  <testcase classname="MicoachMigrationTest" name="micoachMigrationTest" time="0.585"/>
  <testcase classname="MicoachMigrationTest" name="micoachMigrationTest" time="0.084"/>
  <testcase classname="MicoachMigrationTest" name="micoachMigrationTest" time="1.271"/>
  <testcase classname="MicoachMigrationTest" name="micoachMigrationTest" time="1.1"/>
  <testcase classname="MicoachMigrationTest" name="micoachMigrationTest" time="1.417"/>
  <testcase classname="MicoachMigrationTest" name="micoachMigrationTest" time="1.101"/>
  <testcase classname="MicoachMigrationTest" name="micoachMigrationTest" time="0.131"/>
  <testcase classname="MicoachMigrationTest" name="micoachMigrationTest" time="0.053"/>
  <testcase classname="MicoachMigrationTest" name="micoachMigrationTest" time="0.616"/>
  <testcase classname="MicoachMigrationTest" name="micoachMigrationTest" time="0.985"/>
  <testcase classname="MicoachMigrationTest" name="micoachMigrationTest" time="0.516"/>
  <testcase classname="MicoachMigrationTest" name="micoachMigrationTest" time="0.456"/>
  <testcase classname="MicoachMigrationTest" name="micoachMigrationTest" time="0.392"/>
  <testcase classname="MicoachMigrationTest" name="micoachMigrationTest" time="0.369"/>
  <testcase classname="MicoachMigrationTest" name="micoachMigrationTest" time="1.134"/>
  <testcase classname="MicoachMigrationTest" name="micoachMigrationTest" time="0.399"/>
  <testcase classname="MicoachMigrationTest" name="micoachMigrationTest" time="0.206"/>
  <testcase classname="MicoachMigrationTest" name="micoachMigrationTest" time="0.354"/>
  <testcase classname="MicoachMigrationTest" name="micoachMigrationTest" time="0.034"/>
  <testcase classname="MicoachMigrationTest" name="micoachMigrationTest" time="0.701"/>
  <testcase classname="MicoachMigrationTest" name="micoachMigrationTest" time="0.002"/>
  <testcase classname="MicoachMigrationTest" name="micoachMigrationTest" time="0.122"/>
  <testcase classname="MicoachMigrationTest" name="micoachMigrationTest" time="0.233"/>
  <testcase classname="MicoachMigrationTest" name="micoachMigrationTest" time="0.992"/>
  <testcase classname="MicoachMigrationTest" name="micoachMigrationTest" time="0.064"/>
  <testcase classname="MicoachMigrationTest" name="micoachMigrationTest" time="0.315"/>
  <testcase classname="MicoachMigrationTest" name="micoachMigrationTest" time="0.095"/>
  <testcase classname="MicoachMigrationTest" name="micoachMigrationTest" time="0.88"/>
  <testcase classname="MicoachMigrationTest" name="micoachMigrationTest" time="0.116"/>
  <testcase classname="MicoachMigrationTest" name="micoachMigrationTest" time="0.085"/>
  <testcase classname="MicoachMigrationTest" name="micoachMigrationTest" time="0.971"/>
  <testcase classname="MicoachMigrationTest" name="micoachMigrationTest" time="0.068"/>
  <testcase classname="MicoachMigrationTest" name="micoachMigrationTest" time="0.314"/>
  <testcase classname="MicoachMigrationTest" name="micoachMigrationTest" time="0.218"/>
  <testcase classname="MicoachMigrationTest" name="micoachMigrationTest" time="0.154"/>
  <testcase classname="MicoachMigrationTest" name="micoachMigrationTest" time="1.226"/>
  <testcase classname="MicoachMigrationTest" name="micoachMigrationTest" time="2.012"/>
  <testcase classname="MicoachMigrationTest" name="micoachMigrationTest" time="0.495"/>
  <testcase classname="MicoachMigrationTest" name="micoachMigrationTest" time="0.46"/>
  <testcase classname="MicoachMigrationTest" name="micoachMigrationTest" time="0.896"/>
  <testcase classname="MicoachMigrationTest" name="micoachMigrationTest" time="0.55"/>
  <testcase classname="MicoachMigrationTest" name="micoachMigrationTest" time="0.015"/>
  <testcase classname="MicoachMigrationTest" name="micoachMigrationTest" time="0.053"/>
  <testcase classname="MicoachMigrationTest" name="micoachMigrationTest" time="1.387"/>
  <testcase classname="MicoachMigrationTest" name="micoachMigrationTest" time="0.498"/>
  <testcase classname="MicoachMigrationTest" name="micoachMigrationTest" time="0.22"/>
  <testcase classname="MicoachMigrationTest" name="micoachMigrationTest" time="1.067"/>
  <testcase classname="MicoachMigrationTest" name="micoachMigrationTest" time="1.466"/>
  <testcase classname="MicoachMigrationTest" name="micoachMigrationTest" time="0.058"/>
  <testcase classname="MicoachMigrationTest" name="micoachMigrationTest" time="0.962"/>
  <testcase classname="MicoachMigrationTest" name="micoachMigrationTest" time="0.504"/>
  <testcase classname="MicoachMigrationTest" name="micoachMigrationTest" time="0.177"/>
  <testcase classname="MicoachMigrationTest" name="micoachMigrationTest" time="0.181"/>
  <testcase classname="MicoachMigrationTest" name="micoachMigrationTest" time="0.193"/>
  <testcase classname="MicoachMigrationTest" name="micoachMigrationTest" time="2.422"/>
  <testcase classname="MicoachMigrationTest" name="micoachMigrationTest" time="0.029"/>
  <testcase classname="MicoachMigrationTest" name="micoachMigrationTest" time="1.424"/>
  <testcase classname="MicoachMigrationTest" name="micoachMigrationTest" time="0.477"/>
  <testcase classname="MicoachMigrationTest" name="micoachMigrationTest" time="0.658"/>
  <testcase classname="MicoachMigrationTest" name="micoachMigrationTest" time="0.171"/>
  <testcase classname="MicoachMigrationTest" name="micoachMigrationTest" time="0.571"/>
  <testcase classname="MicoachMigrationTest" name="micoachMigrationTest" time="0.198"/>
  <testcase classname="MicoachMigrationTest" name="micoachMigrationTest" time="0.155"/>
  <testcase classname="MicoachMigrationTest" name="micoachMigrationTest" time="1.963"/>
  <testcase classname="MicoachMigrationTest" name="micoachMigrationTest" time="0.653"/>
  <testcase classname="MicoachMigrationTest" name="micoachMigrationTest" time="0.031"/>
  <testcase classname="MicoachMigrationTest" name="micoachMigrationTest" time="1.317"/>
  <testcase classname="MicoachMigrationTest" name="micoachMigrationTest" time="0.769"/>
  <testcase classname="MicoachMigrationTest" name="micoachMigrationTest" time="0.686"/>
  <testcase classname="MicoachMigrationTest" name="micoachMigrationTest" time="0.246"/>
  <testcase classname="MicoachMigrationTest" name="micoachMigrationTest" time="1.154"/>
  <testcase classname="MicoachMigrationTest" name="micoachMigrationTest" time="0.262"/>
  <testcase classname="MicoachMigrationTest" name="micoachMigrationTest" time="0.126"/>
  <testcase classname="MicoachMigrationTest" name="micoachMigrationTest" time="1.128"/>
  <testcase classname="MicoachMigrationTest" name="micoachMigrationTest" time="0.247"/>
  <testcase classname="MicoachMigrationTest" name="micoachMigrationTest" time="0.052"/>
  <testcase classname="MicoachMigrationTest" name="micoachMigrationTest" time="1.421"/>
  <testcase classname="MicoachMigrationTest" name="micoachMigrationTest" time="0.892"/>
  <testcase classname="MicoachMigrationTest" name="micoachMigrationTest" time="0.778"/>
  <testcase classname="MicoachMigrationTest" name="micoachMigrationTest" time="1.431"/>
  <testcase classname="MicoachMigrationTest" name="micoachMigrationTest" time="0.302"/>
  <testcase classname="MicoachMigrationTest" name="micoachMigrationTest" time="0.768"/>
  <testcase classname="MicoachMigrationTest" name="micoachMigrationTest" time="0.363"/>
  <testcase classname="MicoachMigrationTest" name="micoachMigrationTest" time="0.722"/>
  <testcase classname="MicoachMigrationTest" name="micoachMigrationTest" time="0.147"/>
  <testcase classname="MicoachMigrationTest" name="micoachMigrationTest" time="1.432"/>
  <testcase classname="MicoachMigrationTest" name="micoachMigrationTest" time="0.084"/>
  <testcase classname="MicoachMigrationTest" name="micoachMigrationTest" time="1.17"/>
  <testcase classname="MicoachMigrationTest" name="micoachMigrationTest" time="0.147"/>
  <testcase classname="MicoachMigrationTest" name="micoachMigrationTest" time="1.167"/>
  <testcase classname="MicoachMigrationTest" name="micoachMigrationTest" time="0.298"/>
  <testcase classname="MicoachMigrationTest" name="micoachMigrationTest" time="0.274"/>
  <testcase classname="MicoachMigrationTest" name="micoachMigrationTest" time="0.685"/>
  <testcase classname="MicoachMigrationTest" name="micoachMigrationTest" time="0.563"/>
  <testcase classname="MicoachMigrationTest" name="micoachMigrationTest" time="0.116"/>
  <testcase classname="MicoachMigrationTest" name="micoachMigrationTest" time="1.201"/>
  <testcase classname="MicoachMigrationTest" name="micoachMigrationTest" time="1.971"/>
  <testcase classname="MicoachMigrationTest" name="micoachMigrationTest" time="0.115"/>
  <testcase classname="MicoachMigrationTest" name="micoachMigrationTest" time="0.316"/>
  <testcase classname="MicoachMigrationTest" name="micoachMigrationTest" time="0.138"/>
  <testcase classname="MicoachMigrationTest" name="micoachMigrationTest" time="0.415"/>
  <testcase classname="MicoachMigrationTest" name="micoachMigrationTest" time="0.65"/>
  <testcase classname="MicoachMigrationTest" name="micoachMigrationTest" time="1.284"/>
  <testcase classname="MicoachMigrationTest" name="micoachMigrationTest" time="0.667"/>
  <testcase classname="MicoachMigrationTest" name="micoachMigrationTest" time="0.633"/>
  <testcase classname="MicoachMigrationTest" name="micoachMigrationTest" time="0.137"/>
  <testcase classname="MicoachMigrationTest" name="micoachMigrationTest" time="0.93"/>
  <testcase classname="MicoachMigrationTest" name="micoachMigrationTest" time="0.171"/>
  <testcase classname="MicoachMigrationTest" name="micoachMigrationTest" time="1.158"/>
  <testcase classname="MicoachMigrationTest" name="micoachMigrationTest" time="0.282"/>
  <testcase classname="MicoachMigrationTest" name="micoachMigrationTest" time="0.117"/>
  <testcase classname="MicoachMigrationTest" name="micoachMigrationTest" time="0.185"/>
  <testcase classname="MicoachMigrationTest" name="micoachMigrationTest" time="0.116"/>
  <testcase classname="MicoachMigrationTest" name="micoachMigrationTest" time="0.144"/>
  <testcase classname="MicoachMigrationTest" name="micoachMigrationTest" time="0.347"/>
  <testcase classname="MicoachMigrationTest" name="micoachMigrationTest" time="0.285"/>
  <testcase classname="MicoachMigrationTest" name="micoachMigrationTest" time="1.471"/>
  <testcase classname="MicoachMigrationTest" name="micoachMigrationTest" time="0.052"/>
  <testcase classname="MicoachMigrationTest" name="micoachMigrationTest" time="0.245"/>
  <testcase classname="MicoachMigrationTest" name="micoachMigrationTest" time="0.266"/>
  <testcase classname="MicoachMigrationTest" name="micoachMigrationTest" time="0"/>
  <testcase classname="MicoachMigrationTest" name="micoachMigrationTest" time="0.338"/>
  <testcase classname="MicoachMigrationTest" name="micoachMigrationTest" time="0.279"/>
  <testcase classname="MicoachMigrationTest" name="micoachMigrationTest" time="1.323"/>
  <testcase classname="MicoachMigrationTest" name="micoachMigrationTest" time="0.132"/>
  <testcase classname="MicoachMigrationTest" name="micoachMigrationTest" time="0.347"/>
  <testcase classname="MicoachMigrationTest" name="micoachMigrationTest" time="0.022"/>
  <testcase classname="MicoachMigrationTest" name="micoachMigrationTest" time="0.2"/>
  <testcase classname="MicoachMigrationTest" name="micoachMigrationTest" time="0.2"/>
  <testcase classname="MicoachMigrationTest" name="micoachMigrationTest" time="3.497"/>
  <testcase classname="MicoachMigrationTest" name="micoachMigrationTest" time="0.224"/>
  <testcase classname="MicoachMigrationTest" name="micoachMigrationTest" time="0.445"/>
  <testcase classname="MicoachMigrationTest" name="micoachMigrationTest" time="0.213"/>
  <testcase classname="MicoachMigrationTest" name="micoachMigrationTest" time="1.086"/>
  <testcase classname="MicoachMigrationTest" name="micoachMigrationTest" time="0.294"/>
  <testcase classname="MicoachMigrationTest" name="micoachMigrationTest" time="0.098"/>
  <testcase classname="MicoachMigrationTest" name="micoachMigrationTest" time="0.299"/>
  <testcase classname="MicoachMigrationTest" name="micoachMigrationTest" time="0.303"/>
  <testcase classname="MicoachMigrationTest" name="micoachMigrationTest" time="1.755"/>
  <testcase classname="MicoachMigrationTest" name="micoachMigrationTest" time="1.226"/>
  <testcase classname="MicoachMigrationTest" name="micoachMigrationTest" time="0.935"/>
  <testcase classname="MicoachMigrationTest" name="micoachMigrationTest" time="0.647"/>
  <testcase classname="MicoachMigrationTest" name="micoachMigrationTest" time="0.151"/>
  <testcase classname="MicoachMigrationTest" name="micoachMigrationTest" time="0.645"/>
  <testcase classname="MicoachMigrationTest" name="micoachMigrationTest" time="0.503"/>
  <testcase classname="MicoachMigrationTest" name="micoachMigrationTest" time="0.371"/>
  <testcase classname="MicoachMigrationTest" name="micoachMigrationTest" time="0.016"/>
  <testcase classname="MicoachMigrationTest" name="micoachMigrationTest" time="2.407"/>
  <testcase classname="MicoachMigrationTest" name="micoachMigrationTest" time="0.04"/>
  <testcase classname="MicoachMigrationTest" name="micoachMigrationTest" time="0.138"/>
  <testcase classname="MicoachMigrationTest" name="micoachMigrationTest" time="0.614"/>
  <testcase classname="MicoachMigrationTest" name="micoachMigrationTest" time="0.857"/>
  <testcase classname="MicoachMigrationTest" name="micoachMigrationTest" time="0.24"/>
  <testcase classname="MicoachMigrationTest" name="micoachMigrationTest" time="0.617"/>
  <testcase classname="MicoachMigrationTest" name="micoachMigrationTest" time="0.643"/>
  <testcase classname="MicoachMigrationTest" name="micoachMigrationTest" time="1.193"/>
  <testcase classname="MicoachMigrationTest" name="micoachMigrationTest" time="1.057"/>
  <testcase classname="MicoachMigrationTest" name="micoachMigrationTest" time="1.726"/>
  <testcase classname="MicoachMigrationTest" name="micoachMigrationTest" time="0.342"/>
  <testcase classname="MicoachMigrationTest" name="micoachMigrationTest" time="0.047"/>
  <testcase classname="MicoachMigrationTest" name="micoachMigrationTest" time="0.907"/>
  <testcase classname="MicoachMigrationTest" name="micoachMigrationTest" time="0.093"/>
  <testcase classname="MicoachMigrationTest" name="micoachMigrationTest" time="1.614"/>
  <testcase classname="MicoachMigrationTest" name="micoachMigrationTest" time="1.57"/>
  <testcase classname="MicoachMigrationTest" name="micoachMigrationTest" time="0.016"/>
  <testcase classname="MicoachMigrationTest" name="micoachMigrationTest" time="0.064"/>
  <testcase classname="MicoachMigrationTest" name="micoachMigrationTest" time="0.451"/>
  <testcase classname="MicoachMigrationTest" name="micoachMigrationTest" time="0.085"/>
  <testcase classname="MicoachMigrationTest" name="micoachMigrationTest" time="0.759"/>
  <testcase classname="MicoachMigrationTest" name="micoachMigrationTest" time="0.938"/>
  <testcase classname="MicoachMigrationTest" name="micoachMigrationTest" time="1.436"/>
  <testcase classname="MicoachMigrationTest" name="micoachMigrationTest" time="1.185"/>
  <testcase classname="MicoachMigrationTest" name="micoachMigrationTest" time="0.394"/>
  <testcase classname="MicoachMigrationTest" name="micoachMigrationTest" time="0.505"/>
  <testcase classname="MicoachMigrationTest" name="micoachMigrationTest" time="1.527"/>
  <testcase classname="MicoachMigrationTest" name="micoachMigrationTest" time="0.322"/>
  <testcase classname="MicoachMigrationTest" name="micoachMigrationTest" time="0.3"/>
  <testcase classname="MicoachMigrationTest" name="micoachMigrationTest" time="1.103"/>
  <testcase classname="MicoachMigrationTest" name="micoachMigrationTest" time="1.259"/>
  <testcase classname="MicoachMigrationTest" name="micoachMigrationTest" time="0.144"/>
  <testcase classname="MicoachMigrationTest" name="micoachMigrationTest" time="0.887"/>
  <testcase classname="MicoachMigrationTest" name="micoachMigrationTest" time="0.669"/>
  <testcase classname="MicoachMigrationTest" name="micoachMigrationTest" time="0.694"/>
  <testcase classname="MicoachMigrationTest" name="micoachMigrationTest" time="0.575"/>
  <testcase classname="MicoachMigrationTest" name="micoachMigrationTest" time="1.994"/>
  <testcase classname="MicoachMigrationTest" name="micoachMigrationTest" time="0.539"/>
  <testcase classname="MicoachMigrationTest" name="micoachMigrationTest" time="1.498"/>
  <testcase classname="MicoachMigrationTest" name="micoachMigrationTest" time="0.165"/>
  <testcase classname="MicoachMigrationTest" name="micoachMigrationTest" time="0.035"/>
  <testcase classname="MicoachMigrationTest" name="micoachMigrationTest" time="0.181"/>
  <testcase classname="MicoachMigrationTest" name="micoachMigrationTest" time="1.567"/>
  <testcase classname="MicoachMigrationTest" name="micoachMigrationTest" time="1.32"/>
  <testcase classname="MicoachMigrationTest" name="micoachMigrationTest" time="0.1"/>
  <testcase classname="MicoachMigrationTest" name="micoachMigrationTest" time="2.092"/>
  <testcase classname="MicoachMigrationTest" name="micoachMigrationTest" time="0.14"/>
  <testcase classname="MicoachMigrationTest" name="micoachMigrationTest" time="0.564"/>
  <testcase classname="MicoachMigrationTest" name="micoachMigrationTest" time="0.338"/>
  <testcase classname="MicoachMigrationTest" name="micoachMigrationTest" time="0.733"/>
  <testcase classname="MicoachMigrationTest" name="micoachMigrationTest" time="0.497"/>
  <testcase classname="MicoachMigrationTest" name="micoachMigrationTest" time="0.338"/>
  <testcase classname="MicoachMigrationTest" name="micoachMigrationTest" time="0.587"/>
  <testcase classname="MicoachMigrationTest" name="micoachMigrationTest" time="0.508"/>
  <testcase classname="MicoachMigrationTest" name="micoachMigrationTest" time="0.196"/>
  <testcase classname="MicoachMigrationTest" name="micoachMigrationTest" time="0.227"/>
  <testcase classname="MicoachMigrationTest" name="micoachMigrationTest" time="0.714"/>
  <testcase classname="MicoachMigrationTest" name="micoachMigrationTest" time="0.185"/>
  <testcase classname="MicoachMigrationTest" name="micoachMigrationTest" time="0.015"/>
  <testcase classname="MicoachMigrationTest" name="micoachMigrationTest" time="0.169"/>
  <testcase classname="MicoachMigrationTest" name="micoachMigrationTest" time="1.128"/>
  <testcase classname="MicoachMigrationTest" name="micoachMigrationTest" time="0.668"/>
  <testcase classname="MicoachMigrationTest" name="micoachMigrationTest" time="0.335"/>
  <testcase classname="MicoachMigrationTest" name="micoachMigrationTest" time="0.037"/>
  <testcase classname="MicoachMigrationTest" name="micoachMigrationTest" time="0.209"/>
  <testcase classname="MicoachMigrationTest" name="micoachMigrationTest" time="0.067"/>
  <testcase classname="MicoachMigrationTest" name="micoachMigrationTest" time="0.298"/>
  <testcase classname="MicoachMigrationTest" name="micoachMigrationTest" time="1.527"/>
  <testcase classname="MicoachMigrationTest" name="micoachMigrationTest" time="0.204"/>
  <testcase classname="MicoachMigrationTest" name="micoachMigrationTest" time="0.229"/>
  <testcase classname="MicoachMigrationTest" name="micoachMigrationTest" time="0.151"/>
  <testcase classname="MicoachMigrationTest" name="micoachMigrationTest" time="0.463"/>
  <testcase classname="MicoachMigrationTest" name="micoachMigrationTest" time="0.046"/>
  <testcase classname="MicoachMigrationTest" name="micoachMigrationTest" time="1.135"/>
  <testcase classname="MicoachMigrationTest" name="micoachMigrationTest" time="1.364"/>
  <testcase classname="MicoachMigrationTest" name="micoachMigrationTest" time="0.937"/>
  <testcase classname="MicoachMigrationTest" name="micoachMigrationTest" time="1.262"/>
  <testcase classname="MicoachMigrationTest" name="micoachMigrationTest" time="0.383"/>
  <testcase classname="MicoachMigrationTest" name="micoachMigrationTest" time="0.379"/>
  <testcase classname="MicoachMigrationTest" name="micoachMigrationTest" time="0.642"/>
  <testcase classname="MicoachMigrationTest" name="micoachMigrationTest" time="0.095"/>
  <testcase classname="MicoachMigrationTest" name="micoachMigrationTest" time="0.235"/>
  <testcase classname="MicoachMigrationTest" name="micoachMigrationTest" time="0.718"/>
  <testcase classname="MicoachMigrationTest" name="micoachMigrationTest" time="0.072"/>
  <testcase classname="MicoachMigrationTest" name="micoachMigrationTest" time="2.393"/>
  <testcase classname="MicoachMigrationTest" name="micoachMigrationTest" time="0.914"/>
  <testcase classname="MicoachMigrationTest" name="micoachMigrationTest" time="0.365"/>
  <testcase classname="MicoachMigrationTest" name="micoachMigrationTest" time="0.186"/>
  <testcase classname="MicoachMigrationTest" name="micoachMigrationTest" time="0.282"/>
  <testcase classname="MicoachMigrationTest" name="micoachMigrationTest" time="0.419"/>
  <testcase classname="MicoachMigrationTest" name="micoachMigrationTest" time="0.529"/>
  <testcase classname="MicoachMigrationTest" name="micoachMigrationTest" time="0.051"/>
  <testcase classname="MicoachMigrationTest" name="micoachMigrationTest" time="2.818"/>
  <testcase classname="MicoachMigrationTest" name="micoachMigrationTest" time="0.417"/>
  <testcase classname="MicoachMigrationTest" name="micoachMigrationTest" time="0.061"/>
  <testcase classname="MicoachMigrationTest" name="micoachMigrationTest" time="0.001"/>
  <testcase classname="MicoachMigrationTest" name="micoachMigrationTest" time="1.423"/>
  <testcase classname="MicoachMigrationTest" name="micoachMigrationTest" time="0.081"/>
  <testcase classname="MicoachMigrationTest" name="micoachMigrationTest" time="0.662"/>
  <testcase classname="MicoachMigrationTest" name="micoachMigrationTest" time="0.419"/>
  <testcase classname="MicoachMigrationTest" name="micoachMigrationTest" time="0.442"/>
  <testcase classname="MicoachMigrationTest" name="micoachMigrationTest" time="2.246"/>
  <testcase classname="MicoachMigrationTest" name="micoachMigrationTest" time="0.239"/>
  <testcase classname="MicoachMigrationTest" name="micoachMigrationTest" time="0.103"/>
  <testcase classname="MicoachMigrationTest" name="micoachMigrationTest" time="0.224"/>
  <testcase classname="MicoachMigrationTest" name="micoachMigrationTest" time="0.214"/>
  <testcase classname="MicoachMigrationTest" name="micoachMigrationTest" time="1.181"/>
  <testcase classname="MicoachMigrationTest" name="micoachMigrationTest" time="0.55"/>
  <testcase classname="MicoachMigrationTest" name="micoachMigrationTest" time="1.182"/>
  <testcase classname="MicoachMigrationTest" name="micoachMigrationTest" time="0.349"/>
  <testcase classname="MicoachMigrationTest" name="micoachMigrationTest" time="0.846"/>
  <testcase classname="MicoachMigrationTest" name="micoachMigrationTest" time="0.191"/>
  <testcase classname="MicoachMigrationTest" name="micoachMigrationTest" time="0.298"/>
  <testcase classname="MicoachMigrationTest" name="micoachMigrationTest" time="1.273"/>
  <testcase classname="MicoachMigrationTest" name="micoachMigrationTest" time="0.06"/>
  <testcase classname="MicoachMigrationTest" name="micoachMigrationTest" time="0.161"/>
  <testcase classname="MicoachMigrationTest" name="micoachMigrationTest" time="1.388"/>
  <testcase classname="MicoachMigrationTest" name="micoachMigrationTest" time="0.916"/>
  <testcase classname="MicoachMigrationTest" name="micoachMigrationTest" time="0.924"/>
  <testcase classname="MicoachMigrationTest" name="micoachMigrationTest" time="0.365"/>
  <testcase classname="MicoachMigrationTest" name="micoachMigrationTest" time="1.938"/>
  <testcase classname="MicoachMigrationTest" name="micoachMigrationTest" time="0.132"/>
  <testcase classname="MicoachMigrationTest" name="micoachMigrationTest" time="0.02"/>
  <testcase classname="MicoachMigrationTest" name="micoachMigrationTest" time="1.302"/>
  <testcase classname="MicoachMigrationTest" name="micoachMigrationTest" time="0.049"/>
  <testcase classname="MicoachMigrationTest" name="micoachMigrationTest" time="0.775"/>
  <testcase classname="MicoachMigrationTest" name="micoachMigrationTest" time="0.481"/>
  <testcase classname="MicoachMigrationTest" name="micoachMigrationTest" time="0.242"/>
  <testcase classname="MicoachMigrationTest" name="micoachMigrationTest" time="0.588"/>
  <testcase classname="MicoachMigrationTest" name="micoachMigrationTest" time="1.038"/>
  <testcase classname="MicoachMigrationTest" name="micoachMigrationTest" time="0.081"/>
  <testcase classname="MicoachMigrationTest" name="micoachMigrationTest" time="0.972"/>
  <testcase classname="MicoachMigrationTest" name="micoachMigrationTest" time="0.165"/>
  <testcase classname="MicoachMigrationTest" name="micoachMigrationTest" time="1.639"/>
  <testcase classname="MicoachMigrationTest" name="micoachMigrationTest" time="0.452"/>
  <testcase classname="MicoachMigrationTest" name="micoachMigrationTest" time="0.251"/>
  <testcase classname="MicoachMigrationTest" name="micoachMigrationTest" time="0.995"/>
  <testcase classname="MicoachMigrationTest" name="micoachMigrationTest" time="0.031"/>
  <testcase classname="MicoachMigrationTest" name="micoachMigrationTest" time="1.227"/>
  <testcase classname="MicoachMigrationTest" name="micoachMigrationTest" time="0.156"/>
  <testcase classname="MicoachMigrationTest" name="micoachMigrationTest" time="1.279"/>
  <testcase classname="MicoachMigrationTest" name="micoachMigrationTest" time="1.011"/>
  <testcase classname="MicoachMigrationTest" name="micoachMigrationTest" time="0.165"/>
  <testcase classname="MicoachMigrationTest" name="micoachMigrationTest" time="0.541"/>
  <testcase classname="MicoachMigrationTest" name="micoachMigrationTest" time="0.964"/>
  <testcase classname="MicoachMigrationTest" name="micoachMigrationTest" time="0.022"/>
  <testcase classname="MicoachMigrationTest" name="micoachMigrationTest" time="0.278"/>
  <testcase classname="MicoachMigrationTest" name="micoachMigrationTest" time="0.163"/>
  <testcase classname="MicoachMigrationTest" name="micoachMigrationTest" time="0.845"/>
  <testcase classname="MicoachMigrationTest" name="micoachMigrationTest" time="0.004"/>
  <testcase classname="MicoachMigrationTest" name="micoachMigrationTest" time="0.036"/>
  <testcase classname="MicoachMigrationTest" name="micoachMigrationTest" time="0.244"/>
  <testcase classname="MicoachMigrationTest" name="micoachMigrationTest" time="0.008"/>
  <testcase classname="MicoachMigrationTest" name="micoachMigrationTest" time="1.111"/>
  <testcase classname="MicoachMigrationTest" name="micoachMigrationTest" time="0.251"/>
  <testcase classname="MicoachMigrationTest" name="micoachMigrationTest" time="0.638"/>
  <testcase classname="MicoachMigrationTest" name="micoachMigrationTest" time="0.116"/>
  <testcase classname="MicoachMigrationTest" name="micoachMigrationTest" time="0.483"/>
  <testcase classname="MicoachMigrationTest" name="micoachMigrationTest" time="0.517"/>
  <testcase classname="MicoachMigrationTest" name="micoachMigrationTest" time="0.3"/>
  <testcase classname="MicoachMigrationTest" name="micoachMigrationTest" time="0.832"/>
  <testcase classname="MicoachMigrationTest" name="micoachMigrationTest" time="0.076"/>
  <testcase classname="MicoachMigrationTest" name="micoachMigrationTest" time="0.144"/>
  <testcase classname="MicoachMigrationTest" name="micoachMigrationTest" time="0.016"/>
  <testcase classname="MicoachMigrationTest" name="micoachMigrationTest" time="0"/>
  <testcase classname="MicoachMigrationTest" name="micoachMigrationTest" time="0.56"/>
  <testcase classname="MicoachMigrationTest" name="micoachMigrationTest" time="0.978"/>
  <testcase classname="MicoachMigrationTest" name="micoachMigrationTest" time="1.904"/>
  <testcase classname="MicoachMigrationTest" name="micoachMigrationTest" time="1.056"/>
  <testcase classname="MicoachMigrationTest" name="micoachMigrationTest" time="0.001"/>
  <testcase classname="MicoachMigrationTest" name="micoachMigrationTest" time="1.679"/>
  <testcase classname="MicoachMigrationTest" name="micoachMigrationTest" time="0.03"/>
  <testcase classname="MicoachMigrationTest" name="micoachMigrationTest" time="0.427"/>
  <testcase classname="MicoachMigrationTest" name="micoachMigrationTest" time="0.09"/>
  <testcase classname="MicoachMigrationTest" name="micoachMigrationTest" time="0.9"/>
  <testcase classname="MicoachMigrationTest" name="micoachMigrationTest" time="0.642"/>
  <testcase classname="MicoachMigrationTest" name="micoachMigrationTest" time="0.798"/>
  <testcase classname="MicoachMigrationTest" name="micoachMigrationTest" time="0.641"/>
  <testcase classname="MicoachMigrationTest" name="micoachMigrationTest" time="1.369"/>
  <testcase classname="MicoachMigrationTest" name="micoachMigrationTest" time="0.516"/>
  <testcase classname="MicoachMigrationTest" name="micoachMigrationTest" time="0.253"/>
  <testcase classname="MicoachMigrationTest" name="micoachMigrationTest" time="0.23"/>
  <testcase classname="MicoachMigrationTest" name="micoachMigrationTest" time="0.772"/>
  <testcase classname="MicoachMigrationTest" name="micoachMigrationTest" time="0.803"/>
  <testcase classname="MicoachMigrationTest" name="micoachMigrationTest" time="0.388"/>
  <testcase classname="MicoachMigrationTest" name="micoachMigrationTest" time="2.332"/>
  <testcase classname="MicoachMigrationTest" name="micoachMigrationTest" time="0.054"/>
  <testcase classname="MicoachMigrationTest" name="micoachMigrationTest" time="0.737"/>
  <testcase classname="MicoachMigrationTest" name="micoachMigrationTest" time="0.485"/>
  <testcase classname="MicoachMigrationTest" name="micoachMigrationTest" time="0.454"/>
  <testcase classname="MicoachMigrationTest" name="micoachMigrationTest" time="0.749"/>
  <testcase classname="MicoachMigrationTest" name="micoachMigrationTest" time="0.893"/>
  <testcase classname="MicoachMigrationTest" name="micoachMigrationTest" time="0.366"/>
  <testcase classname="MicoachMigrationTest" name="micoachMigrationTest" time="0.546"/>
  <testcase classname="MicoachMigrationTest" name="micoachMigrationTest" time="2.358"/>
  <testcase classname="MicoachMigrationTest" name="micoachMigrationTest" time="0.74"/>
  <testcase classname="MicoachMigrationTest" name="micoachMigrationTest" time="1.136"/>
  <testcase classname="MicoachMigrationTest" name="micoachMigrationTest" time="0.623"/>
  <testcase classname="MicoachMigrationTest" name="micoachMigrationTest" time="0.754"/>
  <testcase classname="MicoachMigrationTest" name="micoachMigrationTest" time="0.636"/>
  <testcase classname="MicoachMigrationTest" name="micoachMigrationTest" time="0.634"/>
  <testcase classname="MicoachMigrationTest" name="micoachMigrationTest" time="1.021"/>
  <testcase classname="MicoachMigrationTest" name="micoachMigrationTest" time="0.861"/>
  <testcase classname="MicoachMigrationTest" name="micoachMigrationTest" time="2.323"/>
  <testcase classname="MicoachMigrationTest" name="micoachMigrationTest" time="0.087"/>
  <testcase classname="MicoachMigrationTest" name="micoachMigrationTest" time="0.543"/>
  <testcase classname="MicoachMigrationTest" name="micoachMigrationTest" time="0.585"/>
  <testcase classname="MicoachMigrationTest" name="micoachMigrationTest" time="1.44"/>
  <testcase classname="MicoachMigrationTest" name="micoachMigrationTest" time="1.411"/>
  <testcase classname="MicoachMigrationTest" name="micoachMigrationTest" time="2.529"/>
  <testcase classname="MicoachMigrationTest" name="micoachMigrationTest" time="0.546"/>
  <testcase classname="MicoachMigrationTest" name="micoachMigrationTest" time="0.095"/>
  <testcase classname="MicoachMigrationTest" name="micoachMigrationTest" time="0.113"/>
  <testcase classname="MicoachMigrationTest" name="micoachMigrationTest" time="0.875"/>
  <testcase classname="MicoachMigrationTest" name="micoachMigrationTest" time="1.166"/>
  <testcase classname="MicoachMigrationTest" name="micoachMigrationTest" time="0.985"/>
  <testcase classname="MicoachMigrationTest" name="micoachMigrationTest" time="2.163"/>
  <testcase classname="MicoachMigrationTest" name="micoachMigrationTest" time="0.424"/>
  <testcase classname="MicoachMigrationTest" name="micoachMigrationTest" time="0.69"/>
  <testcase classname="MicoachMigrationTest" name="micoachMigrationTest" time="0.924"/>
  <testcase classname="MicoachMigrationTest" name="micoachMigrationTest" time="0.44"/>
  <testcase classname="MicoachMigrationTest" name="micoachMigrationTest" time="1.032"/>
  <testcase classname="MicoachMigrationTest" name="micoachMigrationTest" time="0.644"/>
  <testcase classname="MicoachMigrationTest" name="micoachMigrationTest" time="0.105"/>
  <testcase classname="MicoachMigrationTest" name="micoachMigrationTest" time="0.451"/>
  <testcase classname="MicoachMigrationTest" name="micoachMigrationTest" time="1.799"/>
  <testcase classname="MicoachMigrationTest" name="micoachMigrationTest" time="0.94"/>
  <testcase classname="MicoachMigrationTest" name="micoachMigrationTest" time="0.453"/>
  <testcase classname="MicoachMigrationTest" name="micoachMigrationTest" time="0.711"/>
  <testcase classname="MicoachMigrationTest" name="micoachMigrationTest" time="0.658"/>
  <testcase classname="MicoachMigrationTest" name="micoachMigrationTest" time="0.626"/>
  <testcase classname="MicoachMigrationTest" name="micoachMigrationTest" time="1.187"/>
  <testcase classname="MicoachMigrationTest" name="micoachMigrationTest" time="0.344"/>
  <testcase classname="MicoachMigrationTest" name="micoachMigrationTest" time="0.445"/>
  <testcase classname="MicoachMigrationTest" name="micoachMigrationTest" time="1.413"/>
  <testcase classname="MicoachMigrationTest" name="micoachMigrationTest" time="0.701"/>
  <testcase classname="MicoachMigrationTest" name="micoachMigrationTest" time="0.071"/>
  <testcase classname="MicoachMigrationTest" name="micoachMigrationTest" time="0.281"/>
  <testcase classname="MicoachMigrationTest" name="micoachMigrationTest" time="0.425"/>
  <testcase classname="MicoachMigrationTest" name="micoachMigrationTest" time="0.342"/>
  <testcase classname="MicoachMigrationTest" name="micoachMigrationTest" time="1.121"/>
  <testcase classname="MicoachMigrationTest" name="micoachMigrationTest" time="0.721"/>
  <testcase classname="MicoachMigrationTest" name="micoachMigrationTest" time="0.117"/>
  <testcase classname="MicoachMigrationTest" name="micoachMigrationTest" time="0.01"/>
  <testcase classname="MicoachMigrationTest" name="micoachMigrationTest" time="0.033"/>
  <testcase classname="MicoachMigrationTest" name="micoachMigrationTest" time="0.811"/>
  <testcase classname="MicoachMigrationTest" name="micoachMigrationTest" time="0.917"/>
  <testcase classname="MicoachMigrationTest" name="micoachMigrationTest" time="0.018"/>
  <testcase classname="MicoachMigrationTest" name="micoachMigrationTest" time="0.385"/>
  <testcase classname="MicoachMigrationTest" name="micoachMigrationTest" time="0.435"/>
  <testcase classname="MicoachMigrationTest" name="micoachMigrationTest" time="0.191"/>
  <testcase classname="MicoachMigrationTest" name="micoachMigrationTest" time="0.103"/>
  <testcase classname="MicoachMigrationTest" name="micoachMigrationTest" time="0.394"/>
  <testcase classname="MicoachMigrationTest" name="micoachMigrationTest" time="0.957"/>
  <testcase classname="MicoachMigrationTest" name="micoachMigrationTest" time="0.225"/>
  <testcase classname="MicoachMigrationTest" name="micoachMigrationTest" time="1.258"/>
  <testcase classname="MicoachMigrationTest" name="micoachMigrationTest" time="0.497"/>
  <testcase classname="MicoachMigrationTest" name="micoachMigrationTest" time="0.057"/>
  <testcase classname="MicoachMigrationTest" name="micoachMigrationTest" time="0.07"/>
  <testcase classname="MicoachMigrationTest" name="micoachMigrationTest" time="0.248"/>
  <testcase classname="MicoachMigrationTest" name="micoachMigrationTest" time="3.624"/>
  <testcase classname="MicoachMigrationTest" name="micoachMigrationTest" time="0.073"/>
  <testcase classname="MicoachMigrationTest" name="micoachMigrationTest" time="1.139"/>
  <testcase classname="MicoachMigrationTest" name="micoachMigrationTest" time="0.28"/>
  <testcase classname="MicoachMigrationTest" name="micoachMigrationTest" time="1.831"/>
  <testcase classname="MicoachMigrationTest" name="micoachMigrationTest" time="0.683"/>
  <testcase classname="MicoachMigrationTest" name="micoachMigrationTest" time="0.191"/>
  <testcase classname="MicoachMigrationTest" name="micoachMigrationTest" time="0.406"/>
  <testcase classname="MicoachMigrationTest" name="micoachMigrationTest" time="0.02"/>
  <testcase classname="MicoachMigrationTest" name="micoachMigrationTest" time="0.315"/>
  <testcase classname="MicoachMigrationTest" name="micoachMigrationTest" time="1.661"/>
  <testcase classname="MicoachMigrationTest" name="micoachMigrationTest" time="0.616"/>
  <testcase classname="MicoachMigrationTest" name="micoachMigrationTest" time="1.212"/>
  <testcase classname="MicoachMigrationTest" name="micoachMigrationTest" time="0.832"/>
  <testcase classname="MicoachMigrationTest" name="micoachMigrationTest" time="0.042"/>
  <testcase classname="MicoachMigrationTest" name="micoachMigrationTest" time="0.142"/>
  <testcase classname="MicoachMigrationTest" name="micoachMigrationTest" time="0.149"/>
  <testcase classname="MicoachMigrationTest" name="micoachMigrationTest" time="1.677"/>
  <testcase classname="MicoachMigrationTest" name="micoachMigrationTest" time="0.916"/>
  <testcase classname="MicoachMigrationTest" name="micoachMigrationTest" time="0.939"/>
  <testcase classname="MicoachMigrationTest" name="micoachMigrationTest" time="1.729"/>
  <testcase classname="MicoachMigrationTest" name="micoachMigrationTest" time="0.023"/>
  <testcase classname="MicoachMigrationTest" name="micoachMigrationTest" time="0.703"/>
  <testcase classname="MicoachMigrationTest" name="micoachMigrationTest" time="0.878"/>
  <testcase classname="MicoachMigrationTest" name="micoachMigrationTest" time="0.05"/>
  <testcase classname="MicoachMigrationTest" name="micoachMigrationTest" time="0.488"/>
  <testcase classname="MicoachMigrationTest" name="micoachMigrationTest" time="0.127"/>
  <testcase classname="MicoachMigrationTest" name="micoachMigrationTest" time="0.642"/>
  <testcase classname="MicoachMigrationTest" name="micoachMigrationTest" time="1.134"/>
  <testcase classname="MicoachMigrationTest" name="micoachMigrationTest" time="2.076"/>
  <testcase classname="MicoachMigrationTest" name="micoachMigrationTest" time="0.598"/>
  <testcase classname="MicoachMigrationTest" name="micoachMigrationTest" time="0.122"/>
  <testcase classname="MicoachMigrationTest" name="micoachMigrationTest" time="0.654"/>
  <testcase classname="MicoachMigrationTest" name="micoachMigrationTest" time="0.273"/>
  <testcase classname="MicoachMigrationTest" name="micoachMigrationTest" time="0.343"/>
  <testcase classname="MicoachMigrationTest" name="micoachMigrationTest" time="0.685"/>
  <testcase classname="MicoachMigrationTest" name="micoachMigrationTest" time="0.053"/>
  <testcase classname="MicoachMigrationTest" name="micoachMigrationTest" time="1.504"/>
  <testcase classname="MicoachMigrationTest" name="micoachMigrationTest" time="1.148"/>
  <testcase classname="MicoachMigrationTest" name="micoachMigrationTest" time="0.004"/>
  <testcase classname="MicoachMigrationTest" name="micoachMigrationTest" time="0.791"/>
  <testcase classname="MicoachMigrationTest" name="micoachMigrationTest" time="0.756"/>
  <testcase classname="MicoachMigrationTest" name="micoachMigrationTest" time="0.251"/>
  <testcase classname="MicoachMigrationTest" name="micoachMigrationTest" time="0.328"/>
  <testcase classname="MicoachMigrationTest" name="micoachMigrationTest" time="1.802"/>
  <testcase classname="MicoachMigrationTest" name="micoachMigrationTest" time="0.003"/>
  <testcase classname="MicoachMigrationTest" name="micoachMigrationTest" time="0.588"/>
  <testcase classname="MicoachMigrationTest" name="micoachMigrationTest" time="0.627"/>
  <testcase classname="MicoachMigrationTest" name="micoachMigrationTest" time="1.278"/>
  <testcase classname="MicoachMigrationTest" name="micoachMigrationTest" time="0.377"/>
  <testcase classname="MicoachMigrationTest" name="micoachMigrationTest" time="0.534"/>
  <testcase classname="MicoachMigrationTest" name="micoachMigrationTest" time="0.422"/>
  <testcase classname="MicoachMigrationTest" name="micoachMigrationTest" time="0.834"/>
  <testcase classname="MicoachMigrationTest" name="micoachMigrationTest" time="0.012"/>
  <testcase classname="MicoachMigrationTest" name="micoachMigrationTest" time="1.842"/>
  <testcase classname="MicoachMigrationTest" name="micoachMigrationTest" time="0.002"/>
  <testcase classname="MicoachMigrationTest" name="micoachMigrationTest" time="0.197"/>
  <testcase classname="MicoachMigrationTest" name="micoachMigrationTest" time="0.102"/>
  <testcase classname="MicoachMigrationTest" name="micoachMigrationTest" time="0.812"/>
  <testcase classname="MicoachMigrationTest" name="micoachMigrationTest" time="1.483"/>
  <testcase classname="MicoachMigrationTest" name="micoachMigrationTest" time="0.613"/>
  <testcase classname="MicoachMigrationTest" name="micoachMigrationTest" time="0.817"/>
  <testcase classname="MicoachMigrationTest" name="micoachMigrationTest" time="0.333"/>
  <testcase classname="MicoachMigrationTest" name="micoachMigrationTest" time="0.189"/>
  <testcase classname="MicoachMigrationTest" name="micoachMigrationTest" time="0.099"/>
  <testcase classname="MicoachMigrationTest" name="micoachMigrationTest" time="1.185"/>
  <testcase classname="MicoachMigrationTest" name="micoachMigrationTest" time="0.983"/>
  <testcase classname="MicoachMigrationTest" name="micoachMigrationTest" time="0.497"/>
  <testcase classname="MicoachMigrationTest" name="micoachMigrationTest" time="0.394"/>
  <testcase classname="MicoachMigrationTest" name="micoachMigrationTest" time="0.047"/>
  <testcase classname="MicoachMigrationTest" name="micoachMigrationTest" time="1.071"/>
  <testcase classname="MicoachMigrationTest" name="micoachMigrationTest" time="0.854"/>
  <testcase classname="MicoachMigrationTest" name="micoachMigrationTest" time="0.028"/>
  <testcase classname="MicoachMigrationTest" name="micoachMigrationTest" time="0.573"/>
  <testcase classname="MicoachMigrationTest" name="micoachMigrationTest" time="0.094"/>
  <testcase classname="MicoachMigrationTest" name="micoachMigrationTest" time="0.094"/>
  <testcase classname="MicoachMigrationTest" name="micoachMigrationTest" time="0.1"/>
  <testcase classname="MicoachMigrationTest" name="micoachMigrationTest" time="0.35"/>
  <testcase classname="MicoachMigrationTest" name="micoachMigrationTest" time="0.324"/>
  <testcase classname="MicoachMigrationTest" name="micoachMigrationTest" time="0.579"/>
  <testcase classname="MicoachMigrationTest" name="micoachMigrationTest" time="0.67"/>
  <testcase classname="MicoachMigrationTest" name="micoachMigrationTest" time="0.22"/>
  <testcase classname="MicoachMigrationTest" name="micoachMigrationTest" time="0.121"/>
  <testcase classname="MicoachMigrationTest" name="micoachMigrationTest" time="0.232"/>
  <testcase classname="MicoachMigrationTest" name="micoachMigrationTest" time="0.085"/>
  <testcase classname="MicoachMigrationTest" name="micoachMigrationTest" time="0.786"/>
  <testcase classname="MicoachMigrationTest" name="micoachMigrationTest" time="0.479"/>
  <testcase classname="MicoachMigrationTest" name="micoachMigrationTest" time="1.074"/>
  <testcase classname="MicoachMigrationTest" name="micoachMigrationTest" time="0.029"/>
  <testcase classname="MicoachMigrationTest" name="micoachMigrationTest" time="0.185"/>
  <testcase classname="MicoachMigrationTest" name="micoachMigrationTest" time="0.511"/>
  <testcase classname="MicoachMigrationTest" name="micoachMigrationTest" time="0.682"/>
  <testcase classname="MicoachMigrationTest" name="micoachMigrationTest" time="0.362"/>
  <testcase classname="MicoachMigrationTest" name="micoachMigrationTest" time="2.056"/>
  <testcase classname="MicoachMigrationTest" name="micoachMigrationTest" time="1.144"/>
  <testcase classname="MicoachMigrationTest" name="micoachMigrationTest" time="1.059"/>
  <testcase classname="MicoachMigrationTest" name="micoachMigrationTest" time="1.495"/>
  <testcase classname="MicoachMigrationTest" name="micoachMigrationTest" time="0.156"/>
  <testcase classname="MicoachMigrationTest" name="micoachMigrationTest" time="0.836"/>
  <testcase classname="MicoachMigrationTest" name="micoachMigrationTest" time="0.183"/>
  <testcase classname="MicoachMigrationTest" name="micoachMigrationTest" time="0.207"/>
  <testcase classname="MicoachMigrationTest" name="micoachMigrationTest" time="0.387"/>
  <testcase classname="MicoachMigrationTest" name="micoachMigrationTest" time="1.206"/>
  <testcase classname="MicoachMigrationTest" name="micoachMigrationTest" time="0.651"/>
  <testcase classname="MicoachMigrationTest" name="micoachMigrationTest" time="1.194"/>
  <testcase classname="MicoachMigrationTest" name="micoachMigrationTest" time="2.638"/>
  <testcase classname="MicoachMigrationTest" name="micoachMigrationTest" time="2.638"/>
  <testcase classname="MicoachMigrationTest" name="micoachMigrationTest" time="0.035"/>
  <testcase classname="MicoachMigrationTest" name="micoachMigrationTest" time="0.003"/>
  <testcase classname="MicoachMigrationTest" name="micoachMigrationTest" time="0.689"/>
  <testcase classname="MicoachMigrationTest" name="micoachMigrationTest" time="0.621"/>
  <testcase classname="MicoachMigrationTest" name="micoachMigrationTest" time="1.748"/>
  <testcase classname="MicoachMigrationTest" name="micoachMigrationTest" time="0.417"/>
  <testcase classname="MicoachMigrationTest" name="micoachMigrationTest" time="0.453"/>
  <testcase classname="MicoachMigrationTest" name="micoachMigrationTest" time="1.667"/>
  <testcase classname="MicoachMigrationTest" name="micoachMigrationTest" time="0.512"/>
  <testcase classname="MicoachMigrationTest" name="micoachMigrationTest" time="0.871"/>
  <testcase classname="MicoachMigrationTest" name="micoachMigrationTest" time="0.108"/>
  <testcase classname="MicoachMigrationTest" name="micoachMigrationTest" time="0.495"/>
  <testcase classname="MicoachMigrationTest" name="micoachMigrationTest" time="0.12"/>
  <testcase classname="MicoachMigrationTest" name="micoachMigrationTest" time="1.055"/>
  <testcase classname="MicoachMigrationTest" name="micoachMigrationTest" time="1.761"/>
  <testcase classname="MicoachMigrationTest" name="micoachMigrationTest" time="1.063"/>
  <testcase classname="MicoachMigrationTest" name="micoachMigrationTest" time="0.414"/>
  <testcase classname="MicoachMigrationTest" name="micoachMigrationTest" time="1.082"/>
  <testcase classname="MicoachMigrationTest" name="micoachMigrationTest" time="0.664"/>
  <testcase classname="MicoachMigrationTest" name="micoachMigrationTest" time="1.105"/>
  <testcase classname="MicoachMigrationTest" name="micoachMigrationTest" time="0.214"/>
  <testcase classname="MicoachMigrationTest" name="micoachMigrationTest" time="0.168"/>
  <testcase classname="MicoachMigrationTest" name="micoachMigrationTest" time="0.819"/>
  <testcase classname="MicoachMigrationTest" name="micoachMigrationTest" time="0.818"/>
  <testcase classname="MicoachMigrationTest" name="micoachMigrationTest" time="0.029"/>
  <testcase classname="MicoachMigrationTest" name="micoachMigrationTest" time="1.694"/>
  <testcase classname="MicoachMigrationTest" name="micoachMigrationTest" time="0.02"/>
  <testcase classname="MicoachMigrationTest" name="micoachMigrationTest" time="0.185"/>
  <testcase classname="MicoachMigrationTest" name="micoachMigrationTest" time="1.737"/>
  <testcase classname="MicoachMigrationTest" name="micoachMigrationTest" time="0.752"/>
  <testcase classname="MicoachMigrationTest" name="micoachMigrationTest" time="0.602"/>
  <testcase classname="MicoachMigrationTest" name="micoachMigrationTest" time="0.592"/>
  <testcase classname="MicoachMigrationTest" name="micoachMigrationTest" time="0.128"/>
  <testcase classname="MicoachMigrationTest" name="micoachMigrationTest" time="0.897"/>
  <testcase classname="MicoachMigrationTest" name="micoachMigrationTest" time="1.016"/>
  <testcase classname="MicoachMigrationTest" name="micoachMigrationTest" time="0.108"/>
  <testcase classname="MicoachMigrationTest" name="micoachMigrationTest" time="0.043"/>
  <testcase classname="MicoachMigrationTest" name="micoachMigrationTest" time="0.874"/>
  <testcase classname="MicoachMigrationTest" name="micoachMigrationTest" time="0.954"/>
  <testcase classname="MicoachMigrationTest" name="micoachMigrationTest" time="0.832"/>
  <testcase classname="MicoachMigrationTest" name="micoachMigrationTest" time="0.336"/>
  <testcase classname="MicoachMigrationTest" name="micoachMigrationTest" time="0.584"/>
  <testcase classname="MicoachMigrationTest" name="micoachMigrationTest" time="0.056"/>
  <testcase classname="MicoachMigrationTest" name="micoachMigrationTest" time="0.852"/>
  <testcase classname="MicoachMigrationTest" name="micoachMigrationTest" time="0.152"/>
  <testcase classname="MicoachMigrationTest" name="micoachMigrationTest" time="2.134"/>
  <testcase classname="MicoachMigrationTest" name="micoachMigrationTest" time="0.112"/>
  <testcase classname="MicoachMigrationTest" name="micoachMigrationTest" time="0.531"/>
  <testcase classname="MicoachMigrationTest" name="micoachMigrationTest" time="0.603"/>
  <testcase classname="MicoachMigrationTest" name="micoachMigrationTest" time="0.359"/>
  <testcase classname="MicoachMigrationTest" name="micoachMigrationTest" time="0.169"/>
  <testcase classname="MicoachMigrationTest" name="micoachMigrationTest" time="0.879"/>
  <testcase classname="MicoachMigrationTest" name="micoachMigrationTest" time="1.339"/>
  <testcase classname="MicoachMigrationTest" name="micoachMigrationTest" time="0.431"/>
  <testcase classname="MicoachMigrationTest" name="micoachMigrationTest" time="0"/>
  <testcase classname="MicoachMigrationTest" name="micoachMigrationTest" time="0.146"/>
  <testcase classname="MicoachMigrationTest" name="micoachMigrationTest" time="1.055"/>
  <testcase classname="MicoachMigrationTest" name="micoachMigrationTest" time="0.673"/>
  <testcase classname="MicoachMigrationTest" name="micoachMigrationTest" time="0.612"/>
  <testcase classname="MicoachMigrationTest" name="micoachMigrationTest" time="0.109"/>
  <testcase classname="MicoachMigrationTest" name="micoachMigrationTest" time="0.074"/>
  <testcase classname="MicoachMigrationTest" name="micoachMigrationTest" time="0.001"/>
  <testcase classname="MicoachMigrationTest" name="micoachMigrationTest" time="0.563"/>
  <testcase classname="MicoachMigrationTest" name="micoachMigrationTest" time="0.084"/>
  <testcase classname="MicoachMigrationTest" name="micoachMigrationTest" time="0.293"/>
  <testcase classname="MicoachMigrationTest" name="micoachMigrationTest" time="0.357"/>
  <testcase classname="MicoachMigrationTest" name="micoachMigrationTest" time="0.966"/>
  <testcase classname="MicoachMigrationTest" name="micoachMigrationTest" time="0.172"/>
  <testcase classname="MicoachMigrationTest" name="micoachMigrationTest" time="0.022"/>
  <testcase classname="MicoachMigrationTest" name="micoachMigrationTest" time="0.175"/>
  <testcase classname="MicoachMigrationTest" name="micoachMigrationTest" time="0.369"/>
  <testcase classname="MicoachMigrationTest" name="micoachMigrationTest" time="0.438"/>
  <testcase classname="MicoachMigrationTest" name="micoachMigrationTest" time="0.308"/>
  <testcase classname="MicoachMigrationTest" name="micoachMigrationTest" time="1.054"/>
  <testcase classname="MicoachMigrationTest" name="micoachMigrationTest" time="0.098"/>
  <testcase classname="MicoachMigrationTest" name="micoachMigrationTest" time="0.031"/>
  <testcase classname="MicoachMigrationTest" name="micoachMigrationTest" time="0.233"/>
  <testcase classname="MicoachMigrationTest" name="micoachMigrationTest" time="0.437"/>
  <testcase classname="MicoachMigrationTest" name="micoachMigrationTest" time="0.356"/>
  <testcase classname="MicoachMigrationTest" name="micoachMigrationTest" time="2.563"/>
  <testcase classname="MicoachMigrationTest" name="micoachMigrationTest" time="0.728"/>
  <testcase classname="MicoachMigrationTest" name="micoachMigrationTest" time="0.5"/>
  <testcase classname="MicoachMigrationTest" name="micoachMigrationTest" time="0.517"/>
  <testcase classname="MicoachMigrationTest" name="micoachMigrationTest" time="0.183"/>
  <testcase classname="MicoachMigrationTest" name="micoachMigrationTest" time="0.904"/>
  <testcase classname="MicoachMigrationTest" name="micoachMigrationTest" time="0.016"/>
  <testcase classname="MicoachMigrationTest" name="micoachMigrationTest" time="0.211"/>
  <testcase classname="MicoachMigrationTest" name="micoachMigrationTest" time="1.29"/>
  <testcase classname="MicoachMigrationTest" name="micoachMigrationTest" time="0.338"/>
  <testcase classname="MicoachMigrationTest" name="micoachMigrationTest" time="1.233"/>
  <testcase classname="MicoachMigrationTest" name="micoachMigrationTest" time="0.899"/>
  <testcase classname="MicoachMigrationTest" name="micoachMigrationTest" time="0.393"/>
  <testcase classname="MicoachMigrationTest" name="micoachMigrationTest" time="0.207"/>
  <testcase classname="MicoachMigrationTest" name="micoachMigrationTest" time="0.103"/>
  <testcase classname="MicoachMigrationTest" name="micoachMigrationTest" time="0.222"/>
  <testcase classname="MicoachMigrationTest" name="micoachMigrationTest" time="1.263"/>
  <testcase classname="MicoachMigrationTest" name="micoachMigrationTest" time="0.414"/>
  <testcase classname="MicoachMigrationTest" name="micoachMigrationTest" time="1.751"/>
  <testcase classname="MicoachMigrationTest" name="micoachMigrationTest" time="0.356"/>
  <testcase classname="MicoachMigrationTest" name="micoachMigrationTest" time="0.295"/>
  <testcase classname="MicoachMigrationTest" name="micoachMigrationTest" time="0.238"/>
  <testcase classname="MicoachMigrationTest" name="micoachMigrationTest" time="0.97"/>
  <testcase classname="MicoachMigrationTest" name="micoachMigrationTest" time="0.665"/>
  <testcase classname="MicoachMigrationTest" name="micoachMigrationTest" time="0.197"/>
  <testcase classname="MicoachMigrationTest" name="micoachMigrationTest" time="1"/>
  <testcase classname="MicoachMigrationTest" name="micoachMigrationTest" time="0.216"/>
  <testcase classname="MicoachMigrationTest" name="micoachMigrationTest" time="1.048"/>
  <testcase classname="MicoachMigrationTest" name="micoachMigrationTest" time="1.055"/>
  <testcase classname="MicoachMigrationTest" name="micoachMigrationTest" time="0.083"/>
  <testcase classname="MicoachMigrationTest" name="micoachMigrationTest" time="0.901"/>
  <testcase classname="MicoachMigrationTest" name="micoachMigrationTest" time="0.063"/>
  <testcase classname="MicoachMigrationTest" name="micoachMigrationTest" time="0.875"/>
  <testcase classname="MicoachMigrationTest" name="micoachMigrationTest" time="0.201"/>
  <testcase classname="MicoachMigrationTest" name="micoachMigrationTest" time="0.716"/>
  <testcase classname="MicoachMigrationTest" name="micoachMigrationTest" time="1.22"/>
  <testcase classname="MicoachMigrationTest" name="micoachMigrationTest" time="0.701"/>
  <testcase classname="MicoachMigrationTest" name="micoachMigrationTest" time="0.264"/>
  <testcase classname="MicoachMigrationTest" name="micoachMigrationTest" time="0.047"/>
  <testcase classname="MicoachMigrationTest" name="micoachMigrationTest" time="0.453"/>
  <testcase classname="MicoachMigrationTest" name="micoachMigrationTest" time="0.787"/>
  <testcase classname="MicoachMigrationTest" name="micoachMigrationTest" time="0.95"/>
  <testcase classname="MicoachMigrationTest" name="micoachMigrationTest" time="2.464"/>
  <testcase classname="MicoachMigrationTest" name="micoachMigrationTest" time="0.587"/>
  <testcase classname="MicoachMigrationTest" name="micoachMigrationTest" time="0.156"/>
  <testcase classname="MicoachMigrationTest" name="micoachMigrationTest" time="0.276"/>
  <testcase classname="MicoachMigrationTest" name="micoachMigrationTest" time="0.751"/>
  <testcase classname="MicoachMigrationTest" name="micoachMigrationTest" time="0.549"/>
  <testcase classname="MicoachMigrationTest" name="micoachMigrationTest" time="1"/>
  <testcase classname="MicoachMigrationTest" name="micoachMigrationTest" time="0.501"/>
  <testcase classname="MicoachMigrationTest" name="micoachMigrationTest" time="1.221"/>
  <testcase classname="MicoachMigrationTest" name="micoachMigrationTest" time="0.372"/>
  <testcase classname="MicoachMigrationTest" name="micoachMigrationTest" time="1.636"/>
  <testcase classname="MicoachMigrationTest" name="micoachMigrationTest" time="0.092"/>
  <testcase classname="MicoachMigrationTest" name="micoachMigrationTest" time="0.238"/>
  <testcase classname="MicoachMigrationTest" name="micoachMigrationTest" time="0.016"/>
  <testcase classname="MicoachMigrationTest" name="micoachMigrationTest" time="0.562"/>
  <testcase classname="MicoachMigrationTest" name="micoachMigrationTest" time="0.061"/>
  <testcase classname="MicoachMigrationTest" name="micoachMigrationTest" time="1.518"/>
  <testcase classname="MicoachMigrationTest" name="micoachMigrationTest" time="0.822"/>
  <testcase classname="MicoachMigrationTest" name="micoachMigrationTest" time="1.086"/>
  <testcase classname="MicoachMigrationTest" name="micoachMigrationTest" time="1.485"/>
  <testcase classname="MicoachMigrationTest" name="micoachMigrationTest" time="0.247"/>
  <testcase classname="MicoachMigrationTest" name="micoachMigrationTest" time="0.262"/>
  <testcase classname="MicoachMigrationTest" name="micoachMigrationTest" time="0.445"/>
  <testcase classname="MicoachMigrationTest" name="micoachMigrationTest" time="0.151"/>
  <testcase classname="MicoachMigrationTest" name="micoachMigrationTest" time="0.225"/>
  <testcase classname="MicoachMigrationTest" name="micoachMigrationTest" time="1.792"/>
  <testcase classname="MicoachMigrationTest" name="micoachMigrationTest" time="0.333"/>
  <testcase classname="MicoachMigrationTest" name="micoachMigrationTest" time="0.318"/>
  <testcase classname="MicoachMigrationTest" name="micoachMigrationTest" time="0.026"/>
  <testcase classname="MicoachMigrationTest" name="micoachMigrationTest" time="0.705"/>
  <testcase classname="MicoachMigrationTest" name="micoachMigrationTest" time="0.152"/>
  <testcase classname="MicoachMigrationTest" name="micoachMigrationTest" time="1.063"/>
  <testcase classname="MicoachMigrationTest" name="micoachMigrationTest" time="0.499"/>
  <testcase classname="MicoachMigrationTest" name="micoachMigrationTest" time="0.038"/>
  <testcase classname="MicoachMigrationTest" name="micoachMigrationTest" time="0.037"/>
  <testcase classname="MicoachMigrationTest" name="micoachMigrationTest" time="0"/>
  <testcase classname="MicoachMigrationTest" name="micoachMigrationTest" time="0.109"/>
  <testcase classname="MicoachMigrationTest" name="micoachMigrationTest" time="0.085"/>
  <testcase classname="MicoachMigrationTest" name="micoachMigrationTest" time="0.769"/>
  <testcase classname="MicoachMigrationTest" name="micoachMigrationTest" time="1.216"/>
  <testcase classname="MicoachMigrationTest" name="micoachMigrationTest" time="0.67"/>
  <testcase classname="MicoachMigrationTest" name="micoachMigrationTest" time="0"/>
  <testcase classname="MicoachMigrationTest" name="micoachMigrationTest" time="0.015"/>
  <testcase classname="MicoachMigrationTest" name="micoachMigrationTest" time="0.084"/>
  <testcase classname="MicoachMigrationTest" name="micoachMigrationTest" time="0.1"/>
  <testcase classname="MicoachMigrationTest" name="micoachMigrationTest" time="1.016"/>
  <testcase classname="MicoachMigrationTest" name="micoachMigrationTest" time="0.633"/>
  <testcase classname="MicoachMigrationTest" name="micoachMigrationTest" time="0.2"/>
  <testcase classname="MicoachMigrationTest" name="micoachMigrationTest" time="0.969"/>
  <testcase classname="MicoachMigrationTest" name="micoachMigrationTest" time="0.154"/>
  <testcase classname="MicoachMigrationTest" name="micoachMigrationTest" time="0.047"/>
  <testcase classname="MicoachMigrationTest" name="micoachMigrationTest" time="1.723"/>
  <testcase classname="MicoachMigrationTest" name="micoachMigrationTest" time="1.494"/>
  <testcase classname="MicoachMigrationTest" name="micoachMigrationTest" time="0.333"/>
  <testcase classname="MicoachMigrationTest" name="micoachMigrationTest" time="0.138"/>
  <testcase classname="MicoachMigrationTest" name="micoachMigrationTest" time="0.43"/>
  <testcase classname="MicoachMigrationTest" name="micoachMigrationTest" time="0.769"/>
  <testcase classname="MicoachMigrationTest" name="micoachMigrationTest" time="1.035"/>
  <testcase classname="MicoachMigrationTest" name="micoachMigrationTest" time="0.214"/>
  <testcase classname="MicoachMigrationTest" name="micoachMigrationTest" time="0.298"/>
  <testcase classname="MicoachMigrationTest" name="micoachMigrationTest" time="0.811"/>
  <testcase classname="MicoachMigrationTest" name="micoachMigrationTest" time="0.745"/>
  <testcase classname="MicoachMigrationTest" name="micoachMigrationTest" time="1.4"/>
  <testcase classname="MicoachMigrationTest" name="micoachMigrationTest" time="0.647"/>
  <testcase classname="MicoachMigrationTest" name="micoachMigrationTest" time="0.585"/>
  <testcase classname="MicoachMigrationTest" name="micoachMigrationTest" time="0.969"/>
  <testcase classname="MicoachMigrationTest" name="micoachMigrationTest" time="0.047"/>
  <testcase classname="MicoachMigrationTest" name="micoachMigrationTest" time="0.231"/>
  <testcase classname="MicoachMigrationTest" name="micoachMigrationTest" time="0.138"/>
  <testcase classname="MicoachMigrationTest" name="micoachMigrationTest" time="1.825"/>
  <testcase classname="MicoachMigrationTest" name="micoachMigrationTest" time="0.132"/>
  <testcase classname="MicoachMigrationTest" name="micoachMigrationTest" time="0.314"/>
  <testcase classname="MicoachMigrationTest" name="micoachMigrationTest" time="0.921"/>
  <testcase classname="MicoachMigrationTest" name="micoachMigrationTest" time="0.67"/>
  <testcase classname="MicoachMigrationTest" name="micoachMigrationTest" time="1.36"/>
  <testcase classname="MicoachMigrationTest" name="micoachMigrationTest" time="1.117"/>
  <testcase classname="MicoachMigrationTest" name="micoachMigrationTest" time="0.089"/>
  <testcase classname="MicoachMigrationTest" name="micoachMigrationTest" time="0.111"/>
  <testcase classname="MicoachMigrationTest" name="micoachMigrationTest" time="0.3"/>
  <testcase classname="MicoachMigrationTest" name="micoachMigrationTest" time="1.334"/>
  <testcase classname="MicoachMigrationTest" name="micoachMigrationTest" time="0.698"/>
  <testcase classname="MicoachMigrationTest" name="micoachMigrationTest" time="0.502"/>
  <testcase classname="MicoachMigrationTest" name="micoachMigrationTest" time="1.302"/>
  <testcase classname="MicoachMigrationTest" name="micoachMigrationTest" time="0.057"/>
  <testcase classname="MicoachMigrationTest" name="micoachMigrationTest" time="0.692"/>
  <testcase classname="MicoachMigrationTest" name="micoachMigrationTest" time="1.644"/>
  <testcase classname="MicoachMigrationTest" name="micoachMigrationTest" time="0.536"/>
  <testcase classname="MicoachMigrationTest" name="micoachMigrationTest" time="0.18"/>
  <testcase classname="MicoachMigrationTest" name="micoachMigrationTest" time="0.004"/>
  <testcase classname="MicoachMigrationTest" name="micoachMigrationTest" time="1.031"/>
  <testcase classname="MicoachMigrationTest" name="micoachMigrationTest" time="0.844"/>
  <testcase classname="MicoachMigrationTest" name="micoachMigrationTest" time="1"/>
  <testcase classname="MicoachMigrationTest" name="micoachMigrationTest" time="0.642"/>
  <testcase classname="MicoachMigrationTest" name="micoachMigrationTest" time="0.701"/>
  <testcase classname="MicoachMigrationTest" name="micoachMigrationTest" time="1.045"/>
  <testcase classname="MicoachMigrationTest" name="micoachMigrationTest" time="0.725"/>
  <testcase classname="MicoachMigrationTest" name="micoachMigrationTest" time="0.301"/>
  <testcase classname="MicoachMigrationTest" name="micoachMigrationTest" time="1.216"/>
  <testcase classname="MicoachMigrationTest" name="micoachMigrationTest" time="0.546"/>
  <testcase classname="MicoachMigrationTest" name="micoachMigrationTest" time="0.06"/>
  <testcase classname="MicoachMigrationTest" name="micoachMigrationTest" time="0.473"/>
  <testcase classname="MicoachMigrationTest" name="micoachMigrationTest" time="1.051"/>
  <testcase classname="MicoachMigrationTest" name="micoachMigrationTest" time="1.37"/>
  <testcase classname="MicoachMigrationTest" name="micoachMigrationTest" time="0.918"/>
  <testcase classname="MicoachMigrationTest" name="micoachMigrationTest" time="0.466"/>
  <testcase classname="MicoachMigrationTest" name="micoachMigrationTest" time="0.635"/>
  <testcase classname="MicoachMigrationTest" name="micoachMigrationTest" time="0.285"/>
  <testcase classname="MicoachMigrationTest" name="micoachMigrationTest" time="0.216"/>
  <testcase classname="MicoachMigrationTest" name="micoachMigrationTest" time="0.825"/>
  <testcase classname="MicoachMigrationTest" name="micoachMigrationTest" time="0.191"/>
  <testcase classname="MicoachMigrationTest" name="micoachMigrationTest" time="0.37"/>
  <testcase classname="MicoachMigrationTest" name="micoachMigrationTest" time="2.319"/>
  <testcase classname="MicoachMigrationTest" name="micoachMigrationTest" time="0.855"/>
  <testcase classname="MicoachMigrationTest" name="micoachMigrationTest" time="0.179"/>
  <testcase classname="MicoachMigrationTest" name="micoachMigrationTest" time="0.117"/>
  <testcase classname="MicoachMigrationTest" name="micoachMigrationTest" time="0.136"/>
  <testcase classname="MicoachMigrationTest" name="micoachMigrationTest" time="2.688"/>
  <testcase classname="MicoachMigrationTest" name="micoachMigrationTest" time="0.188"/>
  <testcase classname="MicoachMigrationTest" name="micoachMigrationTest" time="0.011"/>
  <testcase classname="MicoachMigrationTest" name="micoachMigrationTest" time="0.185"/>
  <testcase classname="MicoachMigrationTest" name="micoachMigrationTest" time="0.209"/>
  <testcase classname="MicoachMigrationTest" name="micoachMigrationTest" time="0.058"/>
  <testcase classname="MicoachMigrationTest" name="micoachMigrationTest" time="0.682"/>
  <testcase classname="MicoachMigrationTest" name="micoachMigrationTest" time="1.429"/>
  <testcase classname="MicoachMigrationTest" name="micoachMigrationTest" time="0.194"/>
  <testcase classname="MicoachMigrationTest" name="micoachMigrationTest" time="0.13"/>
  <testcase classname="MicoachMigrationTest" name="micoachMigrationTest" time="0.026"/>
  <testcase classname="MicoachMigrationTest" name="micoachMigrationTest" time="0.006"/>
  <testcase classname="MicoachMigrationTest" name="micoachMigrationTest" time="0.022"/>
  <testcase classname="MicoachMigrationTest" name="micoachMigrationTest" time="0.274"/>
  <testcase classname="MicoachMigrationTest" name="micoachMigrationTest" time="0.532"/>
  <testcase classname="MicoachMigrationTest" name="micoachMigrationTest" time="1.378"/>
  <testcase classname="MicoachMigrationTest" name="micoachMigrationTest" time="0.001"/>
  <testcase classname="MicoachMigrationTest" name="micoachMigrationTest" time="0.224"/>
  <testcase classname="MicoachMigrationTest" name="micoachMigrationTest" time="0.232"/>
  <testcase classname="MicoachMigrationTest" name="micoachMigrationTest" time="0.146"/>
  <testcase classname="MicoachMigrationTest" name="micoachMigrationTest" time="0.018"/>
  <testcase classname="MicoachMigrationTest" name="micoachMigrationTest" time="0.71"/>
  <testcase classname="MicoachMigrationTest" name="micoachMigrationTest" time="1.281"/>
  <testcase classname="MicoachMigrationTest" name="micoachMigrationTest" time="0.318"/>
  <testcase classname="MicoachMigrationTest" name="micoachMigrationTest" time="0.006"/>
  <testcase classname="MicoachMigrationTest" name="micoachMigrationTest" time="0.309"/>
  <testcase classname="MicoachMigrationTest" name="micoachMigrationTest" time="0.27"/>
  <testcase classname="MicoachMigrationTest" name="micoachMigrationTest" time="2.255"/>
  <testcase classname="MicoachMigrationTest" name="micoachMigrationTest" time="0.278"/>
  <testcase classname="MicoachMigrationTest" name="micoachMigrationTest" time="1.318"/>
  <testcase classname="MicoachMigrationTest" name="micoachMigrationTest" time="0.373"/>
  <testcase classname="MicoachMigrationTest" name="micoachMigrationTest" time="0.715"/>
  <testcase classname="MicoachMigrationTest" name="micoachMigrationTest" time="0.032"/>
  <testcase classname="MicoachMigrationTest" name="micoachMigrationTest" time="0.546"/>
  <testcase classname="MicoachMigrationTest" name="micoachMigrationTest" time="0.238"/>
  <testcase classname="MicoachMigrationTest" name="micoachMigrationTest" time="1.132"/>
  <testcase classname="MicoachMigrationTest" name="micoachMigrationTest" time="0.47"/>
  <testcase classname="MicoachMigrationTest" name="micoachMigrationTest" time="0.993"/>
  <testcase classname="MicoachMigrationTest" name="micoachMigrationTest" time="0.479"/>
  <testcase classname="MicoachMigrationTest" name="micoachMigrationTest" time="0.867"/>
  <testcase classname="MicoachMigrationTest" name="micoachMigrationTest" time="0.422"/>
  <testcase classname="MicoachMigrationTest" name="micoachMigrationTest" time="0.085"/>
  <testcase classname="MicoachMigrationTest" name="micoachMigrationTest" time="0.919"/>
  <testcase classname="MicoachMigrationTest" name="micoachMigrationTest" time="0.362"/>
  <testcase classname="MicoachMigrationTest" name="micoachMigrationTest" time="0.384"/>
  <testcase classname="MicoachMigrationTest" name="micoachMigrationTest" time="0.876"/>
  <testcase classname="MicoachMigrationTest" name="micoachMigrationTest" time="1.78"/>
  <testcase classname="MicoachMigrationTest" name="micoachMigrationTest" time="0"/>
  <testcase classname="MicoachMigrationTest" name="micoachMigrationTest" time="0.316"/>
  <testcase classname="MicoachMigrationTest" name="micoachMigrationTest" time="0.292"/>
  <testcase classname="MicoachMigrationTest" name="micoachMigrationTest" time="0.47"/>
  <testcase classname="MicoachMigrationTest" name="micoachMigrationTest" time="2.076"/>
  <testcase classname="MicoachMigrationTest" name="micoachMigrationTest" time="0.012"/>
  <testcase classname="MicoachMigrationTest" name="micoachMigrationTest" time="0.219"/>
  <testcase classname="MicoachMigrationTest" name="micoachMigrationTest" time="0.495"/>
  <testcase classname="MicoachMigrationTest" name="micoachMigrationTest" time="0.804"/>
  <testcase classname="MicoachMigrationTest" name="micoachMigrationTest" time="1.147"/>
  <testcase classname="MicoachMigrationTest" name="micoachMigrationTest" time="0.232"/>
  <testcase classname="MicoachMigrationTest" name="micoachMigrationTest" time="1.422"/>
  <testcase classname="MicoachMigrationTest" name="micoachMigrationTest" time="0.56"/>
  <testcase classname="MicoachMigrationTest" name="micoachMigrationTest" time="0.16"/>
  <testcase classname="MicoachMigrationTest" name="micoachMigrationTest" time="0.137"/>
  <testcase classname="MicoachMigrationTest" name="micoachMigrationTest" time="1.289"/>
  <testcase classname="MicoachMigrationTest" name="micoachMigrationTest" time="0.318"/>
  <testcase classname="MicoachMigrationTest" name="micoachMigrationTest" time="0.686"/>
  <testcase classname="MicoachMigrationTest" name="micoachMigrationTest" time="0.194"/>
  <testcase classname="MicoachMigrationTest" name="micoachMigrationTest" time="0.998"/>
  <testcase classname="MicoachMigrationTest" name="micoachMigrationTest" time="0.29"/>
  <testcase classname="MicoachMigrationTest" name="micoachMigrationTest" time="1.048"/>
  <testcase classname="MicoachMigrationTest" name="micoachMigrationTest" time="0.871"/>
  <testcase classname="MicoachMigrationTest" name="micoachMigrationTest" time="0.505"/>
  <testcase classname="MicoachMigrationTest" name="micoachMigrationTest" time="0.629"/>
  <testcase classname="MicoachMigrationTest" name="micoachMigrationTest" time="1.06"/>
  <testcase classname="MicoachMigrationTest" name="micoachMigrationTest" time="0.268"/>
  <testcase classname="MicoachMigrationTest" name="micoachMigrationTest" time="1.247"/>
  <testcase classname="MicoachMigrationTest" name="micoachMigrationTest" time="0.355"/>
  <testcase classname="MicoachMigrationTest" name="micoachMigrationTest" time="0.098"/>
  <testcase classname="MicoachMigrationTest" name="micoachMigrationTest" time="1.32"/>
  <testcase classname="MicoachMigrationTest" name="micoachMigrationTest" time="0.829"/>
  <testcase classname="MicoachMigrationTest" name="micoachMigrationTest" time="0.525"/>
  <testcase classname="MicoachMigrationTest" name="micoachMigrationTest" time="0.17"/>
  <testcase classname="MicoachMigrationTest" name="micoachMigrationTest" time="0.121"/>
  <testcase classname="MicoachMigrationTest" name="micoachMigrationTest" time="2.005"/>
  <testcase classname="MicoachMigrationTest" name="micoachMigrationTest" time="0.005"/>
  <testcase classname="MicoachMigrationTest" name="micoachMigrationTest" time="0.041"/>
  <testcase classname="MicoachMigrationTest" name="micoachMigrationTest" time="1.612"/>
  <testcase classname="MicoachMigrationTest" name="micoachMigrationTest" time="0.571"/>
  <testcase classname="MicoachMigrationTest" name="micoachMigrationTest" time="0.113"/>
  <testcase classname="MicoachMigrationTest" name="micoachMigrationTest" time="1.926"/>
  <testcase classname="MicoachMigrationTest" name="micoachMigrationTest" time="0.68"/>
  <testcase classname="MicoachMigrationTest" name="micoachMigrationTest" time="0.216"/>
  <testcase classname="MicoachMigrationTest" name="micoachMigrationTest" time="0.443"/>
  <testcase classname="MicoachMigrationTest" name="micoachMigrationTest" time="0.485"/>
  <testcase classname="MicoachMigrationTest" name="micoachMigrationTest" time="1.361"/>
  <testcase classname="MicoachMigrationTest" name="micoachMigrationTest" time="0.579"/>
  <testcase classname="MicoachMigrationTest" name="micoachMigrationTest" time="0.327"/>
  <testcase classname="MicoachMigrationTest" name="micoachMigrationTest" time="0.062"/>
  <testcase classname="MicoachMigrationTest" name="micoachMigrationTest" time="0.231"/>
  <testcase classname="MicoachMigrationTest" name="micoachMigrationTest" time="0.338"/>
  <testcase classname="MicoachMigrationTest" name="micoachMigrationTest" time="0.803"/>
  <testcase classname="MicoachMigrationTest" name="micoachMigrationTest" time="0.983"/>
  <testcase classname="MicoachMigrationTest" name="micoachMigrationTest" time="0.311"/>
  <testcase classname="MicoachMigrationTest" name="micoachMigrationTest" time="0.034"/>
  <testcase classname="MicoachMigrationTest" name="micoachMigrationTest" time="0.224"/>
  <testcase classname="MicoachMigrationTest" name="micoachMigrationTest" time="0.09"/>
  <testcase classname="MicoachMigrationTest" name="micoachMigrationTest" time="0.025"/>
  <testcase classname="MicoachMigrationTest" name="micoachMigrationTest" time="0.074"/>
  <testcase classname="MicoachMigrationTest" name="micoachMigrationTest" time="0.649"/>
  <testcase classname="MicoachMigrationTest" name="micoachMigrationTest" time="1.358"/>
  <testcase classname="MicoachMigrationTest" name="micoachMigrationTest" time="0.044"/>
  <testcase classname="MicoachMigrationTest" name="micoachMigrationTest" time="0.074"/>
  <testcase classname="MicoachMigrationTest" name="micoachMigrationTest" time="0.121"/>
  <testcase classname="MicoachMigrationTest" name="micoachMigrationTest" time="0.163"/>
  <testcase classname="MicoachMigrationTest" name="micoachMigrationTest" time="0.048"/>
  <testcase classname="MicoachMigrationTest" name="micoachMigrationTest" time="0.735"/>
  <testcase classname="MicoachMigrationTest" name="micoachMigrationTest" time="1.315"/>
  <testcase classname="MicoachMigrationTest" name="micoachMigrationTest" time="0.405"/>
  <testcase classname="MicoachMigrationTest" name="micoachMigrationTest" time="0.049"/>
  <testcase classname="MicoachMigrationTest" name="micoachMigrationTest" time="0.484"/>
  <testcase classname="MicoachMigrationTest" name="micoachMigrationTest" time="0.118"/>
  <testcase classname="MicoachMigrationTest" name="micoachMigrationTest" time="1.214"/>
  <testcase classname="MicoachMigrationTest" name="micoachMigrationTest" time="0.958"/>
  <testcase classname="MicoachMigrationTest" name="micoachMigrationTest" time="1.218"/>
  <testcase classname="MicoachMigrationTest" name="micoachMigrationTest" time="0.385"/>
  <testcase classname="MicoachMigrationTest" name="micoachMigrationTest" time="0.471"/>
  <testcase classname="MicoachMigrationTest" name="micoachMigrationTest" time="0.031"/>
  <testcase classname="MicoachMigrationTest" name="micoachMigrationTest" time="1.811"/>
  <testcase classname="MicoachMigrationTest" name="micoachMigrationTest" time="0.999"/>
  <testcase classname="MicoachMigrationTest" name="micoachMigrationTest" time="0.128"/>
  <testcase classname="MicoachMigrationTest" name="micoachMigrationTest" time="0.489"/>
  <testcase classname="MicoachMigrationTest" name="micoachMigrationTest" time="0.014"/>
  <testcase classname="MicoachMigrationTest" name="micoachMigrationTest" time="0.794"/>
  <testcase classname="MicoachMigrationTest" name="micoachMigrationTest" time="1.109"/>
  <testcase classname="MicoachMigrationTest" name="micoachMigrationTest" time="0.589"/>
  <testcase classname="MicoachMigrationTest" name="micoachMigrationTest" time="0.138"/>
  <testcase classname="MicoachMigrationTest" name="micoachMigrationTest" time="1.286"/>
  <testcase classname="MicoachMigrationTest" name="micoachMigrationTest" time="0.212"/>
  <testcase classname="MicoachMigrationTest" name="micoachMigrationTest" time="0.354"/>
  <testcase classname="MicoachMigrationTest" name="micoachMigrationTest" time="0.786"/>
  <testcase classname="MicoachMigrationTest" name="micoachMigrationTest" time="0.898"/>
  <testcase classname="MicoachMigrationTest" name="micoachMigrationTest" time="0.388"/>
  <testcase classname="MicoachMigrationTest" name="micoachMigrationTest" time="1.249"/>
  <testcase classname="MicoachMigrationTest" name="micoachMigrationTest" time="0.837"/>
  <testcase classname="MicoachMigrationTest" name="micoachMigrationTest" time="0.695"/>
  <testcase classname="MicoachMigrationTest" name="micoachMigrationTest" time="0.522"/>
  <testcase classname="MicoachMigrationTest" name="micoachMigrationTest" time="0.929"/>
  <testcase classname="MicoachMigrationTest" name="micoachMigrationTest" time="0.217"/>
  <testcase classname="MicoachMigrationTest" name="micoachMigrationTest" time="0.403"/>
  <testcase classname="MicoachMigrationTest" name="micoachMigrationTest" time="2.339"/>
  <testcase classname="MicoachMigrationTest" name="micoachMigrationTest" time="0.225"/>
  <testcase classname="MicoachMigrationTest" name="micoachMigrationTest" time="0.265"/>
  <testcase classname="MicoachMigrationTest" name="micoachMigrationTest" time="0.616"/>
  <testcase classname="MicoachMigrationTest" name="micoachMigrationTest" time="1.426"/>
  <testcase classname="MicoachMigrationTest" name="micoachMigrationTest" time="0.745"/>
  <testcase classname="MicoachMigrationTest" name="micoachMigrationTest" time="1.012"/>
  <testcase classname="MicoachMigrationTest" name="micoachMigrationTest" time="0.092"/>
  <testcase classname="MicoachMigrationTest" name="micoachMigrationTest" time="0.743"/>
  <testcase classname="MicoachMigrationTest" name="micoachMigrationTest" time="0.82"/>
  <testcase classname="MicoachMigrationTest" name="micoachMigrationTest" time="0.185"/>
  <testcase classname="MicoachMigrationTest" name="micoachMigrationTest" time="0.018"/>
  <testcase classname="MicoachMigrationTest" name="micoachMigrationTest" time="1.083"/>
  <testcase classname="MicoachMigrationTest" name="micoachMigrationTest" time="1.025"/>
  <testcase classname="MicoachMigrationTest" name="micoachMigrationTest" time="0.672"/>
  <testcase classname="MicoachMigrationTest" name="micoachMigrationTest" time="2.08"/>
  <testcase classname="MicoachMigrationTest" name="micoachMigrationTest" time="0.476"/>
  <testcase classname="MicoachMigrationTest" name="micoachMigrationTest" time="0.206"/>
  <testcase classname="MicoachMigrationTest" name="micoachMigrationTest" time="1.098"/>
  <testcase classname="MicoachMigrationTest" name="micoachMigrationTest" time="0.371"/>
  <testcase classname="MicoachMigrationTest" name="micoachMigrationTest" time="0.121"/>
  <testcase classname="MicoachMigrationTest" name="micoachMigrationTest" time="1.364"/>
  <testcase classname="MicoachMigrationTest" name="micoachMigrationTest" time="0.816"/>
  <testcase classname="MicoachMigrationTest" name="micoachMigrationTest" time="0.383"/>
  <testcase classname="MicoachMigrationTest" name="micoachMigrationTest" time="0.828"/>
  <testcase classname="MicoachMigrationTest" name="micoachMigrationTest" time="0.111"/>
  <testcase classname="MicoachMigrationTest" name="micoachMigrationTest" time="1.779"/>
  <testcase classname="MicoachMigrationTest" name="micoachMigrationTest" time="0.1"/>
  <testcase classname="MicoachMigrationTest" name="micoachMigrationTest" time="0.701"/>
  <testcase classname="MicoachMigrationTest" name="micoachMigrationTest" time="0.231"/>
  <testcase classname="MicoachMigrationTest" name="micoachMigrationTest" time="0.753"/>
  <testcase classname="MicoachMigrationTest" name="micoachMigrationTest" time="0.1"/>
  <testcase classname="MicoachMigrationTest" name="micoachMigrationTest" time="1.646"/>
  <testcase classname="MicoachMigrationTest" name="micoachMigrationTest" time="1.41"/>
  <testcase classname="MicoachMigrationTest" name="micoachMigrationTest" time="0.044"/>
  <testcase classname="MicoachMigrationTest" name="micoachMigrationTest" time="1.23"/>
  <testcase classname="MicoachMigrationTest" name="micoachMigrationTest" time="0.461"/>
  <testcase classname="MicoachMigrationTest" name="micoachMigrationTest" time="0.295"/>
  <testcase classname="MicoachMigrationTest" name="micoachMigrationTest" time="1.68"/>
  <testcase classname="MicoachMigrationTest" name="micoachMigrationTest" time="2.117"/>
  <testcase classname="MicoachMigrationTest" name="micoachMigrationTest" time="2.233"/>
  <testcase classname="MicoachMigrationTest" name="micoachMigrationTest" time="3.001"/>
  <testcase classname="MicoachMigrationTest" name="micoachMigrationTest" time="4.291"/>
  <testcase classname="MicoachMigrationTest" name="micoachMigrationTest" time="4.57"/>
  <testcase classname="MicoachMigrationTest" name="micoachMigrationTest" time="5.33"/>
  <testcase classname="MicoachMigrationTest" name="micoachMigrationTest" time="6.78"/>
  <testcase classname="MicoachMigrationTest" name="micoachMigrationTest" time="7.889"/>
</testsuite>