<?xml version="1.0" encoding="UTF-8"?>
<testng-results skipped="0" failed="0" total="1000" passed="1000">
  <reporter-output>
  </reporter-output>
  <suite name="MicoachMigrationTest" duration-ms="630751" started-at="2016-11-07T09:21:21Z" finished-at="2016-11-07T09:31:52Z">
    <groups>
      <group name="migration">
        <method signature="MicoachMigrationTest.micoachMigrationTest()[pri:0, instance:MicoachMigrationTest@35f983a6]" name="micoachMigrationTest" class="MicoachMigrationTest"/>
      </group> <!-- migration -->
    </groups>
    <test name="Command line test" duration-ms="630751" started-at="2016-11-07T09:21:21Z" finished-at="2016-11-07T09:31:52Z">
      <class name="MicoachMigrationTest">
        <test-method status="PASS" signature="setUp()[pri:0, instance:MicoachMigrationTest@35f983a6]" name="setUp" is-config="true" duration-ms="216" started-at="2016-11-07T11:21:21Z" finished-at="2016-11-07T11:21:21Z">
          <reporter-output>
          </reporter-output>
        </test-method> <!-- setUp -->
        <test-method status="PASS" signature="micoachMigrationTest()[pri:0, instance:MicoachMigrationTest@35f983a6]" name="micoachMigrationTest" duration-ms="6564" started-at="2016-11-07T11:21:21Z" finished-at="2016-11-07T11:21:28Z">
          <reporter-output>
          </reporter-output>
        </test-method> <!-- micoachMigrationTest -->
        <test-method status="PASS" signature="micoachMigrationTest()[pri:0, instance:MicoachMigrationTest@35f983a6]" name="micoachMigrationTest" duration-ms="6478" started-at="2016-11-07T11:21:21Z" finished-at="2016-11-07T11:21:27Z">
          <reporter-output>
          </reporter-output>
        </test-method> <!-- micoachMigrationTest -->
        <test-method status="PASS" signature="micoachMigrationTest()[pri:0, instance:MicoachMigrationTest@35f983a6]" name="micoachMigrationTest" duration-ms="8849" started-at="2016-11-07T11:21:21Z" finished-at="2016-11-07T11:21:30Z">
          <reporter-output>
          </reporter-output>
        </test-method> <!-- micoachMigrationTest -->
        <test-method status="PASS" signature="micoachMigrationTest()[pri:0, instance:MicoachMigrationTest@35f983a6]" name="micoachMigrationTest" duration-ms="7494" started-at="2016-11-07T11:21:21Z" finished-at="2016-11-07T11:21:28Z">
          <reporter-output>
          </reporter-output>
        </test-method> <!-- micoachMigrationTest -->
        <test-method status="PASS" signature="micoachMigrationTest()[pri:0, instance:MicoachMigrationTest@35f983a6]" name="micoachMigrationTest" duration-ms="6395" started-at="2016-11-07T11:21:21Z" finished-at="2016-11-07T11:21:27Z">
          <reporter-output>
          </reporter-output>
        </test-method> <!-- micoachMigrationTest -->
        <test-method status="PASS" signature="micoachMigrationTest()[pri:0, instance:MicoachMigrationTest@35f983a6]" name="micoachMigrationTest" duration-ms="8417" started-at="2016-11-07T11:21:21Z" finished-at="2016-11-07T11:21:29Z">
          <reporter-output>
          </reporter-output>
        </test-method> <!-- micoachMigrationTest -->
        <test-method status="PASS" signature="micoachMigrationTest()[pri:0, instance:MicoachMigrationTest@35f983a6]" name="micoachMigrationTest" duration-ms="8448" started-at="2016-11-07T11:21:21Z" finished-at="2016-11-07T11:21:29Z">
          <reporter-output>
          </reporter-output>
        </test-method> <!-- micoachMigrationTest -->
        <test-method status="PASS" signature="micoachMigrationTest()[pri:0, instance:MicoachMigrationTest@35f983a6]" name="micoachMigrationTest" duration-ms="12351" started-at="2016-11-07T11:21:21Z" finished-at="2016-11-07T11:21:33Z">
          <reporter-output>
          </reporter-output>
        </test-method> <!-- micoachMigrationTest -->
        <test-method status="PASS" signature="micoachMigrationTest()[pri:0, instance:MicoachMigrationTest@35f983a6]" name="micoachMigrationTest" duration-ms="8442" started-at="2016-11-07T11:21:21Z" finished-at="2016-11-07T11:21:29Z">
          <reporter-output>
          </reporter-output>
        </test-method> <!-- micoachMigrationTest -->
        <test-method status="PASS" signature="micoachMigrationTest()[pri:0, instance:MicoachMigrationTest@35f983a6]" name="micoachMigrationTest" duration-ms="5763" started-at="2016-11-07T11:21:21Z" finished-at="2016-11-07T11:21:27Z">
          <reporter-output>
          </reporter-output>
        </test-method> <!-- micoachMigrationTest -->
        <test-method status="PASS" signature="micoachMigrationTest()[pri:0, instance:MicoachMigrationTest@35f983a6]" name="micoachMigrationTest" duration-ms="10790" started-at="2016-11-07T11:21:27Z" finished-at="2016-11-07T11:21:38Z">
          <reporter-output>
          </reporter-output>
        </test-method> <!-- micoachMigrationTest -->
        <test-method status="PASS" signature="micoachMigrationTest()[pri:0, instance:MicoachMigrationTest@35f983a6]" name="micoachMigrationTest" duration-ms="6156" started-at="2016-11-07T11:21:27Z" finished-at="2016-11-07T11:21:34Z">
          <reporter-output>
          </reporter-output>
        </test-method> <!-- micoachMigrationTest -->
        <test-method status="PASS" signature="micoachMigrationTest()[pri:0, instance:MicoachMigrationTest@35f983a6]" name="micoachMigrationTest" duration-ms="5626" started-at="2016-11-07T11:21:27Z" finished-at="2016-11-07T11:21:33Z">
          <reporter-output>
          </reporter-output>
        </test-method> <!-- micoachMigrationTest -->
        <test-method status="PASS" signature="micoachMigrationTest()[pri:0, instance:MicoachMigrationTest@35f983a6]" name="micoachMigrationTest" duration-ms="5555" started-at="2016-11-07T11:21:28Z" finished-at="2016-11-07T11:21:33Z">
          <reporter-output>
          </reporter-output>
        </test-method> <!-- micoachMigrationTest -->
        <test-method status="PASS" signature="micoachMigrationTest()[pri:0, instance:MicoachMigrationTest@35f983a6]" name="micoachMigrationTest" duration-ms="12130" started-at="2016-11-07T11:21:28Z" finished-at="2016-11-07T11:21:41Z">
          <reporter-output>
          </reporter-output>
        </test-method> <!-- micoachMigrationTest -->
        <test-method status="PASS" signature="micoachMigrationTest()[pri:0, instance:MicoachMigrationTest@35f983a6]" name="micoachMigrationTest" duration-ms="4750" started-at="2016-11-07T11:21:29Z" finished-at="2016-11-07T11:21:34Z">
          <reporter-output>
          </reporter-output>
        </test-method> <!-- micoachMigrationTest -->
        <test-method status="PASS" signature="micoachMigrationTest()[pri:0, instance:MicoachMigrationTest@35f983a6]" name="micoachMigrationTest" duration-ms="6879" started-at="2016-11-07T11:21:29Z" finished-at="2016-11-07T11:21:36Z">
          <reporter-output>
          </reporter-output>
        </test-method> <!-- micoachMigrationTest -->
        <test-method status="PASS" signature="micoachMigrationTest()[pri:0, instance:MicoachMigrationTest@35f983a6]" name="micoachMigrationTest" duration-ms="5419" started-at="2016-11-07T11:21:29Z" finished-at="2016-11-07T11:21:35Z">
          <reporter-output>
          </reporter-output>
        </test-method> <!-- micoachMigrationTest -->
        <test-method status="PASS" signature="micoachMigrationTest()[pri:0, instance:MicoachMigrationTest@35f983a6]" name="micoachMigrationTest" duration-ms="6803" started-at="2016-11-07T11:21:30Z" finished-at="2016-11-07T11:21:37Z">
          <reporter-output>
          </reporter-output>
        </test-method> <!-- micoachMigrationTest -->
        <test-method status="PASS" signature="micoachMigrationTest()[pri:0, instance:MicoachMigrationTest@35f983a6]" name="micoachMigrationTest" duration-ms="6004" started-at="2016-11-07T11:21:33Z" finished-at="2016-11-07T11:21:39Z">
          <reporter-output>
          </reporter-output>
        </test-method> <!-- micoachMigrationTest -->
        <test-method status="PASS" signature="micoachMigrationTest()[pri:0, instance:MicoachMigrationTest@35f983a6]" name="micoachMigrationTest" duration-ms="6220" started-at="2016-11-07T11:21:33Z" finished-at="2016-11-07T11:21:39Z">
          <reporter-output>
          </reporter-output>
        </test-method> <!-- micoachMigrationTest -->
        <test-method status="PASS" signature="micoachMigrationTest()[pri:0, instance:MicoachMigrationTest@35f983a6]" name="micoachMigrationTest" duration-ms="11893" started-at="2016-11-07T11:21:33Z" finished-at="2016-11-07T11:21:45Z">
          <reporter-output>
          </reporter-output>
        </test-method> <!-- micoachMigrationTest -->
        <test-method status="PASS" signature="micoachMigrationTest()[pri:0, instance:MicoachMigrationTest@35f983a6]" name="micoachMigrationTest" duration-ms="9175" started-at="2016-11-07T11:21:34Z" finished-at="2016-11-07T11:21:43Z">
          <reporter-output>
          </reporter-output>
        </test-method> <!-- micoachMigrationTest -->
        <test-method status="PASS" signature="micoachMigrationTest()[pri:0, instance:MicoachMigrationTest@35f983a6]" name="micoachMigrationTest" duration-ms="4856" started-at="2016-11-07T11:21:34Z" finished-at="2016-11-07T11:21:39Z">
          <reporter-output>
          </reporter-output>
        </test-method> <!-- micoachMigrationTest -->
        <test-method status="PASS" signature="micoachMigrationTest()[pri:0, instance:MicoachMigrationTest@35f983a6]" name="micoachMigrationTest" duration-ms="8205" started-at="2016-11-07T11:21:35Z" finished-at="2016-11-07T11:21:43Z">
          <reporter-output>
          </reporter-output>
        </test-method> <!-- micoachMigrationTest -->
        <test-method status="PASS" signature="micoachMigrationTest()[pri:0, instance:MicoachMigrationTest@35f983a6]" name="micoachMigrationTest" duration-ms="6320" started-at="2016-11-07T11:21:36Z" finished-at="2016-11-07T11:21:43Z">
          <reporter-output>
          </reporter-output>
        </test-method> <!-- micoachMigrationTest -->
        <test-method status="PASS" signature="micoachMigrationTest()[pri:0, instance:MicoachMigrationTest@35f983a6]" name="micoachMigrationTest" duration-ms="6906" started-at="2016-11-07T11:21:37Z" finished-at="2016-11-07T11:21:44Z">
          <reporter-output>
          </reporter-output>
        </test-method> <!-- micoachMigrationTest -->
        <test-method status="PASS" signature="micoachMigrationTest()[pri:0, instance:MicoachMigrationTest@35f983a6]" name="micoachMigrationTest" duration-ms="10940" started-at="2016-11-07T11:21:38Z" finished-at="2016-11-07T11:21:48Z">
          <reporter-output>
          </reporter-output>
        </test-method> <!-- micoachMigrationTest -->
        <test-method status="PASS" signature="micoachMigrationTest()[pri:0, instance:MicoachMigrationTest@35f983a6]" name="micoachMigrationTest" duration-ms="7853" started-at="2016-11-07T11:21:39Z" finished-at="2016-11-07T11:21:47Z">
          <reporter-output>
          </reporter-output>
        </test-method> <!-- micoachMigrationTest -->
        <test-method status="PASS" signature="micoachMigrationTest()[pri:0, instance:MicoachMigrationTest@35f983a6]" name="micoachMigrationTest" duration-ms="4551" started-at="2016-11-07T11:21:39Z" finished-at="2016-11-07T11:21:44Z">
          <reporter-output>
          </reporter-output>
        </test-method> <!-- micoachMigrationTest -->
        <test-method status="PASS" signature="micoachMigrationTest()[pri:0, instance:MicoachMigrationTest@35f983a6]" name="micoachMigrationTest" duration-ms="6421" started-at="2016-11-07T11:21:39Z" finished-at="2016-11-07T11:21:46Z">
          <reporter-output>
          </reporter-output>
        </test-method> <!-- micoachMigrationTest -->
        <test-method status="PASS" signature="micoachMigrationTest()[pri:0, instance:MicoachMigrationTest@35f983a6]" name="micoachMigrationTest" duration-ms="4880" started-at="2016-11-07T11:21:41Z" finished-at="2016-11-07T11:21:46Z">
          <reporter-output>
          </reporter-output>
        </test-method> <!-- micoachMigrationTest -->
        <test-method status="PASS" signature="micoachMigrationTest()[pri:0, instance:MicoachMigrationTest@35f983a6]" name="micoachMigrationTest" duration-ms="5852" started-at="2016-11-07T11:21:43Z" finished-at="2016-11-07T11:21:48Z">
          <reporter-output>
          </reporter-output>
        </test-method> <!-- micoachMigrationTest -->
        <test-method status="PASS" signature="micoachMigrationTest()[pri:0, instance:MicoachMigrationTest@35f983a6]" name="micoachMigrationTest" duration-ms="6267" started-at="2016-11-07T11:21:43Z" finished-at="2016-11-07T11:21:49Z">
          <reporter-output>
          </reporter-output>
        </test-method> <!-- micoachMigrationTest -->
        <test-method status="PASS" signature="micoachMigrationTest()[pri:0, instance:MicoachMigrationTest@35f983a6]" name="micoachMigrationTest" duration-ms="12341" started-at="2016-11-07T11:21:43Z" finished-at="2016-11-07T11:21:55Z">
          <reporter-output>
          </reporter-output>
        </test-method> <!-- micoachMigrationTest -->
        <test-method status="PASS" signature="micoachMigrationTest()[pri:0, instance:MicoachMigrationTest@35f983a6]" name="micoachMigrationTest" duration-ms="4850" started-at="2016-11-07T11:21:44Z" finished-at="2016-11-07T11:21:48Z">
          <reporter-output>
          </reporter-output>
        </test-method> <!-- micoachMigrationTest -->
        <test-method status="PASS" signature="micoachMigrationTest()[pri:0, instance:MicoachMigrationTest@35f983a6]" name="micoachMigrationTest" duration-ms="4756" started-at="2016-11-07T11:21:44Z" finished-at="2016-11-07T11:21:48Z">
          <reporter-output>
          </reporter-output>
        </test-method> <!-- micoachMigrationTest -->
        <test-method status="PASS" signature="micoachMigrationTest()[pri:0, instance:MicoachMigrationTest@35f983a6]" name="micoachMigrationTest" duration-ms="6450" started-at="2016-11-07T11:21:45Z" finished-at="2016-11-07T11:21:52Z">
          <reporter-output>
          </reporter-output>
        </test-method> <!-- micoachMigrationTest -->
        <test-method status="PASS" signature="micoachMigrationTest()[pri:0, instance:MicoachMigrationTest@35f983a6]" name="micoachMigrationTest" duration-ms="4490" started-at="2016-11-07T11:21:46Z" finished-at="2016-11-07T11:21:50Z">
          <reporter-output>
          </reporter-output>
        </test-method> <!-- micoachMigrationTest -->
        <test-method status="PASS" signature="micoachMigrationTest()[pri:0, instance:MicoachMigrationTest@35f983a6]" name="micoachMigrationTest" duration-ms="7019" started-at="2016-11-07T11:21:46Z" finished-at="2016-11-07T11:21:53Z">
          <reporter-output>
          </reporter-output>
        </test-method> <!-- micoachMigrationTest -->
        <test-method status="PASS" signature="micoachMigrationTest()[pri:0, instance:MicoachMigrationTest@35f983a6]" name="micoachMigrationTest" duration-ms="11106" started-at="2016-11-07T11:21:47Z" finished-at="2016-11-07T11:21:58Z">
          <reporter-output>
          </reporter-output>
        </test-method> <!-- micoachMigrationTest -->
        <test-method status="PASS" signature="micoachMigrationTest()[pri:0, instance:MicoachMigrationTest@35f983a6]" name="micoachMigrationTest" duration-ms="6221" started-at="2016-11-07T11:21:48Z" finished-at="2016-11-07T11:21:55Z">
          <reporter-output>
          </reporter-output>
        </test-method> <!-- micoachMigrationTest -->
        <test-method status="PASS" signature="micoachMigrationTest()[pri:0, instance:MicoachMigrationTest@35f983a6]" name="micoachMigrationTest" duration-ms="5951" started-at="2016-11-07T11:21:48Z" finished-at="2016-11-07T11:21:54Z">
          <reporter-output>
          </reporter-output>
        </test-method> <!-- micoachMigrationTest -->
        <test-method status="PASS" signature="micoachMigrationTest()[pri:0, instance:MicoachMigrationTest@35f983a6]" name="micoachMigrationTest" duration-ms="6689" started-at="2016-11-07T11:21:48Z" finished-at="2016-11-07T11:21:55Z">
          <reporter-output>
          </reporter-output>
        </test-method> <!-- micoachMigrationTest -->
        <test-method status="PASS" signature="micoachMigrationTest()[pri:0, instance:MicoachMigrationTest@35f983a6]" name="micoachMigrationTest" duration-ms="5420" started-at="2016-11-07T11:21:48Z" finished-at="2016-11-07T11:21:54Z">
          <reporter-output>
          </reporter-output>
        </test-method> <!-- micoachMigrationTest -->
        <test-method status="PASS" signature="micoachMigrationTest()[pri:0, instance:MicoachMigrationTest@35f983a6]" name="micoachMigrationTest" duration-ms="7220" started-at="2016-11-07T11:21:49Z" finished-at="2016-11-07T11:21:56Z">
          <reporter-output>
          </reporter-output>
        </test-method> <!-- micoachMigrationTest -->
        <test-method status="PASS" signature="micoachMigrationTest()[pri:0, instance:MicoachMigrationTest@35f983a6]" name="micoachMigrationTest" duration-ms="9306" started-at="2016-11-07T11:21:50Z" finished-at="2016-11-07T11:21:59Z">
          <reporter-output>
          </reporter-output>
        </test-method> <!-- micoachMigrationTest -->
        <test-method status="PASS" signature="micoachMigrationTest()[pri:0, instance:MicoachMigrationTest@35f983a6]" name="micoachMigrationTest" duration-ms="5957" started-at="2016-11-07T11:21:52Z" finished-at="2016-11-07T11:21:58Z">
          <reporter-output>
          </reporter-output>
        </test-method> <!-- micoachMigrationTest -->
        <test-method status="PASS" signature="micoachMigrationTest()[pri:0, instance:MicoachMigrationTest@35f983a6]" name="micoachMigrationTest" duration-ms="4729" started-at="2016-11-07T11:21:53Z" finished-at="2016-11-07T11:21:58Z">
          <reporter-output>
          </reporter-output>
        </test-method> <!-- micoachMigrationTest -->
        <test-method status="PASS" signature="micoachMigrationTest()[pri:0, instance:MicoachMigrationTest@35f983a6]" name="micoachMigrationTest" duration-ms="7041" started-at="2016-11-07T11:21:54Z" finished-at="2016-11-07T11:22:01Z">
          <reporter-output>
          </reporter-output>
        </test-method> <!-- micoachMigrationTest -->
        <test-method status="PASS" signature="micoachMigrationTest()[pri:0, instance:MicoachMigrationTest@35f983a6]" name="micoachMigrationTest" duration-ms="4851" started-at="2016-11-07T11:21:54Z" finished-at="2016-11-07T11:21:59Z">
          <reporter-output>
          </reporter-output>
        </test-method> <!-- micoachMigrationTest -->
        <test-method status="PASS" signature="micoachMigrationTest()[pri:0, instance:MicoachMigrationTest@35f983a6]" name="micoachMigrationTest" duration-ms="7156" started-at="2016-11-07T11:21:55Z" finished-at="2016-11-07T11:22:02Z">
          <reporter-output>
          </reporter-output>
        </test-method> <!-- micoachMigrationTest -->
        <test-method status="PASS" signature="micoachMigrationTest()[pri:0, instance:MicoachMigrationTest@35f983a6]" name="micoachMigrationTest" duration-ms="6003" started-at="2016-11-07T11:21:55Z" finished-at="2016-11-07T11:22:01Z">
          <reporter-output>
          </reporter-output>
        </test-method> <!-- micoachMigrationTest -->
        <test-method status="PASS" signature="micoachMigrationTest()[pri:0, instance:MicoachMigrationTest@35f983a6]" name="micoachMigrationTest" duration-ms="12145" started-at="2016-11-07T11:21:55Z" finished-at="2016-11-07T11:22:08Z">
          <reporter-output>
          </reporter-output>
        </test-method> <!-- micoachMigrationTest -->
        <test-method status="PASS" signature="micoachMigrationTest()[pri:0, instance:MicoachMigrationTest@35f983a6]" name="micoachMigrationTest" duration-ms="4741" started-at="2016-11-07T11:21:56Z" finished-at="2016-11-07T11:22:01Z">
          <reporter-output>
          </reporter-output>
        </test-method> <!-- micoachMigrationTest -->
        <test-method status="PASS" signature="micoachMigrationTest()[pri:0, instance:MicoachMigrationTest@35f983a6]" name="micoachMigrationTest" duration-ms="5632" started-at="2016-11-07T11:21:58Z" finished-at="2016-11-07T11:22:03Z">
          <reporter-output>
          </reporter-output>
        </test-method> <!-- micoachMigrationTest -->
        <test-method status="PASS" signature="micoachMigrationTest()[pri:0, instance:MicoachMigrationTest@35f983a6]" name="micoachMigrationTest" duration-ms="4218" started-at="2016-11-07T11:21:58Z" finished-at="2016-11-07T11:22:02Z">
          <reporter-output>
          </reporter-output>
        </test-method> <!-- micoachMigrationTest -->
        <test-method status="PASS" signature="micoachMigrationTest()[pri:0, instance:MicoachMigrationTest@35f983a6]" name="micoachMigrationTest" duration-ms="6258" started-at="2016-11-07T11:21:58Z" finished-at="2016-11-07T11:22:04Z">
          <reporter-output>
          </reporter-output>
        </test-method> <!-- micoachMigrationTest -->
        <test-method status="PASS" signature="micoachMigrationTest()[pri:0, instance:MicoachMigrationTest@35f983a6]" name="micoachMigrationTest" duration-ms="10282" started-at="2016-11-07T11:21:59Z" finished-at="2016-11-07T11:22:10Z">
          <reporter-output>
          </reporter-output>
        </test-method> <!-- micoachMigrationTest -->
        <test-method status="PASS" signature="micoachMigrationTest()[pri:0, instance:MicoachMigrationTest@35f983a6]" name="micoachMigrationTest" duration-ms="7458" started-at="2016-11-07T11:21:59Z" finished-at="2016-11-07T11:22:07Z">
          <reporter-output>
          </reporter-output>
        </test-method> <!-- micoachMigrationTest -->
        <test-method status="PASS" signature="micoachMigrationTest()[pri:0, instance:MicoachMigrationTest@35f983a6]" name="micoachMigrationTest" duration-ms="5988" started-at="2016-11-07T11:22:01Z" finished-at="2016-11-07T11:22:07Z">
          <reporter-output>
          </reporter-output>
        </test-method> <!-- micoachMigrationTest -->
        <test-method status="PASS" signature="micoachMigrationTest()[pri:0, instance:MicoachMigrationTest@35f983a6]" name="micoachMigrationTest" duration-ms="4703" started-at="2016-11-07T11:22:01Z" finished-at="2016-11-07T11:22:06Z">
          <reporter-output>
          </reporter-output>
        </test-method> <!-- micoachMigrationTest -->
        <test-method status="PASS" signature="micoachMigrationTest()[pri:0, instance:MicoachMigrationTest@35f983a6]" name="micoachMigrationTest" duration-ms="5689" started-at="2016-11-07T11:22:01Z" finished-at="2016-11-07T11:22:07Z">
          <reporter-output>
          </reporter-output>
        </test-method> <!-- micoachMigrationTest -->
        <test-method status="PASS" signature="micoachMigrationTest()[pri:0, instance:MicoachMigrationTest@35f983a6]" name="micoachMigrationTest" duration-ms="6758" started-at="2016-11-07T11:22:02Z" finished-at="2016-11-07T11:22:09Z">
          <reporter-output>
          </reporter-output>
        </test-method> <!-- micoachMigrationTest -->
        <test-method status="PASS" signature="micoachMigrationTest()[pri:0, instance:MicoachMigrationTest@35f983a6]" name="micoachMigrationTest" duration-ms="11361" started-at="2016-11-07T11:22:02Z" finished-at="2016-11-07T11:22:13Z">
          <reporter-output>
          </reporter-output>
        </test-method> <!-- micoachMigrationTest -->
        <test-method status="PASS" signature="micoachMigrationTest()[pri:0, instance:MicoachMigrationTest@35f983a6]" name="micoachMigrationTest" duration-ms="5919" started-at="2016-11-07T11:22:03Z" finished-at="2016-11-07T11:22:09Z">
          <reporter-output>
          </reporter-output>
        </test-method> <!-- micoachMigrationTest -->
        <test-method status="PASS" signature="micoachMigrationTest()[pri:0, instance:MicoachMigrationTest@35f983a6]" name="micoachMigrationTest" duration-ms="6036" started-at="2016-11-07T11:22:04Z" finished-at="2016-11-07T11:22:10Z">
          <reporter-output>
          </reporter-output>
        </test-method> <!-- micoachMigrationTest -->
        <test-method status="PASS" signature="micoachMigrationTest()[pri:0, instance:MicoachMigrationTest@35f983a6]" name="micoachMigrationTest" duration-ms="6713" started-at="2016-11-07T11:22:06Z" finished-at="2016-11-07T11:22:12Z">
          <reporter-output>
          </reporter-output>
        </test-method> <!-- micoachMigrationTest -->
        <test-method status="PASS" signature="micoachMigrationTest()[pri:0, instance:MicoachMigrationTest@35f983a6]" name="micoachMigrationTest" duration-ms="4652" started-at="2016-11-07T11:22:07Z" finished-at="2016-11-07T11:22:11Z">
          <reporter-output>
          </reporter-output>
        </test-method> <!-- micoachMigrationTest -->
        <test-method status="PASS" signature="micoachMigrationTest()[pri:0, instance:MicoachMigrationTest@35f983a6]" name="micoachMigrationTest" duration-ms="6573" started-at="2016-11-07T11:22:07Z" finished-at="2016-11-07T11:22:13Z">
          <reporter-output>
          </reporter-output>
        </test-method> <!-- micoachMigrationTest -->
        <test-method status="PASS" signature="micoachMigrationTest()[pri:0, instance:MicoachMigrationTest@35f983a6]" name="micoachMigrationTest" duration-ms="2965" started-at="2016-11-07T11:22:07Z" finished-at="2016-11-07T11:22:10Z">
          <reporter-output>
          </reporter-output>
        </test-method> <!-- micoachMigrationTest -->
        <test-method status="PASS" signature="micoachMigrationTest()[pri:0, instance:MicoachMigrationTest@35f983a6]" name="micoachMigrationTest" duration-ms="10181" started-at="2016-11-07T11:22:08Z" finished-at="2016-11-07T11:22:18Z">
          <reporter-output>
          </reporter-output>
        </test-method> <!-- micoachMigrationTest -->
        <test-method status="PASS" signature="micoachMigrationTest()[pri:0, instance:MicoachMigrationTest@35f983a6]" name="micoachMigrationTest" duration-ms="3266" started-at="2016-11-07T11:22:09Z" finished-at="2016-11-07T11:22:12Z">
          <reporter-output>
          </reporter-output>
        </test-method> <!-- micoachMigrationTest -->
        <test-method status="PASS" signature="micoachMigrationTest()[pri:0, instance:MicoachMigrationTest@35f983a6]" name="micoachMigrationTest" duration-ms="2956" started-at="2016-11-07T11:22:09Z" finished-at="2016-11-07T11:22:12Z">
          <reporter-output>
          </reporter-output>
        </test-method> <!-- micoachMigrationTest -->
        <test-method status="PASS" signature="micoachMigrationTest()[pri:0, instance:MicoachMigrationTest@35f983a6]" name="micoachMigrationTest" duration-ms="2890" started-at="2016-11-07T11:22:10Z" finished-at="2016-11-07T11:22:12Z">
          <reporter-output>
          </reporter-output>
        </test-method> <!-- micoachMigrationTest -->
        <test-method status="PASS" signature="micoachMigrationTest()[pri:0, instance:MicoachMigrationTest@35f983a6]" name="micoachMigrationTest" duration-ms="3200" started-at="2016-11-07T11:22:10Z" finished-at="2016-11-07T11:22:13Z">
          <reporter-output>
          </reporter-output>
        </test-method> <!-- micoachMigrationTest -->
        <test-method status="PASS" signature="micoachMigrationTest()[pri:0, instance:MicoachMigrationTest@35f983a6]" name="micoachMigrationTest" duration-ms="2830" started-at="2016-11-07T11:22:10Z" finished-at="2016-11-07T11:22:13Z">
          <reporter-output>
          </reporter-output>
        </test-method> <!-- micoachMigrationTest -->
        <test-method status="PASS" signature="micoachMigrationTest()[pri:0, instance:MicoachMigrationTest@35f983a6]" name="micoachMigrationTest" duration-ms="9567" started-at="2016-11-07T11:22:11Z" finished-at="2016-11-07T11:22:21Z">
          <reporter-output>
          </reporter-output>
        </test-method> <!-- micoachMigrationTest -->
        <test-method status="PASS" signature="micoachMigrationTest()[pri:0, instance:MicoachMigrationTest@35f983a6]" name="micoachMigrationTest" duration-ms="2646" started-at="2016-11-07T11:22:12Z" finished-at="2016-11-07T11:22:14Z">
          <reporter-output>
          </reporter-output>
        </test-method> <!-- micoachMigrationTest -->
        <test-method status="PASS" signature="micoachMigrationTest()[pri:0, instance:MicoachMigrationTest@35f983a6]" name="micoachMigrationTest" duration-ms="2502" started-at="2016-11-07T11:22:12Z" finished-at="2016-11-07T11:22:15Z">
          <reporter-output>
          </reporter-output>
        </test-method> <!-- micoachMigrationTest -->
        <test-method status="PASS" signature="micoachMigrationTest()[pri:0, instance:MicoachMigrationTest@35f983a6]" name="micoachMigrationTest" duration-ms="2462" started-at="2016-11-07T11:22:12Z" finished-at="2016-11-07T11:22:15Z">
          <reporter-output>
          </reporter-output>
        </test-method> <!-- micoachMigrationTest -->
        <test-method status="PASS" signature="micoachMigrationTest()[pri:0, instance:MicoachMigrationTest@35f983a6]" name="micoachMigrationTest" duration-ms="2521" started-at="2016-11-07T11:22:12Z" finished-at="2016-11-07T11:22:15Z">
          <reporter-output>
          </reporter-output>
        </test-method> <!-- micoachMigrationTest -->
        <test-method status="PASS" signature="micoachMigrationTest()[pri:0, instance:MicoachMigrationTest@35f983a6]" name="micoachMigrationTest" duration-ms="2704" started-at="2016-11-07T11:22:13Z" finished-at="2016-11-07T11:22:16Z">
          <reporter-output>
          </reporter-output>
        </test-method> <!-- micoachMigrationTest -->
        <test-method status="PASS" signature="micoachMigrationTest()[pri:0, instance:MicoachMigrationTest@35f983a6]" name="micoachMigrationTest" duration-ms="10272" started-at="2016-11-07T11:22:13Z" finished-at="2016-11-07T11:22:23Z">
          <reporter-output>
          </reporter-output>
        </test-method> <!-- micoachMigrationTest -->
        <test-method status="PASS" signature="micoachMigrationTest()[pri:0, instance:MicoachMigrationTest@35f983a6]" name="micoachMigrationTest" duration-ms="2782" started-at="2016-11-07T11:22:13Z" finished-at="2016-11-07T11:22:16Z">
          <reporter-output>
          </reporter-output>
        </test-method> <!-- micoachMigrationTest -->
        <test-method status="PASS" signature="micoachMigrationTest()[pri:0, instance:MicoachMigrationTest@35f983a6]" name="micoachMigrationTest" duration-ms="2463" started-at="2016-11-07T11:22:13Z" finished-at="2016-11-07T11:22:16Z">
          <reporter-output>
          </reporter-output>
        </test-method> <!-- micoachMigrationTest -->
        <test-method status="PASS" signature="micoachMigrationTest()[pri:0, instance:MicoachMigrationTest@35f983a6]" name="micoachMigrationTest" duration-ms="2596" started-at="2016-11-07T11:22:14Z" finished-at="2016-11-07T11:22:17Z">
          <reporter-output>
          </reporter-output>
        </test-method> <!-- micoachMigrationTest -->
        <test-method status="PASS" signature="micoachMigrationTest()[pri:0, instance:MicoachMigrationTest@35f983a6]" name="micoachMigrationTest" duration-ms="2465" started-at="2016-11-07T11:22:15Z" finished-at="2016-11-07T11:22:17Z">
          <reporter-output>
          </reporter-output>
        </test-method> <!-- micoachMigrationTest -->
        <test-method status="PASS" signature="micoachMigrationTest()[pri:0, instance:MicoachMigrationTest@35f983a6]" name="micoachMigrationTest" duration-ms="2532" started-at="2016-11-07T11:22:15Z" finished-at="2016-11-07T11:22:17Z">
          <reporter-output>
          </reporter-output>
        </test-method> <!-- micoachMigrationTest -->
        <test-method status="PASS" signature="micoachMigrationTest()[pri:0, instance:MicoachMigrationTest@35f983a6]" name="micoachMigrationTest" duration-ms="2658" started-at="2016-11-07T11:22:15Z" finished-at="2016-11-07T11:22:18Z">
          <reporter-output>
          </reporter-output>
        </test-method> <!-- micoachMigrationTest -->
        <test-method status="PASS" signature="micoachMigrationTest()[pri:0, instance:MicoachMigrationTest@35f983a6]" name="micoachMigrationTest" duration-ms="9745" started-at="2016-11-07T11:22:16Z" finished-at="2016-11-07T11:22:26Z">
          <reporter-output>
          </reporter-output>
        </test-method> <!-- micoachMigrationTest -->
        <test-method status="PASS" signature="micoachMigrationTest()[pri:0, instance:MicoachMigrationTest@35f983a6]" name="micoachMigrationTest" duration-ms="3039" started-at="2016-11-07T11:22:16Z" finished-at="2016-11-07T11:22:19Z">
          <reporter-output>
          </reporter-output>
        </test-method> <!-- micoachMigrationTest -->
        <test-method status="PASS" signature="micoachMigrationTest()[pri:0, instance:MicoachMigrationTest@35f983a6]" name="micoachMigrationTest" duration-ms="6818" started-at="2016-11-07T11:22:16Z" finished-at="2016-11-07T11:22:23Z">
          <reporter-output>
          </reporter-output>
        </test-method> <!-- micoachMigrationTest -->
        <test-method status="PASS" signature="micoachMigrationTest()[pri:0, instance:MicoachMigrationTest@35f983a6]" name="micoachMigrationTest" duration-ms="4489" started-at="2016-11-07T11:22:17Z" finished-at="2016-11-07T11:22:21Z">
          <reporter-output>
          </reporter-output>
        </test-method> <!-- micoachMigrationTest -->
        <test-method status="PASS" signature="micoachMigrationTest()[pri:0, instance:MicoachMigrationTest@35f983a6]" name="micoachMigrationTest" duration-ms="6395" started-at="2016-11-07T11:22:17Z" finished-at="2016-11-07T11:22:23Z">
          <reporter-output>
          </reporter-output>
        </test-method> <!-- micoachMigrationTest -->
        <test-method status="PASS" signature="micoachMigrationTest()[pri:0, instance:MicoachMigrationTest@35f983a6]" name="micoachMigrationTest" duration-ms="4567" started-at="2016-11-07T11:22:17Z" finished-at="2016-11-07T11:22:22Z">
          <reporter-output>
          </reporter-output>
        </test-method> <!-- micoachMigrationTest -->
        <test-method status="PASS" signature="micoachMigrationTest()[pri:0, instance:MicoachMigrationTest@35f983a6]" name="micoachMigrationTest" duration-ms="5810" started-at="2016-11-07T11:22:18Z" finished-at="2016-11-07T11:22:23Z">
          <reporter-output>
          </reporter-output>
        </test-method> <!-- micoachMigrationTest -->
        <test-method status="PASS" signature="micoachMigrationTest()[pri:0, instance:MicoachMigrationTest@35f983a6]" name="micoachMigrationTest" duration-ms="12051" started-at="2016-11-07T11:22:18Z" finished-at="2016-11-07T11:22:30Z">
          <reporter-output>
          </reporter-output>
        </test-method> <!-- micoachMigrationTest -->
        <test-method status="PASS" signature="micoachMigrationTest()[pri:0, instance:MicoachMigrationTest@35f983a6]" name="micoachMigrationTest" duration-ms="5871" started-at="2016-11-07T11:22:19Z" finished-at="2016-11-07T11:22:25Z">
          <reporter-output>
          </reporter-output>
        </test-method> <!-- micoachMigrationTest -->
        <test-method status="PASS" signature="micoachMigrationTest()[pri:0, instance:MicoachMigrationTest@35f983a6]" name="micoachMigrationTest" duration-ms="4357" started-at="2016-11-07T11:22:21Z" finished-at="2016-11-07T11:22:25Z">
          <reporter-output>
          </reporter-output>
        </test-method> <!-- micoachMigrationTest -->
        <test-method status="PASS" signature="micoachMigrationTest()[pri:0, instance:MicoachMigrationTest@35f983a6]" name="micoachMigrationTest" duration-ms="6614" started-at="2016-11-07T11:22:21Z" finished-at="2016-11-07T11:22:28Z">
          <reporter-output>
          </reporter-output>
        </test-method> <!-- micoachMigrationTest -->
        <test-method status="PASS" signature="micoachMigrationTest()[pri:0, instance:MicoachMigrationTest@35f983a6]" name="micoachMigrationTest" duration-ms="4687" started-at="2016-11-07T11:22:22Z" finished-at="2016-11-07T11:22:27Z">
          <reporter-output>
          </reporter-output>
        </test-method> <!-- micoachMigrationTest -->
        <test-method status="PASS" signature="micoachMigrationTest()[pri:0, instance:MicoachMigrationTest@35f983a6]" name="micoachMigrationTest" duration-ms="6279" started-at="2016-11-07T11:22:23Z" finished-at="2016-11-07T11:22:29Z">
          <reporter-output>
          </reporter-output>
        </test-method> <!-- micoachMigrationTest -->
        <test-method status="PASS" signature="micoachMigrationTest()[pri:0, instance:MicoachMigrationTest@35f983a6]" name="micoachMigrationTest" duration-ms="11136" started-at="2016-11-07T11:22:23Z" finished-at="2016-11-07T11:22:35Z">
          <reporter-output>
          </reporter-output>
        </test-method> <!-- micoachMigrationTest -->
        <test-method status="PASS" signature="micoachMigrationTest()[pri:0, instance:MicoachMigrationTest@35f983a6]" name="micoachMigrationTest" duration-ms="6218" started-at="2016-11-07T11:22:23Z" finished-at="2016-11-07T11:22:30Z">
          <reporter-output>
          </reporter-output>
        </test-method> <!-- micoachMigrationTest -->
        <test-method status="PASS" signature="micoachMigrationTest()[pri:0, instance:MicoachMigrationTest@35f983a6]" name="micoachMigrationTest" duration-ms="4695" started-at="2016-11-07T11:22:23Z" finished-at="2016-11-07T11:22:28Z">
          <reporter-output>
          </reporter-output>
        </test-method> <!-- micoachMigrationTest -->
        <test-method status="PASS" signature="micoachMigrationTest()[pri:0, instance:MicoachMigrationTest@35f983a6]" name="micoachMigrationTest" duration-ms="5328" started-at="2016-11-07T11:22:25Z" finished-at="2016-11-07T11:22:30Z">
          <reporter-output>
          </reporter-output>
        </test-method> <!-- micoachMigrationTest -->
        <test-method status="PASS" signature="micoachMigrationTest()[pri:0, instance:MicoachMigrationTest@35f983a6]" name="micoachMigrationTest" duration-ms="10936" started-at="2016-11-07T11:22:25Z" finished-at="2016-11-07T11:22:36Z">
          <reporter-output>
          </reporter-output>
        </test-method> <!-- micoachMigrationTest -->
        <test-method status="PASS" signature="micoachMigrationTest()[pri:0, instance:MicoachMigrationTest@35f983a6]" name="micoachMigrationTest" duration-ms="4417" started-at="2016-11-07T11:22:26Z" finished-at="2016-11-07T11:22:30Z">
          <reporter-output>
          </reporter-output>
        </test-method> <!-- micoachMigrationTest -->
        <test-method status="PASS" signature="micoachMigrationTest()[pri:0, instance:MicoachMigrationTest@35f983a6]" name="micoachMigrationTest" duration-ms="5965" started-at="2016-11-07T11:22:27Z" finished-at="2016-11-07T11:22:33Z">
          <reporter-output>
          </reporter-output>
        </test-method> <!-- micoachMigrationTest -->
        <test-method status="PASS" signature="micoachMigrationTest()[pri:0, instance:MicoachMigrationTest@35f983a6]" name="micoachMigrationTest" duration-ms="4528" started-at="2016-11-07T11:22:28Z" finished-at="2016-11-07T11:22:33Z">
          <reporter-output>
          </reporter-output>
        </test-method> <!-- micoachMigrationTest -->
        <test-method status="PASS" signature="micoachMigrationTest()[pri:0, instance:MicoachMigrationTest@35f983a6]" name="micoachMigrationTest" duration-ms="7028" started-at="2016-11-07T11:22:28Z" finished-at="2016-11-07T11:22:35Z">
          <reporter-output>
          </reporter-output>
        </test-method> <!-- micoachMigrationTest -->
        <test-method status="PASS" signature="micoachMigrationTest()[pri:0, instance:MicoachMigrationTest@35f983a6]" name="micoachMigrationTest" duration-ms="4931" started-at="2016-11-07T11:22:29Z" finished-at="2016-11-07T11:22:34Z">
          <reporter-output>
          </reporter-output>
        </test-method> <!-- micoachMigrationTest -->
        <test-method status="PASS" signature="micoachMigrationTest()[pri:0, instance:MicoachMigrationTest@35f983a6]" name="micoachMigrationTest" duration-ms="6502" started-at="2016-11-07T11:22:30Z" finished-at="2016-11-07T11:22:36Z">
          <reporter-output>
          </reporter-output>
        </test-method> <!-- micoachMigrationTest -->
        <test-method status="PASS" signature="micoachMigrationTest()[pri:0, instance:MicoachMigrationTest@35f983a6]" name="micoachMigrationTest" duration-ms="9128" started-at="2016-11-07T11:22:30Z" finished-at="2016-11-07T11:22:39Z">
          <reporter-output>
          </reporter-output>
        </test-method> <!-- micoachMigrationTest -->
        <test-method status="PASS" signature="micoachMigrationTest()[pri:0, instance:MicoachMigrationTest@35f983a6]" name="micoachMigrationTest" duration-ms="5945" started-at="2016-11-07T11:22:30Z" finished-at="2016-11-07T11:22:36Z">
          <reporter-output>
          </reporter-output>
        </test-method> <!-- micoachMigrationTest -->
        <test-method status="PASS" signature="micoachMigrationTest()[pri:0, instance:MicoachMigrationTest@35f983a6]" name="micoachMigrationTest" duration-ms="5180" started-at="2016-11-07T11:22:30Z" finished-at="2016-11-07T11:22:35Z">
          <reporter-output>
          </reporter-output>
        </test-method> <!-- micoachMigrationTest -->
        <test-method status="PASS" signature="micoachMigrationTest()[pri:0, instance:MicoachMigrationTest@35f983a6]" name="micoachMigrationTest" duration-ms="6300" started-at="2016-11-07T11:22:33Z" finished-at="2016-11-07T11:22:39Z">
          <reporter-output>
          </reporter-output>
        </test-method> <!-- micoachMigrationTest -->
        <test-method status="PASS" signature="micoachMigrationTest()[pri:0, instance:MicoachMigrationTest@35f983a6]" name="micoachMigrationTest" duration-ms="5618" started-at="2016-11-07T11:22:33Z" finished-at="2016-11-07T11:22:38Z">
          <reporter-output>
          </reporter-output>
        </test-method> <!-- micoachMigrationTest -->
        <test-method status="PASS" signature="micoachMigrationTest()[pri:0, instance:MicoachMigrationTest@35f983a6]" name="micoachMigrationTest" duration-ms="6195" started-at="2016-11-07T11:22:34Z" finished-at="2016-11-07T11:22:40Z">
          <reporter-output>
          </reporter-output>
        </test-method> <!-- micoachMigrationTest -->
        <test-method status="PASS" signature="micoachMigrationTest()[pri:0, instance:MicoachMigrationTest@35f983a6]" name="micoachMigrationTest" duration-ms="10090" started-at="2016-11-07T11:22:35Z" finished-at="2016-11-07T11:22:45Z">
          <reporter-output>
          </reporter-output>
        </test-method> <!-- micoachMigrationTest -->
        <test-method status="PASS" signature="micoachMigrationTest()[pri:0, instance:MicoachMigrationTest@35f983a6]" name="micoachMigrationTest" duration-ms="6761" started-at="2016-11-07T11:22:35Z" finished-at="2016-11-07T11:22:42Z">
          <reporter-output>
          </reporter-output>
        </test-method> <!-- micoachMigrationTest -->
        <test-method status="PASS" signature="micoachMigrationTest()[pri:0, instance:MicoachMigrationTest@35f983a6]" name="micoachMigrationTest" duration-ms="5658" started-at="2016-11-07T11:22:35Z" finished-at="2016-11-07T11:22:41Z">
          <reporter-output>
          </reporter-output>
        </test-method> <!-- micoachMigrationTest -->
        <test-method status="PASS" signature="micoachMigrationTest()[pri:0, instance:MicoachMigrationTest@35f983a6]" name="micoachMigrationTest" duration-ms="7172" started-at="2016-11-07T11:22:36Z" finished-at="2016-11-07T11:22:43Z">
          <reporter-output>
          </reporter-output>
        </test-method> <!-- micoachMigrationTest -->
        <test-method status="PASS" signature="micoachMigrationTest()[pri:0, instance:MicoachMigrationTest@35f983a6]" name="micoachMigrationTest" duration-ms="5574" started-at="2016-11-07T11:22:36Z" finished-at="2016-11-07T11:22:42Z">
          <reporter-output>
          </reporter-output>
        </test-method> <!-- micoachMigrationTest -->
        <test-method status="PASS" signature="micoachMigrationTest()[pri:0, instance:MicoachMigrationTest@35f983a6]" name="micoachMigrationTest" duration-ms="7081" started-at="2016-11-07T11:22:36Z" finished-at="2016-11-07T11:22:43Z">
          <reporter-output>
          </reporter-output>
        </test-method> <!-- micoachMigrationTest -->
        <test-method status="PASS" signature="micoachMigrationTest()[pri:0, instance:MicoachMigrationTest@35f983a6]" name="micoachMigrationTest" duration-ms="6620" started-at="2016-11-07T11:22:38Z" finished-at="2016-11-07T11:22:45Z">
          <reporter-output>
          </reporter-output>
        </test-method> <!-- micoachMigrationTest -->
        <test-method status="PASS" signature="micoachMigrationTest()[pri:0, instance:MicoachMigrationTest@35f983a6]" name="micoachMigrationTest" duration-ms="11974" started-at="2016-11-07T11:22:39Z" finished-at="2016-11-07T11:22:51Z">
          <reporter-output>
          </reporter-output>
        </test-method> <!-- micoachMigrationTest -->
        <test-method status="PASS" signature="micoachMigrationTest()[pri:0, instance:MicoachMigrationTest@35f983a6]" name="micoachMigrationTest" duration-ms="4560" started-at="2016-11-07T11:22:39Z" finished-at="2016-11-07T11:22:43Z">
          <reporter-output>
          </reporter-output>
        </test-method> <!-- micoachMigrationTest -->
        <test-method status="PASS" signature="micoachMigrationTest()[pri:0, instance:MicoachMigrationTest@35f983a6]" name="micoachMigrationTest" duration-ms="4671" started-at="2016-11-07T11:22:40Z" finished-at="2016-11-07T11:22:45Z">
          <reporter-output>
          </reporter-output>
        </test-method> <!-- micoachMigrationTest -->
        <test-method status="PASS" signature="micoachMigrationTest()[pri:0, instance:MicoachMigrationTest@35f983a6]" name="micoachMigrationTest" duration-ms="6215" started-at="2016-11-07T11:22:41Z" finished-at="2016-11-07T11:22:47Z">
          <reporter-output>
          </reporter-output>
        </test-method> <!-- micoachMigrationTest -->
        <test-method status="PASS" signature="micoachMigrationTest()[pri:0, instance:MicoachMigrationTest@35f983a6]" name="micoachMigrationTest" duration-ms="4637" started-at="2016-11-07T11:22:42Z" finished-at="2016-11-07T11:22:46Z">
          <reporter-output>
          </reporter-output>
        </test-method> <!-- micoachMigrationTest -->
        <test-method status="PASS" signature="micoachMigrationTest()[pri:0, instance:MicoachMigrationTest@35f983a6]" name="micoachMigrationTest" duration-ms="7492" started-at="2016-11-07T11:22:42Z" finished-at="2016-11-07T11:22:49Z">
          <reporter-output>
          </reporter-output>
        </test-method> <!-- micoachMigrationTest -->
        <test-method status="PASS" signature="micoachMigrationTest()[pri:0, instance:MicoachMigrationTest@35f983a6]" name="micoachMigrationTest" duration-ms="11326" started-at="2016-11-07T11:22:43Z" finished-at="2016-11-07T11:22:54Z">
          <reporter-output>
          </reporter-output>
        </test-method> <!-- micoachMigrationTest -->
        <test-method status="PASS" signature="micoachMigrationTest()[pri:0, instance:MicoachMigrationTest@35f983a6]" name="micoachMigrationTest" duration-ms="6378" started-at="2016-11-07T11:22:43Z" finished-at="2016-11-07T11:22:50Z">
          <reporter-output>
          </reporter-output>
        </test-method> <!-- micoachMigrationTest -->
        <test-method status="PASS" signature="micoachMigrationTest()[pri:0, instance:MicoachMigrationTest@35f983a6]" name="micoachMigrationTest" duration-ms="4519" started-at="2016-11-07T11:22:43Z" finished-at="2016-11-07T11:22:48Z">
          <reporter-output>
          </reporter-output>
        </test-method> <!-- micoachMigrationTest -->
        <test-method status="PASS" signature="micoachMigrationTest()[pri:0, instance:MicoachMigrationTest@35f983a6]" name="micoachMigrationTest" duration-ms="6976" started-at="2016-11-07T11:22:45Z" finished-at="2016-11-07T11:22:52Z">
          <reporter-output>
          </reporter-output>
        </test-method> <!-- micoachMigrationTest -->
        <test-method status="PASS" signature="micoachMigrationTest()[pri:0, instance:MicoachMigrationTest@35f983a6]" name="micoachMigrationTest" duration-ms="5644" started-at="2016-11-07T11:22:45Z" finished-at="2016-11-07T11:22:51Z">
          <reporter-output>
          </reporter-output>
        </test-method> <!-- micoachMigrationTest -->
        <test-method status="PASS" signature="micoachMigrationTest()[pri:0, instance:MicoachMigrationTest@35f983a6]" name="micoachMigrationTest" duration-ms="6824" started-at="2016-11-07T11:22:45Z" finished-at="2016-11-07T11:22:52Z">
          <reporter-output>
          </reporter-output>
        </test-method> <!-- micoachMigrationTest -->
        <test-method status="PASS" signature="micoachMigrationTest()[pri:0, instance:MicoachMigrationTest@35f983a6]" name="micoachMigrationTest" duration-ms="9701" started-at="2016-11-07T11:22:46Z" finished-at="2016-11-07T11:22:56Z">
          <reporter-output>
          </reporter-output>
        </test-method> <!-- micoachMigrationTest -->
        <test-method status="PASS" signature="micoachMigrationTest()[pri:0, instance:MicoachMigrationTest@35f983a6]" name="micoachMigrationTest" duration-ms="5943" started-at="2016-11-07T11:22:47Z" finished-at="2016-11-07T11:22:53Z">
          <reporter-output>
          </reporter-output>
        </test-method> <!-- micoachMigrationTest -->
        <test-method status="PASS" signature="micoachMigrationTest()[pri:0, instance:MicoachMigrationTest@35f983a6]" name="micoachMigrationTest" duration-ms="5249" started-at="2016-11-07T11:22:48Z" finished-at="2016-11-07T11:22:53Z">
          <reporter-output>
          </reporter-output>
        </test-method> <!-- micoachMigrationTest -->
        <test-method status="PASS" signature="micoachMigrationTest()[pri:0, instance:MicoachMigrationTest@35f983a6]" name="micoachMigrationTest" duration-ms="6302" started-at="2016-11-07T11:22:49Z" finished-at="2016-11-07T11:22:56Z">
          <reporter-output>
          </reporter-output>
        </test-method> <!-- micoachMigrationTest -->
        <test-method status="PASS" signature="micoachMigrationTest()[pri:0, instance:MicoachMigrationTest@35f983a6]" name="micoachMigrationTest" duration-ms="4833" started-at="2016-11-07T11:22:50Z" finished-at="2016-11-07T11:22:55Z">
          <reporter-output>
          </reporter-output>
        </test-method> <!-- micoachMigrationTest -->
        <test-method status="PASS" signature="micoachMigrationTest()[pri:0, instance:MicoachMigrationTest@35f983a6]" name="micoachMigrationTest" duration-ms="6489" started-at="2016-11-07T11:22:51Z" finished-at="2016-11-07T11:22:57Z">
          <reporter-output>
          </reporter-output>
        </test-method> <!-- micoachMigrationTest -->
        <test-method status="PASS" signature="micoachMigrationTest()[pri:0, instance:MicoachMigrationTest@35f983a6]" name="micoachMigrationTest" duration-ms="6689" started-at="2016-11-07T11:22:51Z" finished-at="2016-11-07T11:22:58Z">
          <reporter-output>
          </reporter-output>
        </test-method> <!-- micoachMigrationTest -->
        <test-method status="PASS" signature="micoachMigrationTest()[pri:0, instance:MicoachMigrationTest@35f983a6]" name="micoachMigrationTest" duration-ms="9808" started-at="2016-11-07T11:22:52Z" finished-at="2016-11-07T11:23:01Z">
          <reporter-output>
          </reporter-output>
        </test-method> <!-- micoachMigrationTest -->
        <test-method status="PASS" signature="micoachMigrationTest()[pri:0, instance:MicoachMigrationTest@35f983a6]" name="micoachMigrationTest" duration-ms="4572" started-at="2016-11-07T11:22:52Z" finished-at="2016-11-07T11:22:56Z">
          <reporter-output>
          </reporter-output>
        </test-method> <!-- micoachMigrationTest -->
        <test-method status="PASS" signature="micoachMigrationTest()[pri:0, instance:MicoachMigrationTest@35f983a6]" name="micoachMigrationTest" duration-ms="5705" started-at="2016-11-07T11:22:53Z" finished-at="2016-11-07T11:22:59Z">
          <reporter-output>
          </reporter-output>
        </test-method> <!-- micoachMigrationTest -->
        <test-method status="PASS" signature="micoachMigrationTest()[pri:0, instance:MicoachMigrationTest@35f983a6]" name="micoachMigrationTest" duration-ms="4420" started-at="2016-11-07T11:22:53Z" finished-at="2016-11-07T11:22:58Z">
          <reporter-output>
          </reporter-output>
        </test-method> <!-- micoachMigrationTest -->
        <test-method status="PASS" signature="micoachMigrationTest()[pri:0, instance:MicoachMigrationTest@35f983a6]" name="micoachMigrationTest" duration-ms="6537" started-at="2016-11-07T11:22:54Z" finished-at="2016-11-07T11:23:01Z">
          <reporter-output>
          </reporter-output>
        </test-method> <!-- micoachMigrationTest -->
        <test-method status="PASS" signature="micoachMigrationTest()[pri:0, instance:MicoachMigrationTest@35f983a6]" name="micoachMigrationTest" duration-ms="10493" started-at="2016-11-07T11:22:55Z" finished-at="2016-11-07T11:23:05Z">
          <reporter-output>
          </reporter-output>
        </test-method> <!-- micoachMigrationTest -->
        <test-method status="PASS" signature="micoachMigrationTest()[pri:0, instance:MicoachMigrationTest@35f983a6]" name="micoachMigrationTest" duration-ms="6092" started-at="2016-11-07T11:22:56Z" finished-at="2016-11-07T11:23:02Z">
          <reporter-output>
          </reporter-output>
        </test-method> <!-- micoachMigrationTest -->
        <test-method status="PASS" signature="micoachMigrationTest()[pri:0, instance:MicoachMigrationTest@35f983a6]" name="micoachMigrationTest" duration-ms="4810" started-at="2016-11-07T11:22:56Z" finished-at="2016-11-07T11:23:01Z">
          <reporter-output>
          </reporter-output>
        </test-method> <!-- micoachMigrationTest -->
        <test-method status="PASS" signature="micoachMigrationTest()[pri:0, instance:MicoachMigrationTest@35f983a6]" name="micoachMigrationTest" duration-ms="6170" started-at="2016-11-07T11:22:56Z" finished-at="2016-11-07T11:23:02Z">
          <reporter-output>
          </reporter-output>
        </test-method> <!-- micoachMigrationTest -->
        <test-method status="PASS" signature="micoachMigrationTest()[pri:0, instance:MicoachMigrationTest@35f983a6]" name="micoachMigrationTest" duration-ms="4282" started-at="2016-11-07T11:22:57Z" finished-at="2016-11-07T11:23:01Z">
          <reporter-output>
          </reporter-output>
        </test-method> <!-- micoachMigrationTest -->
        <test-method status="PASS" signature="micoachMigrationTest()[pri:0, instance:MicoachMigrationTest@35f983a6]" name="micoachMigrationTest" duration-ms="6206" started-at="2016-11-07T11:22:58Z" finished-at="2016-11-07T11:23:04Z">
          <reporter-output>
          </reporter-output>
        </test-method> <!-- micoachMigrationTest -->
        <test-method status="PASS" signature="micoachMigrationTest()[pri:0, instance:MicoachMigrationTest@35f983a6]" name="micoachMigrationTest" duration-ms="10977" started-at="2016-11-07T11:22:58Z" finished-at="2016-11-07T11:23:09Z">
          <reporter-output>
          </reporter-output>
        </test-method> <!-- micoachMigrationTest -->
        <test-method status="PASS" signature="micoachMigrationTest()[pri:0, instance:MicoachMigrationTest@35f983a6]" name="micoachMigrationTest" duration-ms="7255" started-at="2016-11-07T11:22:59Z" finished-at="2016-11-07T11:23:06Z">
          <reporter-output>
          </reporter-output>
        </test-method> <!-- micoachMigrationTest -->
        <test-method status="PASS" signature="micoachMigrationTest()[pri:0, instance:MicoachMigrationTest@35f983a6]" name="micoachMigrationTest" duration-ms="4355" started-at="2016-11-07T11:23:01Z" finished-at="2016-11-07T11:23:05Z">
          <reporter-output>
          </reporter-output>
        </test-method> <!-- micoachMigrationTest -->
        <test-method status="PASS" signature="micoachMigrationTest()[pri:0, instance:MicoachMigrationTest@35f983a6]" name="micoachMigrationTest" duration-ms="6898" started-at="2016-11-07T11:23:01Z" finished-at="2016-11-07T11:23:08Z">
          <reporter-output>
          </reporter-output>
        </test-method> <!-- micoachMigrationTest -->
        <test-method status="PASS" signature="micoachMigrationTest()[pri:0, instance:MicoachMigrationTest@35f983a6]" name="micoachMigrationTest" duration-ms="5025" started-at="2016-11-07T11:23:01Z" finished-at="2016-11-07T11:23:06Z">
          <reporter-output>
          </reporter-output>
        </test-method> <!-- micoachMigrationTest -->
        <test-method status="PASS" signature="micoachMigrationTest()[pri:0, instance:MicoachMigrationTest@35f983a6]" name="micoachMigrationTest" duration-ms="6745" started-at="2016-11-07T11:23:01Z" finished-at="2016-11-07T11:23:08Z">
          <reporter-output>
          </reporter-output>
        </test-method> <!-- micoachMigrationTest -->
        <test-method status="PASS" signature="micoachMigrationTest()[pri:0, instance:MicoachMigrationTest@35f983a6]" name="micoachMigrationTest" duration-ms="2601" started-at="2016-11-07T11:23:02Z" finished-at="2016-11-07T11:23:04Z">
          <reporter-output>
          </reporter-output>
        </test-method> <!-- micoachMigrationTest -->
        <test-method status="PASS" signature="micoachMigrationTest()[pri:0, instance:MicoachMigrationTest@35f983a6]" name="micoachMigrationTest" duration-ms="10909" started-at="2016-11-07T11:23:02Z" finished-at="2016-11-07T11:23:13Z">
          <reporter-output>
          </reporter-output>
        </test-method> <!-- micoachMigrationTest -->
        <test-method status="PASS" signature="micoachMigrationTest()[pri:0, instance:MicoachMigrationTest@35f983a6]" name="micoachMigrationTest" duration-ms="3696" started-at="2016-11-07T11:23:04Z" finished-at="2016-11-07T11:23:07Z">
          <reporter-output>
          </reporter-output>
        </test-method> <!-- micoachMigrationTest -->
        <test-method status="PASS" signature="micoachMigrationTest()[pri:0, instance:MicoachMigrationTest@35f983a6]" name="micoachMigrationTest" duration-ms="3311" started-at="2016-11-07T11:23:04Z" finished-at="2016-11-07T11:23:08Z">
          <reporter-output>
          </reporter-output>
        </test-method> <!-- micoachMigrationTest -->
        <test-method status="PASS" signature="micoachMigrationTest()[pri:0, instance:MicoachMigrationTest@35f983a6]" name="micoachMigrationTest" duration-ms="3240" started-at="2016-11-07T11:23:05Z" finished-at="2016-11-07T11:23:08Z">
          <reporter-output>
          </reporter-output>
        </test-method> <!-- micoachMigrationTest -->
        <test-method status="PASS" signature="micoachMigrationTest()[pri:0, instance:MicoachMigrationTest@35f983a6]" name="micoachMigrationTest" duration-ms="2843" started-at="2016-11-07T11:23:05Z" finished-at="2016-11-07T11:23:08Z">
          <reporter-output>
          </reporter-output>
        </test-method> <!-- micoachMigrationTest -->
        <test-method status="PASS" signature="micoachMigrationTest()[pri:0, instance:MicoachMigrationTest@35f983a6]" name="micoachMigrationTest" duration-ms="2805" started-at="2016-11-07T11:23:06Z" finished-at="2016-11-07T11:23:09Z">
          <reporter-output>
          </reporter-output>
        </test-method> <!-- micoachMigrationTest -->
        <test-method status="PASS" signature="micoachMigrationTest()[pri:0, instance:MicoachMigrationTest@35f983a6]" name="micoachMigrationTest" duration-ms="11230" started-at="2016-11-07T11:23:06Z" finished-at="2016-11-07T11:23:18Z">
          <reporter-output>
          </reporter-output>
        </test-method> <!-- micoachMigrationTest -->
        <test-method status="PASS" signature="micoachMigrationTest()[pri:0, instance:MicoachMigrationTest@35f983a6]" name="micoachMigrationTest" duration-ms="3243" started-at="2016-11-07T11:23:07Z" finished-at="2016-11-07T11:23:11Z">
          <reporter-output>
          </reporter-output>
        </test-method> <!-- micoachMigrationTest -->
        <test-method status="PASS" signature="micoachMigrationTest()[pri:0, instance:MicoachMigrationTest@35f983a6]" name="micoachMigrationTest" duration-ms="2665" started-at="2016-11-07T11:23:08Z" finished-at="2016-11-07T11:23:10Z">
          <reporter-output>
          </reporter-output>
        </test-method> <!-- micoachMigrationTest -->
        <test-method status="PASS" signature="micoachMigrationTest()[pri:0, instance:MicoachMigrationTest@35f983a6]" name="micoachMigrationTest" duration-ms="2600" started-at="2016-11-07T11:23:08Z" finished-at="2016-11-07T11:23:10Z">
          <reporter-output>
          </reporter-output>
        </test-method> <!-- micoachMigrationTest -->
        <test-method status="PASS" signature="micoachMigrationTest()[pri:0, instance:MicoachMigrationTest@35f983a6]" name="micoachMigrationTest" duration-ms="2926" started-at="2016-11-07T11:23:08Z" finished-at="2016-11-07T11:23:11Z">
          <reporter-output>
          </reporter-output>
        </test-method> <!-- micoachMigrationTest -->
        <test-method status="PASS" signature="micoachMigrationTest()[pri:0, instance:MicoachMigrationTest@35f983a6]" name="micoachMigrationTest" duration-ms="2810" started-at="2016-11-07T11:23:08Z" finished-at="2016-11-07T11:23:11Z">
          <reporter-output>
          </reporter-output>
        </test-method> <!-- micoachMigrationTest -->
        <test-method status="PASS" signature="micoachMigrationTest()[pri:0, instance:MicoachMigrationTest@35f983a6]" name="micoachMigrationTest" duration-ms="11966" started-at="2016-11-07T11:23:08Z" finished-at="2016-11-07T11:23:20Z">
          <reporter-output>
          </reporter-output>
        </test-method> <!-- micoachMigrationTest -->
        <test-method status="PASS" signature="micoachMigrationTest()[pri:0, instance:MicoachMigrationTest@35f983a6]" name="micoachMigrationTest" duration-ms="2657" started-at="2016-11-07T11:23:09Z" finished-at="2016-11-07T11:23:11Z">
          <reporter-output>
          </reporter-output>
        </test-method> <!-- micoachMigrationTest -->
        <test-method status="PASS" signature="micoachMigrationTest()[pri:0, instance:MicoachMigrationTest@35f983a6]" name="micoachMigrationTest" duration-ms="2651" started-at="2016-11-07T11:23:09Z" finished-at="2016-11-07T11:23:12Z">
          <reporter-output>
          </reporter-output>
        </test-method> <!-- micoachMigrationTest -->
        <test-method status="PASS" signature="micoachMigrationTest()[pri:0, instance:MicoachMigrationTest@35f983a6]" name="micoachMigrationTest" duration-ms="2503" started-at="2016-11-07T11:23:10Z" finished-at="2016-11-07T11:23:13Z">
          <reporter-output>
          </reporter-output>
        </test-method> <!-- micoachMigrationTest -->
        <test-method status="PASS" signature="micoachMigrationTest()[pri:0, instance:MicoachMigrationTest@35f983a6]" name="micoachMigrationTest" duration-ms="2952" started-at="2016-11-07T11:23:10Z" finished-at="2016-11-07T11:23:13Z">
          <reporter-output>
          </reporter-output>
        </test-method> <!-- micoachMigrationTest -->
        <test-method status="PASS" signature="micoachMigrationTest()[pri:0, instance:MicoachMigrationTest@35f983a6]" name="micoachMigrationTest" duration-ms="2338" started-at="2016-11-07T11:23:11Z" finished-at="2016-11-07T11:23:13Z">
          <reporter-output>
          </reporter-output>
        </test-method> <!-- micoachMigrationTest -->
        <test-method status="PASS" signature="micoachMigrationTest()[pri:0, instance:MicoachMigrationTest@35f983a6]" name="micoachMigrationTest" duration-ms="8997" started-at="2016-11-07T11:23:11Z" finished-at="2016-11-07T11:23:20Z">
          <reporter-output>
          </reporter-output>
        </test-method> <!-- micoachMigrationTest -->
        <test-method status="PASS" signature="micoachMigrationTest()[pri:0, instance:MicoachMigrationTest@35f983a6]" name="micoachMigrationTest" duration-ms="2641" started-at="2016-11-07T11:23:11Z" finished-at="2016-11-07T11:23:14Z">
          <reporter-output>
          </reporter-output>
        </test-method> <!-- micoachMigrationTest -->
        <test-method status="PASS" signature="micoachMigrationTest()[pri:0, instance:MicoachMigrationTest@35f983a6]" name="micoachMigrationTest" duration-ms="2503" started-at="2016-11-07T11:23:11Z" finished-at="2016-11-07T11:23:14Z">
          <reporter-output>
          </reporter-output>
        </test-method> <!-- micoachMigrationTest -->
        <test-method status="PASS" signature="micoachMigrationTest()[pri:0, instance:MicoachMigrationTest@35f983a6]" name="micoachMigrationTest" duration-ms="6604" started-at="2016-11-07T11:23:12Z" finished-at="2016-11-07T11:23:18Z">
          <reporter-output>
          </reporter-output>
        </test-method> <!-- micoachMigrationTest -->
        <test-method status="PASS" signature="micoachMigrationTest()[pri:0, instance:MicoachMigrationTest@35f983a6]" name="micoachMigrationTest" duration-ms="4397" started-at="2016-11-07T11:23:13Z" finished-at="2016-11-07T11:23:17Z">
          <reporter-output>
          </reporter-output>
        </test-method> <!-- micoachMigrationTest -->
        <test-method status="PASS" signature="micoachMigrationTest()[pri:0, instance:MicoachMigrationTest@35f983a6]" name="micoachMigrationTest" duration-ms="6235" started-at="2016-11-07T11:23:13Z" finished-at="2016-11-07T11:23:19Z">
          <reporter-output>
          </reporter-output>
        </test-method> <!-- micoachMigrationTest -->
        <test-method status="PASS" signature="micoachMigrationTest()[pri:0, instance:MicoachMigrationTest@35f983a6]" name="micoachMigrationTest" duration-ms="4589" started-at="2016-11-07T11:23:13Z" finished-at="2016-11-07T11:23:18Z">
          <reporter-output>
          </reporter-output>
        </test-method> <!-- micoachMigrationTest -->
        <test-method status="PASS" signature="micoachMigrationTest()[pri:0, instance:MicoachMigrationTest@35f983a6]" name="micoachMigrationTest" duration-ms="6160" started-at="2016-11-07T11:23:13Z" finished-at="2016-11-07T11:23:20Z">
          <reporter-output>
          </reporter-output>
        </test-method> <!-- micoachMigrationTest -->
        <test-method status="PASS" signature="micoachMigrationTest()[pri:0, instance:MicoachMigrationTest@35f983a6]" name="micoachMigrationTest" duration-ms="10578" started-at="2016-11-07T11:23:14Z" finished-at="2016-11-07T11:23:24Z">
          <reporter-output>
          </reporter-output>
        </test-method> <!-- micoachMigrationTest -->
        <test-method status="PASS" signature="micoachMigrationTest()[pri:0, instance:MicoachMigrationTest@35f983a6]" name="micoachMigrationTest" duration-ms="5858" started-at="2016-11-07T11:23:14Z" finished-at="2016-11-07T11:23:20Z">
          <reporter-output>
          </reporter-output>
        </test-method> <!-- micoachMigrationTest -->
        <test-method status="PASS" signature="micoachMigrationTest()[pri:0, instance:MicoachMigrationTest@35f983a6]" name="micoachMigrationTest" duration-ms="4717" started-at="2016-11-07T11:23:17Z" finished-at="2016-11-07T11:23:22Z">
          <reporter-output>
          </reporter-output>
        </test-method> <!-- micoachMigrationTest -->
        <test-method status="PASS" signature="micoachMigrationTest()[pri:0, instance:MicoachMigrationTest@35f983a6]" name="micoachMigrationTest" duration-ms="8603" started-at="2016-11-07T11:23:18Z" finished-at="2016-11-07T11:23:26Z">
          <reporter-output>
          </reporter-output>
        </test-method> <!-- micoachMigrationTest -->
        <test-method status="PASS" signature="micoachMigrationTest()[pri:0, instance:MicoachMigrationTest@35f983a6]" name="micoachMigrationTest" duration-ms="5275" started-at="2016-11-07T11:23:18Z" finished-at="2016-11-07T11:23:23Z">
          <reporter-output>
          </reporter-output>
        </test-method> <!-- micoachMigrationTest -->
        <test-method status="PASS" signature="micoachMigrationTest()[pri:0, instance:MicoachMigrationTest@35f983a6]" name="micoachMigrationTest" duration-ms="6796" started-at="2016-11-07T11:23:18Z" finished-at="2016-11-07T11:23:25Z">
          <reporter-output>
          </reporter-output>
        </test-method> <!-- micoachMigrationTest -->
        <test-method status="PASS" signature="micoachMigrationTest()[pri:0, instance:MicoachMigrationTest@35f983a6]" name="micoachMigrationTest" duration-ms="9693" started-at="2016-11-07T11:23:19Z" finished-at="2016-11-07T11:23:29Z">
          <reporter-output>
          </reporter-output>
        </test-method> <!-- micoachMigrationTest -->
        <test-method status="PASS" signature="micoachMigrationTest()[pri:0, instance:MicoachMigrationTest@35f983a6]" name="micoachMigrationTest" duration-ms="6952" started-at="2016-11-07T11:23:20Z" finished-at="2016-11-07T11:23:27Z">
          <reporter-output>
          </reporter-output>
        </test-method> <!-- micoachMigrationTest -->
        <test-method status="PASS" signature="micoachMigrationTest()[pri:0, instance:MicoachMigrationTest@35f983a6]" name="micoachMigrationTest" duration-ms="5167" started-at="2016-11-07T11:23:20Z" finished-at="2016-11-07T11:23:25Z">
          <reporter-output>
          </reporter-output>
        </test-method> <!-- micoachMigrationTest -->
        <test-method status="PASS" signature="micoachMigrationTest()[pri:0, instance:MicoachMigrationTest@35f983a6]" name="micoachMigrationTest" duration-ms="5664" started-at="2016-11-07T11:23:20Z" finished-at="2016-11-07T11:23:26Z">
          <reporter-output>
          </reporter-output>
        </test-method> <!-- micoachMigrationTest -->
        <test-method status="PASS" signature="micoachMigrationTest()[pri:0, instance:MicoachMigrationTest@35f983a6]" name="micoachMigrationTest" duration-ms="10549" started-at="2016-11-07T11:23:20Z" finished-at="2016-11-07T11:23:31Z">
          <reporter-output>
          </reporter-output>
        </test-method> <!-- micoachMigrationTest -->
        <test-method status="PASS" signature="micoachMigrationTest()[pri:0, instance:MicoachMigrationTest@35f983a6]" name="micoachMigrationTest" duration-ms="4478" started-at="2016-11-07T11:23:22Z" finished-at="2016-11-07T11:23:27Z">
          <reporter-output>
          </reporter-output>
        </test-method> <!-- micoachMigrationTest -->
        <test-method status="PASS" signature="micoachMigrationTest()[pri:0, instance:MicoachMigrationTest@35f983a6]" name="micoachMigrationTest" duration-ms="5854" started-at="2016-11-07T11:23:23Z" finished-at="2016-11-07T11:23:29Z">
          <reporter-output>
          </reporter-output>
        </test-method> <!-- micoachMigrationTest -->
        <test-method status="PASS" signature="micoachMigrationTest()[pri:0, instance:MicoachMigrationTest@35f983a6]" name="micoachMigrationTest" duration-ms="4740" started-at="2016-11-07T11:23:24Z" finished-at="2016-11-07T11:23:29Z">
          <reporter-output>
          </reporter-output>
        </test-method> <!-- micoachMigrationTest -->
        <test-method status="PASS" signature="micoachMigrationTest()[pri:0, instance:MicoachMigrationTest@35f983a6]" name="micoachMigrationTest" duration-ms="5743" started-at="2016-11-07T11:23:25Z" finished-at="2016-11-07T11:23:31Z">
          <reporter-output>
          </reporter-output>
        </test-method> <!-- micoachMigrationTest -->
        <test-method status="PASS" signature="micoachMigrationTest()[pri:0, instance:MicoachMigrationTest@35f983a6]" name="micoachMigrationTest" duration-ms="4735" started-at="2016-11-07T11:23:25Z" finished-at="2016-11-07T11:23:30Z">
          <reporter-output>
          </reporter-output>
        </test-method> <!-- micoachMigrationTest -->
        <test-method status="PASS" signature="micoachMigrationTest()[pri:0, instance:MicoachMigrationTest@35f983a6]" name="micoachMigrationTest" duration-ms="6449" started-at="2016-11-07T11:23:26Z" finished-at="2016-11-07T11:23:32Z">
          <reporter-output>
          </reporter-output>
        </test-method> <!-- micoachMigrationTest -->
        <test-method status="PASS" signature="micoachMigrationTest()[pri:0, instance:MicoachMigrationTest@35f983a6]" name="micoachMigrationTest" duration-ms="11311" started-at="2016-11-07T11:23:26Z" finished-at="2016-11-07T11:23:37Z">
          <reporter-output>
          </reporter-output>
        </test-method> <!-- micoachMigrationTest -->
        <test-method status="PASS" signature="micoachMigrationTest()[pri:0, instance:MicoachMigrationTest@35f983a6]" name="micoachMigrationTest" duration-ms="6768" started-at="2016-11-07T11:23:27Z" finished-at="2016-11-07T11:23:33Z">
          <reporter-output>
          </reporter-output>
        </test-method> <!-- micoachMigrationTest -->
        <test-method status="PASS" signature="micoachMigrationTest()[pri:0, instance:MicoachMigrationTest@35f983a6]" name="micoachMigrationTest" duration-ms="4915" started-at="2016-11-07T11:23:27Z" finished-at="2016-11-07T11:23:31Z">
          <reporter-output>
          </reporter-output>
        </test-method> <!-- micoachMigrationTest -->
        <test-method status="PASS" signature="micoachMigrationTest()[pri:0, instance:MicoachMigrationTest@35f983a6]" name="micoachMigrationTest" duration-ms="7128" started-at="2016-11-07T11:23:29Z" finished-at="2016-11-07T11:23:36Z">
          <reporter-output>
          </reporter-output>
        </test-method> <!-- micoachMigrationTest -->
        <test-method status="PASS" signature="micoachMigrationTest()[pri:0, instance:MicoachMigrationTest@35f983a6]" name="micoachMigrationTest" duration-ms="5362" started-at="2016-11-07T11:23:29Z" finished-at="2016-11-07T11:23:34Z">
          <reporter-output>
          </reporter-output>
        </test-method> <!-- micoachMigrationTest -->
        <test-method status="PASS" signature="micoachMigrationTest()[pri:0, instance:MicoachMigrationTest@35f983a6]" name="micoachMigrationTest" duration-ms="7339" started-at="2016-11-07T11:23:29Z" finished-at="2016-11-07T11:23:36Z">
          <reporter-output>
          </reporter-output>
        </test-method> <!-- micoachMigrationTest -->
        <test-method status="PASS" signature="micoachMigrationTest()[pri:0, instance:MicoachMigrationTest@35f983a6]" name="micoachMigrationTest" duration-ms="10924" started-at="2016-11-07T11:23:30Z" finished-at="2016-11-07T11:23:41Z">
          <reporter-output>
          </reporter-output>
        </test-method> <!-- micoachMigrationTest -->
        <test-method status="PASS" signature="micoachMigrationTest()[pri:0, instance:MicoachMigrationTest@35f983a6]" name="micoachMigrationTest" duration-ms="10131" started-at="2016-11-07T11:23:31Z" finished-at="2016-11-07T11:23:41Z">
          <reporter-output>
          </reporter-output>
        </test-method> <!-- micoachMigrationTest -->
        <test-method status="PASS" signature="micoachMigrationTest()[pri:0, instance:MicoachMigrationTest@35f983a6]" name="micoachMigrationTest" duration-ms="5580" started-at="2016-11-07T11:23:31Z" finished-at="2016-11-07T11:23:36Z">
          <reporter-output>
          </reporter-output>
        </test-method> <!-- micoachMigrationTest -->
        <test-method status="PASS" signature="micoachMigrationTest()[pri:0, instance:MicoachMigrationTest@35f983a6]" name="micoachMigrationTest" duration-ms="7607" started-at="2016-11-07T11:23:31Z" finished-at="2016-11-07T11:23:39Z">
          <reporter-output>
          </reporter-output>
        </test-method> <!-- micoachMigrationTest -->
        <test-method status="PASS" signature="micoachMigrationTest()[pri:0, instance:MicoachMigrationTest@35f983a6]" name="micoachMigrationTest" duration-ms="5272" started-at="2016-11-07T11:23:32Z" finished-at="2016-11-07T11:23:37Z">
          <reporter-output>
          </reporter-output>
        </test-method> <!-- micoachMigrationTest -->
        <test-method status="PASS" signature="micoachMigrationTest()[pri:0, instance:MicoachMigrationTest@35f983a6]" name="micoachMigrationTest" duration-ms="7356" started-at="2016-11-07T11:23:33Z" finished-at="2016-11-07T11:23:41Z">
          <reporter-output>
          </reporter-output>
        </test-method> <!-- micoachMigrationTest -->
        <test-method status="PASS" signature="micoachMigrationTest()[pri:0, instance:MicoachMigrationTest@35f983a6]" name="micoachMigrationTest" duration-ms="6830" started-at="2016-11-07T11:23:34Z" finished-at="2016-11-07T11:23:41Z">
          <reporter-output>
          </reporter-output>
        </test-method> <!-- micoachMigrationTest -->
        <test-method status="PASS" signature="micoachMigrationTest()[pri:0, instance:MicoachMigrationTest@35f983a6]" name="micoachMigrationTest" duration-ms="13658" started-at="2016-11-07T11:23:36Z" finished-at="2016-11-07T11:23:50Z">
          <reporter-output>
          </reporter-output>
        </test-method> <!-- micoachMigrationTest -->
        <test-method status="PASS" signature="micoachMigrationTest()[pri:0, instance:MicoachMigrationTest@35f983a6]" name="micoachMigrationTest" duration-ms="4847" started-at="2016-11-07T11:23:36Z" finished-at="2016-11-07T11:23:41Z">
          <reporter-output>
          </reporter-output>
        </test-method> <!-- micoachMigrationTest -->
        <test-method status="PASS" signature="micoachMigrationTest()[pri:0, instance:MicoachMigrationTest@35f983a6]" name="micoachMigrationTest" duration-ms="5559" started-at="2016-11-07T11:23:36Z" finished-at="2016-11-07T11:23:42Z">
          <reporter-output>
          </reporter-output>
        </test-method> <!-- micoachMigrationTest -->
        <test-method status="PASS" signature="micoachMigrationTest()[pri:0, instance:MicoachMigrationTest@35f983a6]" name="micoachMigrationTest" duration-ms="7026" started-at="2016-11-07T11:23:37Z" finished-at="2016-11-07T11:23:44Z">
          <reporter-output>
          </reporter-output>
        </test-method> <!-- micoachMigrationTest -->
        <test-method status="PASS" signature="micoachMigrationTest()[pri:0, instance:MicoachMigrationTest@35f983a6]" name="micoachMigrationTest" duration-ms="5497" started-at="2016-11-07T11:23:37Z" finished-at="2016-11-07T11:23:43Z">
          <reporter-output>
          </reporter-output>
        </test-method> <!-- micoachMigrationTest -->
        <test-method status="PASS" signature="micoachMigrationTest()[pri:0, instance:MicoachMigrationTest@35f983a6]" name="micoachMigrationTest" duration-ms="6504" started-at="2016-11-07T11:23:39Z" finished-at="2016-11-07T11:23:46Z">
          <reporter-output>
          </reporter-output>
        </test-method> <!-- micoachMigrationTest -->
        <test-method status="PASS" signature="micoachMigrationTest()[pri:0, instance:MicoachMigrationTest@35f983a6]" name="micoachMigrationTest" duration-ms="12044" started-at="2016-11-07T11:23:41Z" finished-at="2016-11-07T11:23:53Z">
          <reporter-output>
          </reporter-output>
        </test-method> <!-- micoachMigrationTest -->
        <test-method status="PASS" signature="micoachMigrationTest()[pri:0, instance:MicoachMigrationTest@35f983a6]" name="micoachMigrationTest" duration-ms="7344" started-at="2016-11-07T11:23:41Z" finished-at="2016-11-07T11:23:48Z">
          <reporter-output>
          </reporter-output>
        </test-method> <!-- micoachMigrationTest -->
        <test-method status="PASS" signature="micoachMigrationTest()[pri:0, instance:MicoachMigrationTest@35f983a6]" name="micoachMigrationTest" duration-ms="5248" started-at="2016-11-07T11:23:41Z" finished-at="2016-11-07T11:23:46Z">
          <reporter-output>
          </reporter-output>
        </test-method> <!-- micoachMigrationTest -->
[...]
          <reporter-output>
          </reporter-output>
        </test-method> <!-- micoachMigrationTest -->
        <test-method status="PASS" signature="micoachMigrationTest()[pri:0, instance:MicoachMigrationTest@35f983a6]" name="micoachMigrationTest" duration-ms="4423" started-at="2016-11-07T11:31:04Z" finished-at="2016-11-07T11:31:09Z">
          <reporter-output>
          </reporter-output>
        </test-method> <!-- micoachMigrationTest -->
        <test-method status="PASS" signature="micoachMigrationTest()[pri:0, instance:MicoachMigrationTest@35f983a6]" name="micoachMigrationTest" duration-ms="11422" started-at="2016-11-07T11:31:05Z" finished-at="2016-11-07T11:31:16Z">
          <reporter-output>
          </reporter-output>
        </test-method> <!-- micoachMigrationTest -->
        <test-method status="PASS" signature="micoachMigrationTest()[pri:0, instance:MicoachMigrationTest@35f983a6]" name="micoachMigrationTest" duration-ms="4482" started-at="2016-11-07T11:31:05Z" finished-at="2016-11-07T11:31:09Z">
          <reporter-output>
          </reporter-output>
        </test-method> <!-- micoachMigrationTest -->
        <test-method status="PASS" signature="micoachMigrationTest()[pri:0, instance:MicoachMigrationTest@35f983a6]" name="micoachMigrationTest" duration-ms="5760" started-at="2016-11-07T11:31:05Z" finished-at="2016-11-07T11:31:11Z">
          <reporter-output>
          </reporter-output>
        </test-method> <!-- micoachMigrationTest -->
        <test-method status="PASS" signature="micoachMigrationTest()[pri:0, instance:MicoachMigrationTest@35f983a6]" name="micoachMigrationTest" duration-ms="4263" started-at="2016-11-07T11:31:07Z" finished-at="2016-11-07T11:31:11Z">
          <reporter-output>
          </reporter-output>
        </test-method> <!-- micoachMigrationTest -->
        <test-method status="PASS" signature="micoachMigrationTest()[pri:0, instance:MicoachMigrationTest@35f983a6]" name="micoachMigrationTest" duration-ms="6149" started-at="2016-11-07T11:31:07Z" finished-at="2016-11-07T11:31:13Z">
          <reporter-output>
          </reporter-output>
        </test-method> <!-- micoachMigrationTest -->
        <test-method status="PASS" signature="micoachMigrationTest()[pri:0, instance:MicoachMigrationTest@35f983a6]" name="micoachMigrationTest" duration-ms="6706" started-at="2016-11-07T11:31:07Z" finished-at="2016-11-07T11:31:14Z">
          <reporter-output>
          </reporter-output>
        </test-method> <!-- micoachMigrationTest -->
        <test-method status="PASS" signature="micoachMigrationTest()[pri:0, instance:MicoachMigrationTest@35f983a6]" name="micoachMigrationTest" duration-ms="9831" started-at="2016-11-07T11:31:09Z" finished-at="2016-11-07T11:31:18Z">
          <reporter-output>
          </reporter-output>
        </test-method> <!-- micoachMigrationTest -->
        <test-method status="PASS" signature="micoachMigrationTest()[pri:0, instance:MicoachMigrationTest@35f983a6]" name="micoachMigrationTest" duration-ms="13909" started-at="2016-11-07T11:31:09Z" finished-at="2016-11-07T11:31:23Z">
          <reporter-output>
          </reporter-output>
        </test-method> <!-- micoachMigrationTest -->
        <test-method status="PASS" signature="micoachMigrationTest()[pri:0, instance:MicoachMigrationTest@35f983a6]" name="micoachMigrationTest" duration-ms="6305" started-at="2016-11-07T11:31:09Z" finished-at="2016-11-07T11:31:15Z">
          <reporter-output>
          </reporter-output>
        </test-method> <!-- micoachMigrationTest -->
        <test-method status="PASS" signature="micoachMigrationTest()[pri:0, instance:MicoachMigrationTest@35f983a6]" name="micoachMigrationTest" duration-ms="4590" started-at="2016-11-07T11:31:10Z" finished-at="2016-11-07T11:31:15Z">
          <reporter-output>
          </reporter-output>
        </test-method> <!-- micoachMigrationTest -->
        <test-method status="PASS" signature="micoachMigrationTest()[pri:0, instance:MicoachMigrationTest@35f983a6]" name="micoachMigrationTest" duration-ms="7806" started-at="2016-11-07T11:31:11Z" finished-at="2016-11-07T11:31:19Z">
          <reporter-output>
          </reporter-output>
        </test-method> <!-- micoachMigrationTest -->
        <test-method status="PASS" signature="micoachMigrationTest()[pri:0, instance:MicoachMigrationTest@35f983a6]" name="micoachMigrationTest" duration-ms="4450" started-at="2016-11-07T11:31:11Z" finished-at="2016-11-07T11:31:16Z">
          <reporter-output>
          </reporter-output>
        </test-method> <!-- micoachMigrationTest -->
        <test-method status="PASS" signature="micoachMigrationTest()[pri:0, instance:MicoachMigrationTest@35f983a6]" name="micoachMigrationTest" duration-ms="7049" started-at="2016-11-07T11:31:12Z" finished-at="2016-11-07T11:31:20Z">
          <reporter-output>
          </reporter-output>
        </test-method> <!-- micoachMigrationTest -->
        <test-method status="PASS" signature="micoachMigrationTest()[pri:0, instance:MicoachMigrationTest@35f983a6]" name="micoachMigrationTest" duration-ms="11236" started-at="2016-11-07T11:31:13Z" finished-at="2016-11-07T11:31:25Z">
          <reporter-output>
          </reporter-output>
        </test-method> <!-- micoachMigrationTest -->
        <test-method status="PASS" signature="micoachMigrationTest()[pri:0, instance:MicoachMigrationTest@35f983a6]" name="micoachMigrationTest" duration-ms="7689" started-at="2016-11-07T11:31:14Z" finished-at="2016-11-07T11:31:22Z">
          <reporter-output>
          </reporter-output>
        </test-method> <!-- micoachMigrationTest -->
        <test-method status="PASS" signature="micoachMigrationTest()[pri:0, instance:MicoachMigrationTest@35f983a6]" name="micoachMigrationTest" duration-ms="4379" started-at="2016-11-07T11:31:15Z" finished-at="2016-11-07T11:31:19Z">
          <reporter-output>
          </reporter-output>
        </test-method> <!-- micoachMigrationTest -->
        <test-method status="PASS" signature="micoachMigrationTest()[pri:0, instance:MicoachMigrationTest@35f983a6]" name="micoachMigrationTest" duration-ms="7340" started-at="2016-11-07T11:31:15Z" finished-at="2016-11-07T11:31:23Z">
          <reporter-output>
          </reporter-output>
        </test-method> <!-- micoachMigrationTest -->
        <test-method status="PASS" signature="micoachMigrationTest()[pri:0, instance:MicoachMigrationTest@35f983a6]" name="micoachMigrationTest" duration-ms="5274" started-at="2016-11-07T11:31:16Z" finished-at="2016-11-07T11:31:21Z">
          <reporter-output>
          </reporter-output>
        </test-method> <!-- micoachMigrationTest -->
        <test-method status="PASS" signature="micoachMigrationTest()[pri:0, instance:MicoachMigrationTest@35f983a6]" name="micoachMigrationTest" duration-ms="7463" started-at="2016-11-07T11:31:16Z" finished-at="2016-11-07T11:31:24Z">
          <reporter-output>
          </reporter-output>
        </test-method> <!-- micoachMigrationTest -->
        <test-method status="PASS" signature="micoachMigrationTest()[pri:0, instance:MicoachMigrationTest@35f983a6]" name="micoachMigrationTest" duration-ms="7230" started-at="2016-11-07T11:31:18Z" finished-at="2016-11-07T11:31:26Z">
          <reporter-output>
          </reporter-output>
        </test-method> <!-- micoachMigrationTest -->
        <test-method status="PASS" signature="micoachMigrationTest()[pri:0, instance:MicoachMigrationTest@35f983a6]" name="micoachMigrationTest" duration-ms="13054" started-at="2016-11-07T11:31:19Z" finished-at="2016-11-07T11:31:32Z">
          <reporter-output>
          </reporter-output>
        </test-method> <!-- micoachMigrationTest -->
        <test-method status="PASS" signature="micoachMigrationTest()[pri:0, instance:MicoachMigrationTest@35f983a6]" name="micoachMigrationTest" duration-ms="5455" started-at="2016-11-07T11:31:19Z" finished-at="2016-11-07T11:31:24Z">
          <reporter-output>
          </reporter-output>
        </test-method> <!-- micoachMigrationTest -->
        <test-method status="PASS" signature="micoachMigrationTest()[pri:0, instance:MicoachMigrationTest@35f983a6]" name="micoachMigrationTest" duration-ms="5042" started-at="2016-11-07T11:31:20Z" finished-at="2016-11-07T11:31:25Z">
          <reporter-output>
          </reporter-output>
        </test-method> <!-- micoachMigrationTest -->
        <test-method status="PASS" signature="micoachMigrationTest()[pri:0, instance:MicoachMigrationTest@35f983a6]" name="micoachMigrationTest" duration-ms="6395" started-at="2016-11-07T11:31:21Z" finished-at="2016-11-07T11:31:27Z">
          <reporter-output>
          </reporter-output>
        </test-method> <!-- micoachMigrationTest -->
        <test-method status="PASS" signature="micoachMigrationTest()[pri:0, instance:MicoachMigrationTest@35f983a6]" name="micoachMigrationTest" duration-ms="4977" started-at="2016-11-07T11:31:22Z" finished-at="2016-11-07T11:31:27Z">
          <reporter-output>
          </reporter-output>
        </test-method> <!-- micoachMigrationTest -->
        <test-method status="PASS" signature="micoachMigrationTest()[pri:0, instance:MicoachMigrationTest@35f983a6]" name="micoachMigrationTest" duration-ms="7399" started-at="2016-11-07T11:31:23Z" finished-at="2016-11-07T11:31:30Z">
          <reporter-output>
          </reporter-output>
        </test-method> <!-- micoachMigrationTest -->
        <test-method status="PASS" signature="micoachMigrationTest()[pri:0, instance:MicoachMigrationTest@35f983a6]" name="micoachMigrationTest" duration-ms="12288" started-at="2016-11-07T11:31:23Z" finished-at="2016-11-07T11:31:35Z">
          <reporter-output>
          </reporter-output>
        </test-method> <!-- micoachMigrationTest -->
        <test-method status="PASS" signature="micoachMigrationTest()[pri:0, instance:MicoachMigrationTest@35f983a6]" name="micoachMigrationTest" duration-ms="7663" started-at="2016-11-07T11:31:24Z" finished-at="2016-11-07T11:31:31Z">
          <reporter-output>
          </reporter-output>
        </test-method> <!-- micoachMigrationTest -->
        <test-method status="PASS" signature="micoachMigrationTest()[pri:0, instance:MicoachMigrationTest@35f983a6]" name="micoachMigrationTest" duration-ms="5063" started-at="2016-11-07T11:31:24Z" finished-at="2016-11-07T11:31:29Z">
          <reporter-output>
          </reporter-output>
        </test-method> <!-- micoachMigrationTest -->
        <test-method status="PASS" signature="micoachMigrationTest()[pri:0, instance:MicoachMigrationTest@35f983a6]" name="micoachMigrationTest" duration-ms="7029" started-at="2016-11-07T11:31:25Z" finished-at="2016-11-07T11:31:32Z">
          <reporter-output>
          </reporter-output>
        </test-method> <!-- micoachMigrationTest -->
        <test-method status="PASS" signature="micoachMigrationTest()[pri:0, instance:MicoachMigrationTest@35f983a6]" name="micoachMigrationTest" duration-ms="5336" started-at="2016-11-07T11:31:25Z" finished-at="2016-11-07T11:31:30Z">
          <reporter-output>
          </reporter-output>
        </test-method> <!-- micoachMigrationTest -->
        <test-method status="PASS" signature="micoachMigrationTest()[pri:0, instance:MicoachMigrationTest@35f983a6]" name="micoachMigrationTest" duration-ms="7413" started-at="2016-11-07T11:31:26Z" finished-at="2016-11-07T11:31:33Z">
          <reporter-output>
          </reporter-output>
        </test-method> <!-- micoachMigrationTest -->
        <test-method status="PASS" signature="micoachMigrationTest()[pri:0, instance:MicoachMigrationTest@35f983a6]" name="micoachMigrationTest" duration-ms="10305" started-at="2016-11-07T11:31:27Z" finished-at="2016-11-07T11:31:37Z">
          <reporter-output>
          </reporter-output>
        </test-method> <!-- micoachMigrationTest -->
        <test-method status="PASS" signature="micoachMigrationTest()[pri:0, instance:MicoachMigrationTest@35f983a6]" name="micoachMigrationTest" duration-ms="6532" started-at="2016-11-07T11:31:27Z" finished-at="2016-11-07T11:31:34Z">
          <reporter-output>
          </reporter-output>
        </test-method> <!-- micoachMigrationTest -->
        <test-method status="PASS" signature="micoachMigrationTest()[pri:0, instance:MicoachMigrationTest@35f983a6]" name="micoachMigrationTest" duration-ms="4835" started-at="2016-11-07T11:31:29Z" finished-at="2016-11-07T11:31:34Z">
          <reporter-output>
          </reporter-output>
        </test-method> <!-- micoachMigrationTest -->
        <test-method status="PASS" signature="micoachMigrationTest()[pri:0, instance:MicoachMigrationTest@35f983a6]" name="micoachMigrationTest" duration-ms="7177" started-at="2016-11-07T11:31:30Z" finished-at="2016-11-07T11:31:37Z">
          <reporter-output>
          </reporter-output>
        </test-method> <!-- micoachMigrationTest -->
        <test-method status="PASS" signature="micoachMigrationTest()[pri:0, instance:MicoachMigrationTest@35f983a6]" name="micoachMigrationTest" duration-ms="5092" started-at="2016-11-07T11:31:30Z" finished-at="2016-11-07T11:31:35Z">
          <reporter-output>
          </reporter-output>
        </test-method> <!-- micoachMigrationTest -->
        <test-method status="PASS" signature="micoachMigrationTest()[pri:0, instance:MicoachMigrationTest@35f983a6]" name="micoachMigrationTest" duration-ms="7558" started-at="2016-11-07T11:31:31Z" finished-at="2016-11-07T11:31:39Z">
          <reporter-output>
          </reporter-output>
        </test-method> <!-- micoachMigrationTest -->
        <test-method status="PASS" signature="micoachMigrationTest()[pri:0, instance:MicoachMigrationTest@35f983a6]" name="micoachMigrationTest" duration-ms="6434" started-at="2016-11-07T11:31:32Z" finished-at="2016-11-07T11:31:38Z">
          <reporter-output>
          </reporter-output>
        </test-method> <!-- micoachMigrationTest -->
        <test-method status="PASS" signature="micoachMigrationTest()[pri:0, instance:MicoachMigrationTest@35f983a6]" name="micoachMigrationTest" duration-ms="12252" started-at="2016-11-07T11:31:32Z" finished-at="2016-11-07T11:31:44Z">
          <reporter-output>
          </reporter-output>
        </test-method> <!-- micoachMigrationTest -->
        <test-method status="PASS" signature="micoachMigrationTest()[pri:0, instance:MicoachMigrationTest@35f983a6]" name="micoachMigrationTest" duration-ms="4718" started-at="2016-11-07T11:31:33Z" finished-at="2016-11-07T11:31:38Z">
          <reporter-output>
          </reporter-output>
        </test-method> <!-- micoachMigrationTest -->
        <test-method status="PASS" signature="micoachMigrationTest()[pri:0, instance:MicoachMigrationTest@35f983a6]" name="micoachMigrationTest" duration-ms="6631" started-at="2016-11-07T11:31:34Z" finished-at="2016-11-07T11:31:40Z">
          <reporter-output>
          </reporter-output>
        </test-method> <!-- micoachMigrationTest -->
        <test-method status="PASS" signature="micoachMigrationTest()[pri:0, instance:MicoachMigrationTest@35f983a6]" name="micoachMigrationTest" duration-ms="4603" started-at="2016-11-07T11:31:34Z" finished-at="2016-11-07T11:31:39Z">
          <reporter-output>
          </reporter-output>
        </test-method> <!-- micoachMigrationTest -->
        <test-method status="PASS" signature="micoachMigrationTest()[pri:0, instance:MicoachMigrationTest@35f983a6]" name="micoachMigrationTest" duration-ms="6831" started-at="2016-11-07T11:31:35Z" finished-at="2016-11-07T11:31:42Z">
          <reporter-output>
          </reporter-output>
        </test-method> <!-- micoachMigrationTest -->
        <test-method status="PASS" signature="micoachMigrationTest()[pri:0, instance:MicoachMigrationTest@35f983a6]" name="micoachMigrationTest" duration-ms="10688" started-at="2016-11-07T11:31:35Z" finished-at="2016-11-07T11:31:46Z">
          <reporter-output>
          </reporter-output>
        </test-method> <!-- micoachMigrationTest -->
        <test-method status="PASS" signature="micoachMigrationTest()[pri:0, instance:MicoachMigrationTest@35f983a6]" name="micoachMigrationTest" duration-ms="6676" started-at="2016-11-07T11:31:37Z" finished-at="2016-11-07T11:31:44Z">
          <reporter-output>
          </reporter-output>
        </test-method> <!-- micoachMigrationTest -->
        <test-method status="PASS" signature="micoachMigrationTest()[pri:0, instance:MicoachMigrationTest@35f983a6]" name="micoachMigrationTest" duration-ms="4885" started-at="2016-11-07T11:31:37Z" finished-at="2016-11-07T11:31:42Z">
          <reporter-output>
          </reporter-output>
        </test-method> <!-- micoachMigrationTest -->
        <test-method status="PASS" signature="micoachMigrationTest()[pri:0, instance:MicoachMigrationTest@35f983a6]" name="micoachMigrationTest" duration-ms="7555" started-at="2016-11-07T11:31:38Z" finished-at="2016-11-07T11:31:45Z">
          <reporter-output>
          </reporter-output>
        </test-method> <!-- micoachMigrationTest -->
        <test-method status="PASS" signature="micoachMigrationTest()[pri:0, instance:MicoachMigrationTest@35f983a6]" name="micoachMigrationTest" duration-ms="5183" started-at="2016-11-07T11:31:38Z" finished-at="2016-11-07T11:31:43Z">
          <reporter-output>
          </reporter-output>
        </test-method> <!-- micoachMigrationTest -->
        <test-method status="PASS" signature="micoachMigrationTest()[pri:0, instance:MicoachMigrationTest@35f983a6]" name="micoachMigrationTest" duration-ms="7008" started-at="2016-11-07T11:31:39Z" finished-at="2016-11-07T11:31:46Z">
          <reporter-output>
          </reporter-output>
        </test-method> <!-- micoachMigrationTest -->
        <test-method status="PASS" signature="micoachMigrationTest()[pri:0, instance:MicoachMigrationTest@35f983a6]" name="micoachMigrationTest" duration-ms="12680" started-at="2016-11-07T11:31:39Z" finished-at="2016-11-07T11:31:52Z">
          <reporter-output>
          </reporter-output>
        </test-method> <!-- micoachMigrationTest -->
        <test-method status="PASS" signature="micoachMigrationTest()[pri:0, instance:MicoachMigrationTest@35f983a6]" name="micoachMigrationTest" duration-ms="7436" started-at="2016-11-07T11:31:40Z" finished-at="2016-11-07T11:31:48Z">
          <reporter-output>
          </reporter-output>
        </test-method> <!-- micoachMigrationTest -->
        <test-method status="PASS" signature="micoachMigrationTest()[pri:0, instance:MicoachMigrationTest@35f983a6]" name="micoachMigrationTest" duration-ms="4736" started-at="2016-11-07T11:31:42Z" finished-at="2016-11-07T11:31:47Z">
          <reporter-output>
          </reporter-output>
        </test-method> <!-- micoachMigrationTest -->
        <test-method status="PASS" signature="micoachMigrationTest()[pri:0, instance:MicoachMigrationTest@35f983a6]" name="micoachMigrationTest" duration-ms="7021" started-at="2016-11-07T11:31:42Z" finished-at="2016-11-07T11:31:49Z">
          <reporter-output>
          </reporter-output>
        </test-method> <!-- micoachMigrationTest -->
        <test-method status="PASS" signature="micoachMigrationTest()[pri:0, instance:MicoachMigrationTest@35f983a6]" name="micoachMigrationTest" duration-ms="5031" started-at="2016-11-07T11:31:43Z" finished-at="2016-11-07T11:31:48Z">
          <reporter-output>
          </reporter-output>
        </test-method> <!-- micoachMigrationTest -->
        <test-method status="PASS" signature="micoachMigrationTest()[pri:0, instance:MicoachMigrationTest@35f983a6]" name="micoachMigrationTest" duration-ms="6779" started-at="2016-11-07T11:31:44Z" finished-at="2016-11-07T11:31:50Z">
          <reporter-output>
          </reporter-output>
        </test-method> <!-- micoachMigrationTest -->
      </class> <!-- MicoachMigrationTest -->
    </test> <!-- Command line test -->
  </suite> <!-- MicoachMigrationTest -->
</testng-results>
